
Node initialized, initializing dense tracker...
32 << main (camera_tracker_node.cpp)
39 << CameraBase (camera_base.cpp)
49 << getDefaultConfig (dense_tracking.cpp)
44 << Config (dense_tracking_config.cpp)
78 << NoopCameraTrajectoryVisualizer (camera_trajectory_visualizer.cpp)
56 << CameraDenseTracker (camera_dense_tracking.cpp)
120 << handleConfig (camera_dense_tracking.cpp)
Levels: 4294967295
Run dense tracking: 1
Use dense tracking estimate: 1
Tracker: 0
56 << startSynchronizedImageStream (camera_base.cpp)

TRACKER CONFIGURATIONS: 406 << str (weight_calculation.cpp)
272 << str (weight_calculation.cpp)

First Level = 3
Last Level = 1
Max Iterations per Level = 50
Precision = 0.0001
Mu = 0
Use Initial Estimate = true
Use Weighting = false
Scale Estimator = TDistribution
Scale Estimator Param = 5
Influence Function = TDistribution
Influence Function Param = 5
Intensity Derivative Threshold = 0
Depth Derivative Threshold = 0
104 << reset (camera_trajectory_visualizer.cpp)
83 << ~NoopCameraTrajectoryVisualizer (camera_trajectory_visualizer.cpp)
42 << PointCloudAggregatorImpl (point_cloud_aggregator.cpp)
62 << PointCloudAggregator (point_cloud_aggregator.cpp)
438 << RosCameraTrajectoryVisualizerImpl (ros_camera_trajectory_visualizer.cpp)
517 << RosCameraTrajectoryVisualizer (ros_camera_trajectory_visualizer.cpp)

TRANSFORM: camera_link -> camera_rgb_optical_frame
2.22045e-16 2.22045e-16           1           0
         -1           0 2.22045e-16      -0.045
          0          -1 2.22045e-16           0
          0           0           0           1


Dense tracker initialized, starting multi-threaded spinner
214 << handleImages (camera_dense_tracking.cpp)
91 << hasChanged (camera_dense_tracking.cpp)
[33m[ WARN] [1524597116.143428203]: RGB image size has changed, resetting tracker![0m
98 << reset (camera_dense_tracking.cpp)
282 << RgbdCameraPyramid (rgbd_image.cpp)
65 << IntrinsicMatrix (intrinsic_matrix.cpp)
	loop over fx, fy, ox, oy...
193 << RgbdCamera (rgbd_image.cpp)
49 << getNumLevels (dense_tracking_config.cpp)
303 << build (rgbd_image.cpp)
227 << intrinsics (rgbd_image.cpp)
65 << IntrinsicMatrix (intrinsic_matrix.cpp)
	loop over fx, fy, ox, oy...
107 << scale (intrinsic_matrix.cpp)
221 << height (rgbd_image.cpp)
215 << width (rgbd_image.cpp)
65 << IntrinsicMatrix (intrinsic_matrix.cpp)
	loop over fx, fy, ox, oy...
193 << RgbdCamera (rgbd_image.cpp)
227 << intrinsics (rgbd_image.cpp)
65 << IntrinsicMatrix (intrinsic_matrix.cpp)
	loop over fx, fy, ox, oy...
107 << scale (intrinsic_matrix.cpp)
221 << height (rgbd_image.cpp)
215 << width (rgbd_image.cpp)
65 << IntrinsicMatrix (intrinsic_matrix.cpp)
	loop over fx, fy, ox, oy...
193 << RgbdCamera (rgbd_image.cpp)
227 << intrinsics (rgbd_image.cpp)
65 << IntrinsicMatrix (intrinsic_matrix.cpp)
	loop over fx, fy, ox, oy...
107 << scale (intrinsic_matrix.cpp)
221 << height (rgbd_image.cpp)
215 << width (rgbd_image.cpp)
65 << IntrinsicMatrix (intrinsic_matrix.cpp)
	loop over fx, fy, ox, oy...
193 << RgbdCamera (rgbd_image.cpp)
44 << Config (dense_tracking_config.cpp)
70 << IterationContext (dense_tracking_config.cpp)
460 << WeightCalculation (weight_calculation.cpp)
scale set to: 1
34 << PointSelection (point_selection.cpp)
63 << DenseTracker (dense_tracking.cpp)
79 << configure (dense_tracking.cpp)
61 << IsSane (dense_tracking_config.cpp)
is sane: 1
428 << get (weight_calculation.cpp)
356 << TDistributionInfluenceFunction (weight_calculation.cpp)
369 << configure (weight_calculation.cpp)
normalizer: 0.833333
325 << TukeyInfluenceFunction (weight_calculation.cpp)
348 << configure (weight_calculation.cpp)
379 << HuberInfluenceFunction (weight_calculation.cpp)
400 << configure (weight_calculation.cpp)
Unit
293 << get (weight_calculation.cpp)
41 << TDistributionScaleEstimator (weight_calculation.cpp)
47 << configure (weight_calculation.cpp)
dof: 5
182 << OptimizedTDistributionScaleEstimator (weight_calculation.cpp)
228 << MADScaleEstimator (weight_calculation.cpp)
256 << NormalDistributionScaleEstimator (weight_calculation.cpp)
Unit
540 << reset (ros_camera_trajectory_visualizer.cpp)
478 << reset (ros_camera_trajectory_visualizer.cpp)
295 << create (rgbd_image.cpp)

Number of cameras: 1
143 << RgbdImagePyramid (rgbd_image.cpp)
317 << level (rgbd_image.cpp)
303 << build (rgbd_image.cpp)
233 << create (rgbd_image.cpp)
336 << RgbdImage (rgbd_image.cpp)
251 << hasSameSize (rgbd_image.cpp)
352 << initialize (rgbd_image.cpp)
378 << hasIntensity (rgbd_image.cpp)
378 << hasIntensity (rgbd_image.cpp)
392 << hasDepth (rgbd_image.cpp)
378 << hasIntensity (rgbd_image.cpp)
392 << hasDepth (rgbd_image.cpp)
399 << hasSameImageSize (rgbd_image.cpp)
528 << camera (ros_camera_trajectory_visualizer.cpp)
451 << camera (ros_camera_trajectory_visualizer.cpp)
59 << RosCameraVisualizer (ros_camera_trajectory_visualizer.cpp)
199 << createInteractiveCameraMarker (ros_camera_trajectory_visualizer.cpp)
213 << createCameraMarker (ros_camera_trajectory_visualizer.cpp)
177 << level (rgbd_image.cpp)
98 << update (ros_camera_trajectory_visualizer.cpp)
351 << updateMarkerColor (ros_camera_trajectory_visualizer.cpp)
66 << BuildJob (async_point_cloud_builder.cpp)
74 << show (ros_camera_trajectory_visualizer.cpp)
171 << updateVisualization (ros_camera_trajectory_visualizer.cpp)
79 << add (point_cloud_aggregator.cpp)
214 << handleImages (camera_dense_tracking.cpp)
91 << hasChanged (camera_dense_tracking.cpp)
295 << create (rgbd_image.cpp)

Number of cameras: 2
143 << RgbdImagePyramid (rgbd_image.cpp)
317 << level (rgbd_image.cpp)
303 << build (rgbd_image.cpp)
233 << create (rgbd_image.cpp)
336 << RgbdImage (rgbd_image.cpp)
251 << hasSameSize (rgbd_image.cpp)
352 << initialize (rgbd_image.cpp)
378 << hasIntensity (rgbd_image.cpp)
378 << hasIntensity (rgbd_image.cpp)
392 << hasDepth (rgbd_image.cpp)
378 << hasIntensity (rgbd_image.cpp)
392 << hasDepth (rgbd_image.cpp)
399 << hasSameImageSize (rgbd_image.cpp)
105 << match (dense_tracking.cpp)
120 << Result (dense_tracking_config.cpp)
131 << match (dense_tracking.cpp)
49 << getNumLevels (dense_tracking_config.cpp)
154 << compute (rgbd_image.cpp)
160 << build (rgbd_image.cpp)
317 << level (rgbd_image.cpp)
303 << build (rgbd_image.cpp)
245 << create (rgbd_image.cpp)
336 << RgbdImage (rgbd_image.cpp)
41 << pyrDownMeanSmooth (rgbd_image.cpp)
127 << pyrDownSubsample (rgbd_image.cpp)
352 << initialize (rgbd_image.cpp)
378 << hasIntensity (rgbd_image.cpp)
378 << hasIntensity (rgbd_image.cpp)
392 << hasDepth (rgbd_image.cpp)
378 << hasIntensity (rgbd_image.cpp)
392 << hasDepth (rgbd_image.cpp)
399 << hasSameImageSize (rgbd_image.cpp)
317 << level (rgbd_image.cpp)
303 << build (rgbd_image.cpp)
245 << create (rgbd_image.cpp)
336 << RgbdImage (rgbd_image.cpp)
41 << pyrDownMeanSmooth (rgbd_image.cpp)
127 << pyrDownSubsample (rgbd_image.cpp)
352 << initialize (rgbd_image.cpp)
378 << hasIntensity (rgbd_image.cpp)
378 << hasIntensity (rgbd_image.cpp)
392 << hasDepth (rgbd_image.cpp)
378 << hasIntensity (rgbd_image.cpp)
392 << hasDepth (rgbd_image.cpp)
399 << hasSameImageSize (rgbd_image.cpp)
317 << level (rgbd_image.cpp)
303 << build (rgbd_image.cpp)
245 << create (rgbd_image.cpp)
336 << RgbdImage (rgbd_image.cpp)
41 << pyrDownMeanSmooth (rgbd_image.cpp)
127 << pyrDownSubsample (rgbd_image.cpp)
352 << initialize (rgbd_image.cpp)
378 << hasIntensity (rgbd_image.cpp)
378 << hasIntensity (rgbd_image.cpp)
392 << hasDepth (rgbd_image.cpp)
378 << hasIntensity (rgbd_image.cpp)
392 << hasDepth (rgbd_image.cpp)
399 << hasSameImageSize (rgbd_image.cpp)
57 << setRgbdImagePyramid (point_selection.cpp)
139 << match (dense_tracking.cpp)
49 << getNumLevels (dense_tracking_config.cpp)
154 << compute (rgbd_image.cpp)
160 << build (rgbd_image.cpp)
317 << level (rgbd_image.cpp)
303 << build (rgbd_image.cpp)
245 << create (rgbd_image.cpp)
336 << RgbdImage (rgbd_image.cpp)
41 << pyrDownMeanSmooth (rgbd_image.cpp)
127 << pyrDownSubsample (rgbd_image.cpp)
352 << initialize (rgbd_image.cpp)
378 << hasIntensity (rgbd_image.cpp)
378 << hasIntensity (rgbd_image.cpp)
392 << hasDepth (rgbd_image.cpp)
378 << hasIntensity (rgbd_image.cpp)
392 << hasDepth (rgbd_image.cpp)
399 << hasSameImageSize (rgbd_image.cpp)
317 << level (rgbd_image.cpp)
303 << build (rgbd_image.cpp)
245 << create (rgbd_image.cpp)
336 << RgbdImage (rgbd_image.cpp)
41 << pyrDownMeanSmooth (rgbd_image.cpp)
127 << pyrDownSubsample (rgbd_image.cpp)
352 << initialize (rgbd_image.cpp)
378 << hasIntensity (rgbd_image.cpp)
378 << hasIntensity (rgbd_image.cpp)
392 << hasDepth (rgbd_image.cpp)
378 << hasIntensity (rgbd_image.cpp)
392 << hasDepth (rgbd_image.cpp)
399 << hasSameImageSize (rgbd_image.cpp)
317 << level (rgbd_image.cpp)
303 << build (rgbd_image.cpp)
245 << create (rgbd_image.cpp)
336 << RgbdImage (rgbd_image.cpp)
41 << pyrDownMeanSmooth (rgbd_image.cpp)
127 << pyrDownSubsample (rgbd_image.cpp)
352 << initialize (rgbd_image.cpp)
378 << hasIntensity (rgbd_image.cpp)
378 << hasIntensity (rgbd_image.cpp)
392 << hasDepth (rgbd_image.cpp)
378 << hasIntensity (rgbd_image.cpp)
392 << hasDepth (rgbd_image.cpp)
399 << hasSameImageSize (rgbd_image.cpp)
129 << setIdentity (dense_tracking_config.cpp)
76 << getMaximumNumberOfPoints (point_selection.cpp)
177 << level (rgbd_image.cpp)
76 << getMaximumNumberOfPoints (point_selection.cpp)
177 << level (rgbd_image.cpp)
76 << getMaximumNumberOfPoints (point_selection.cpp)
177 << level (rgbd_image.cpp)
76 << getMaximumNumberOfPoints (point_selection.cpp)
177 << level (rgbd_image.cpp)
76 << getMaximumNumberOfPoints (point_selection.cpp)
177 << level (rgbd_image.cpp)
76 << getMaximumNumberOfPoints (point_selection.cpp)
177 << level (rgbd_image.cpp)
177 << level (rgbd_image.cpp)
346 << camera (rgbd_image.cpp)
227 << intrinsics (rgbd_image.cpp)
99 << select (point_selection.cpp)
154 << compute (rgbd_image.cpp)
160 << build (rgbd_image.cpp)
166 << Storage (point_selection.cpp)
177 << level (rgbd_image.cpp)
515 << buildPointCloud (rgbd_image.cpp)
392 << hasDepth (rgbd_image.cpp)
258 << buildPointCloud (rgbd_image.cpp)
251 << hasSameSize (rgbd_image.cpp)
552 << buildAccelerationStructure (rgbd_image.cpp)
407 << calculateDerivatives (rgbd_image.cpp)
414 << calculateIntensityDerivatives (rgbd_image.cpp)
378 << hasIntensity (rgbd_image.cpp)
444 << calculateDerivativeX (rgbd_image.cpp)
248 << calculateDerivativeYSseFloat (rgbd_image_sse.cpp)
433 << calculateDepthDerivatives (rgbd_image.cpp)
392 << hasDepth (rgbd_image.cpp)
444 << calculateDerivativeX (rgbd_image.cpp)
483 << calculateDerivativeY (rgbd_image.cpp)
171 << allocate (point_selection.cpp)
127 << selectPointsFromImage (point_selection.cpp)
552 << buildAccelerationStructure (rgbd_image.cpp)
407 << calculateDerivatives (rgbd_image.cpp)
414 << calculateIntensityDerivatives (rgbd_image.cpp)
378 << hasIntensity (rgbd_image.cpp)
444 << calculateDerivativeX (rgbd_image.cpp)
248 << calculateDerivativeYSseFloat (rgbd_image_sse.cpp)
433 << calculateDepthDerivatives (rgbd_image.cpp)
392 << hasDepth (rgbd_image.cpp)
444 << calculateDerivativeX (rgbd_image.cpp)
483 << calculateDerivativeY (rgbd_image.cpp)
76 << getMaximumNumberOfPoints (point_selection.cpp)
177 << level (rgbd_image.cpp)
49 << OptimizedSelfAdjointMatrix6x6f (math_sse.cpp)
402 << computeResidualsSse (dense_tracking_impl.cpp)
138 << computeResidualsSse (dense_tracking_impl.cpp)
	looping over all points (depthStdDevZ)
81 << IsFirstIterationOnLevel (dense_tracking_config.cpp)
607 << computeScaleSse (dense_tracking_impl.cpp)
415 << computeCompleteDataLogLikelihood (dense_tracking_impl.cpp)
37 << initialize (least_squares.cpp)
54 << setZero (math_sse.cpp)
	Jacobian rank update loop...
80 << finish (least_squares.cpp)
199 << toEigen (math_sse.cpp)
105 << IterationsExceeded (dense_tracking_config.cpp)
402 << computeResidualsSse (dense_tracking_impl.cpp)
138 << computeResidualsSse (dense_tracking_impl.cpp)
	looping over all points (depthStdDevZ)
81 << IsFirstIterationOnLevel (dense_tracking_config.cpp)
677 << computeWeightsSse (dense_tracking_impl.cpp)
658 << computeWeight (dense_tracking_impl.cpp)
658 << computeWeight (dense_tracking_impl.cpp)
658 << computeWeight (dense_tracking_impl.cpp)
607 << computeScaleSse (dense_tracking_impl.cpp)
581 << computeScalePart (dense_tracking_impl.cpp)
415 << computeCompleteDataLogLikelihood (dense_tracking_impl.cpp)
37 << initialize (least_squares.cpp)
54 << setZero (math_sse.cpp)
	Jacobian rank update loop...
80 << finish (least_squares.cpp)
199 << toEigen (math_sse.cpp)
	Termination Criteria: Increment Too Small
105 << IterationsExceeded (dense_tracking_config.cpp)
177 << level (rgbd_image.cpp)
346 << camera (rgbd_image.cpp)
227 << intrinsics (rgbd_image.cpp)
99 << select (point_selection.cpp)
154 << compute (rgbd_image.cpp)
160 << build (rgbd_image.cpp)
177 << level (rgbd_image.cpp)
515 << buildPointCloud (rgbd_image.cpp)
392 << hasDepth (rgbd_image.cpp)
258 << buildPointCloud (rgbd_image.cpp)
251 << hasSameSize (rgbd_image.cpp)
552 << buildAccelerationStructure (rgbd_image.cpp)
407 << calculateDerivatives (rgbd_image.cpp)
414 << calculateIntensityDerivatives (rgbd_image.cpp)
378 << hasIntensity (rgbd_image.cpp)
444 << calculateDerivativeX (rgbd_image.cpp)
248 << calculateDerivativeYSseFloat (rgbd_image_sse.cpp)
433 << calculateDepthDerivatives (rgbd_image.cpp)
392 << hasDepth (rgbd_image.cpp)
444 << calculateDerivativeX (rgbd_image.cpp)
483 << calculateDerivativeY (rgbd_image.cpp)
171 << allocate (point_selection.cpp)
127 << selectPointsFromImage (point_selection.cpp)
552 << buildAccelerationStructure (rgbd_image.cpp)
407 << calculateDerivatives (rgbd_image.cpp)
414 << calculateIntensityDerivatives (rgbd_image.cpp)
378 << hasIntensity (rgbd_image.cpp)
444 << calculateDerivativeX (rgbd_image.cpp)
248 << calculateDerivativeYSseFloat (rgbd_image_sse.cpp)
433 << calculateDepthDerivatives (rgbd_image.cpp)
392 << hasDepth (rgbd_image.cpp)
444 << calculateDerivativeX (rgbd_image.cpp)
483 << calculateDerivativeY (rgbd_image.cpp)
76 << getMaximumNumberOfPoints (point_selection.cpp)
177 << level (rgbd_image.cpp)
49 << OptimizedSelfAdjointMatrix6x6f (math_sse.cpp)
402 << computeResidualsSse (dense_tracking_impl.cpp)
138 << computeResidualsSse (dense_tracking_impl.cpp)
	looping over all points (depthStdDevZ)
81 << IsFirstIterationOnLevel (dense_tracking_config.cpp)
607 << computeScaleSse (dense_tracking_impl.cpp)
415 << computeCompleteDataLogLikelihood (dense_tracking_impl.cpp)
37 << initialize (least_squares.cpp)
54 << setZero (math_sse.cpp)
	Jacobian rank update loop...
80 << finish (least_squares.cpp)
199 << toEigen (math_sse.cpp)
105 << IterationsExceeded (dense_tracking_config.cpp)
402 << computeResidualsSse (dense_tracking_impl.cpp)
138 << computeResidualsSse (dense_tracking_impl.cpp)
	looping over all points (depthStdDevZ)
81 << IsFirstIterationOnLevel (dense_tracking_config.cpp)
677 << computeWeightsSse (dense_tracking_impl.cpp)
658 << computeWeight (dense_tracking_impl.cpp)
658 << computeWeight (dense_tracking_impl.cpp)
658 << computeWeight (dense_tracking_impl.cpp)
607 << computeScaleSse (dense_tracking_impl.cpp)
581 << computeScalePart (dense_tracking_impl.cpp)
415 << computeCompleteDataLogLikelihood (dense_tracking_impl.cpp)
37 << initialize (least_squares.cpp)
54 << setZero (math_sse.cpp)
	Jacobian rank update loop...
80 << finish (least_squares.cpp)
199 << toEigen (math_sse.cpp)
	Termination Criteria: Increment Too Small
105 << IterationsExceeded (dense_tracking_config.cpp)
177 << level (rgbd_image.cpp)
346 << camera (rgbd_image.cpp)
227 << intrinsics (rgbd_image.cpp)
99 << select (point_selection.cpp)
154 << compute (rgbd_image.cpp)
160 << build (rgbd_image.cpp)
177 << level (rgbd_image.cpp)
515 << buildPointCloud (rgbd_image.cpp)
392 << hasDepth (rgbd_image.cpp)
258 << buildPointCloud (rgbd_image.cpp)
251 << hasSameSize (rgbd_image.cpp)
552 << buildAccelerationStructure (rgbd_image.cpp)
407 << calculateDerivatives (rgbd_image.cpp)
414 << calculateIntensityDerivatives (rgbd_image.cpp)
378 << hasIntensity (rgbd_image.cpp)
444 << calculateDerivativeX (rgbd_image.cpp)
248 << calculateDerivativeYSseFloat (rgbd_image_sse.cpp)
433 << calculateDepthDerivatives (rgbd_image.cpp)
392 << hasDepth (rgbd_image.cpp)
444 << calculateDerivativeX (rgbd_image.cpp)
483 << calculateDerivativeY (rgbd_image.cpp)
171 << allocate (point_selection.cpp)
127 << selectPointsFromImage (point_selection.cpp)
552 << buildAccelerationStructure (rgbd_image.cpp)
407 << calculateDerivatives (rgbd_image.cpp)
414 << calculateIntensityDerivatives (rgbd_image.cpp)
378 << hasIntensity (rgbd_image.cpp)
444 << calculateDerivativeX (rgbd_image.cpp)
248 << calculateDerivativeYSseFloat (rgbd_image_sse.cpp)
433 << calculateDepthDerivatives (rgbd_image.cpp)
392 << hasDepth (rgbd_image.cpp)
444 << calculateDerivativeX (rgbd_image.cpp)
483 << calculateDerivativeY (rgbd_image.cpp)
76 << getMaximumNumberOfPoints (point_selection.cpp)
177 << level (rgbd_image.cpp)
49 << OptimizedSelfAdjointMatrix6x6f (math_sse.cpp)
402 << computeResidualsSse (dense_tracking_impl.cpp)
138 << computeResidualsSse (dense_tracking_impl.cpp)
	looping over all points (depthStdDevZ)
81 << IsFirstIterationOnLevel (dense_tracking_config.cpp)
607 << computeScaleSse (dense_tracking_impl.cpp)
415 << computeCompleteDataLogLikelihood (dense_tracking_impl.cpp)
37 << initialize (least_squares.cpp)
54 << setZero (math_sse.cpp)
	Jacobian rank update loop...
80 << finish (least_squares.cpp)
199 << toEigen (math_sse.cpp)
105 << IterationsExceeded (dense_tracking_config.cpp)
402 << computeResidualsSse (dense_tracking_impl.cpp)
138 << computeResidualsSse (dense_tracking_impl.cpp)
	looping over all points (depthStdDevZ)
81 << IsFirstIterationOnLevel (dense_tracking_config.cpp)
677 << computeWeightsSse (dense_tracking_impl.cpp)
658 << computeWeight (dense_tracking_impl.cpp)
658 << computeWeight (dense_tracking_impl.cpp)
607 << computeScaleSse (dense_tracking_impl.cpp)
415 << computeCompleteDataLogLikelihood (dense_tracking_impl.cpp)
37 << initialize (least_squares.cpp)
54 << setZero (math_sse.cpp)
	Jacobian rank update loop...
80 << finish (least_squares.cpp)
199 << toEigen (math_sse.cpp)
	Termination Criteria: Increment Too Small
105 << IterationsExceeded (dense_tracking_config.cpp)

Match Transformation: 
           1 -7.73378e-05 -0.000168894  0.000151051
 7.73351e-05            1 -1.63019e-05  4.22866e-05
 0.000168895  1.62888e-05            1 -0.000122191
           0            0            0            1
534 << trajectory (ros_camera_trajectory_visualizer.cpp)
464 << trajectory (ros_camera_trajectory_visualizer.cpp)
369 << RosTrajectoryVisualizer (ros_camera_trajectory_visualizer.cpp)
403 << createTrajectoryMarker (ros_camera_trajectory_visualizer.cpp)
382 << add (ros_camera_trajectory_visualizer.cpp)
420 << updateMarkerColor (ros_camera_trajectory_visualizer.cpp)
Trajectory Visualizer :: updating marker color...
528 << camera (ros_camera_trajectory_visualizer.cpp)
451 << camera (ros_camera_trajectory_visualizer.cpp)
59 << RosCameraVisualizer (ros_camera_trajectory_visualizer.cpp)
199 << createInteractiveCameraMarker (ros_camera_trajectory_visualizer.cpp)
213 << createCameraMarker (ros_camera_trajectory_visualizer.cpp)
177 << level (rgbd_image.cpp)
98 << update (ros_camera_trajectory_visualizer.cpp)
351 << updateMarkerColor (ros_camera_trajectory_visualizer.cpp)
66 << BuildJob (async_point_cloud_builder.cpp)
74 << show (ros_camera_trajectory_visualizer.cpp)
171 << updateVisualization (ros_camera_trajectory_visualizer.cpp)
79 << add (point_cloud_aggregator.cpp)
325 << publishTransform (camera_dense_tracking.cpp)
340 << publishPose (camera_dense_tracking.cpp)
214 << handleImages (camera_dense_tracking.cpp)
91 << hasChanged (camera_dense_tracking.cpp)
295 << create (rgbd_image.cpp)

Number of cameras: 3
143 << RgbdImagePyramid (rgbd_image.cpp)
317 << level (rgbd_image.cpp)
303 << build (rgbd_image.cpp)
233 << create (rgbd_image.cpp)
336 << RgbdImage (rgbd_image.cpp)
251 << hasSameSize (rgbd_image.cpp)
352 << initialize (rgbd_image.cpp)
378 << hasIntensity (rgbd_image.cpp)
378 << hasIntensity (rgbd_image.cpp)
392 << hasDepth (rgbd_image.cpp)
378 << hasIntensity (rgbd_image.cpp)
392 << hasDepth (rgbd_image.cpp)
399 << hasSameImageSize (rgbd_image.cpp)
149 << ~RgbdImagePyramid (rgbd_image.cpp)
341 << ~RgbdImage (rgbd_image.cpp)
341 << ~RgbdImage (rgbd_image.cpp)
341 << ~RgbdImage (rgbd_image.cpp)
341 << ~RgbdImage (rgbd_image.cpp)
105 << match (dense_tracking.cpp)
120 << Result (dense_tracking_config.cpp)
131 << match (dense_tracking.cpp)
49 << getNumLevels (dense_tracking_config.cpp)
154 << compute (rgbd_image.cpp)
160 << build (rgbd_image.cpp)
57 << setRgbdImagePyramid (point_selection.cpp)
139 << match (dense_tracking.cpp)
49 << getNumLevels (dense_tracking_config.cpp)
154 << compute (rgbd_image.cpp)
160 << build (rgbd_image.cpp)
317 << level (rgbd_image.cpp)
303 << build (rgbd_image.cpp)
245 << create (rgbd_image.cpp)
336 << RgbdImage (rgbd_image.cpp)
41 << pyrDownMeanSmooth (rgbd_image.cpp)
127 << pyrDownSubsample (rgbd_image.cpp)
352 << initialize (rgbd_image.cpp)
378 << hasIntensity (rgbd_image.cpp)
378 << hasIntensity (rgbd_image.cpp)
392 << hasDepth (rgbd_image.cpp)
378 << hasIntensity (rgbd_image.cpp)
392 << hasDepth (rgbd_image.cpp)
399 << hasSameImageSize (rgbd_image.cpp)
317 << level (rgbd_image.cpp)
303 << build (rgbd_image.cpp)
245 << create (rgbd_image.cpp)
336 << RgbdImage (rgbd_image.cpp)
41 << pyrDownMeanSmooth (rgbd_image.cpp)
127 << pyrDownSubsample (rgbd_image.cpp)
352 << initialize (rgbd_image.cpp)
378 << hasIntensity (rgbd_image.cpp)
378 << hasIntensity (rgbd_image.cpp)
392 << hasDepth (rgbd_image.cpp)
378 << hasIntensity (rgbd_image.cpp)
392 << hasDepth (rgbd_image.cpp)
399 << hasSameImageSize (rgbd_image.cpp)
317 << level (rgbd_image.cpp)
303 << build (rgbd_image.cpp)
245 << create (rgbd_image.cpp)
336 << RgbdImage (rgbd_image.cpp)
41 << pyrDownMeanSmooth (rgbd_image.cpp)
127 << pyrDownSubsample (rgbd_image.cpp)
352 << initialize (rgbd_image.cpp)
378 << hasIntensity (rgbd_image.cpp)
378 << hasIntensity (rgbd_image.cpp)
392 << hasDepth (rgbd_image.cpp)
378 << hasIntensity (rgbd_image.cpp)
392 << hasDepth (rgbd_image.cpp)
399 << hasSameImageSize (rgbd_image.cpp)
129 << setIdentity (dense_tracking_config.cpp)
76 << getMaximumNumberOfPoints (point_selection.cpp)
177 << level (rgbd_image.cpp)
76 << getMaximumNumberOfPoints (point_selection.cpp)
177 << level (rgbd_image.cpp)
76 << getMaximumNumberOfPoints (point_selection.cpp)
177 << level (rgbd_image.cpp)
177 << level (rgbd_image.cpp)
346 << camera (rgbd_image.cpp)
227 << intrinsics (rgbd_image.cpp)
99 << select (point_selection.cpp)
154 << compute (rgbd_image.cpp)
160 << build (rgbd_image.cpp)
177 << level (rgbd_image.cpp)
515 << buildPointCloud (rgbd_image.cpp)
392 << hasDepth (rgbd_image.cpp)
258 << buildPointCloud (rgbd_image.cpp)
251 << hasSameSize (rgbd_image.cpp)
552 << buildAccelerationStructure (rgbd_image.cpp)
171 << allocate (point_selection.cpp)
127 << selectPointsFromImage (point_selection.cpp)
552 << buildAccelerationStructure (rgbd_image.cpp)
407 << calculateDerivatives (rgbd_image.cpp)
414 << calculateIntensityDerivatives (rgbd_image.cpp)
378 << hasIntensity (rgbd_image.cpp)
444 << calculateDerivativeX (rgbd_image.cpp)
248 << calculateDerivativeYSseFloat (rgbd_image_sse.cpp)
433 << calculateDepthDerivatives (rgbd_image.cpp)
392 << hasDepth (rgbd_image.cpp)
444 << calculateDerivativeX (rgbd_image.cpp)
483 << calculateDerivativeY (rgbd_image.cpp)
76 << getMaximumNumberOfPoints (point_selection.cpp)
177 << level (rgbd_image.cpp)
49 << OptimizedSelfAdjointMatrix6x6f (math_sse.cpp)
402 << computeResidualsSse (dense_tracking_impl.cpp)
138 << computeResidualsSse (dense_tracking_impl.cpp)
	looping over all points (depthStdDevZ)
81 << IsFirstIterationOnLevel (dense_tracking_config.cpp)
607 << computeScaleSse (dense_tracking_impl.cpp)
581 << computeScalePart (dense_tracking_impl.cpp)
415 << computeCompleteDataLogLikelihood (dense_tracking_impl.cpp)
37 << initialize (least_squares.cpp)
54 << setZero (math_sse.cpp)
	Jacobian rank update loop...
80 << finish (least_squares.cpp)
199 << toEigen (math_sse.cpp)
105 << IterationsExceeded (dense_tracking_config.cpp)
402 << computeResidualsSse (dense_tracking_impl.cpp)
138 << computeResidualsSse (dense_tracking_impl.cpp)
	looping over all points (depthStdDevZ)
81 << IsFirstIterationOnLevel (dense_tracking_config.cpp)
677 << computeWeightsSse (dense_tracking_impl.cpp)
658 << computeWeight (dense_tracking_impl.cpp)
658 << computeWeight (dense_tracking_impl.cpp)
607 << computeScaleSse (dense_tracking_impl.cpp)
415 << computeCompleteDataLogLikelihood (dense_tracking_impl.cpp)
37 << initialize (least_squares.cpp)
54 << setZero (math_sse.cpp)
	Jacobian rank update loop...
80 << finish (least_squares.cpp)
199 << toEigen (math_sse.cpp)
	Termination Criteria: Increment Too Small
105 << IterationsExceeded (dense_tracking_config.cpp)
177 << level (rgbd_image.cpp)
346 << camera (rgbd_image.cpp)
227 << intrinsics (rgbd_image.cpp)
99 << select (point_selection.cpp)
154 << compute (rgbd_image.cpp)
160 << build (rgbd_image.cpp)
177 << level (rgbd_image.cpp)
515 << buildPointCloud (rgbd_image.cpp)
392 << hasDepth (rgbd_image.cpp)
258 << buildPointCloud (rgbd_image.cpp)
251 << hasSameSize (rgbd_image.cpp)
552 << buildAccelerationStructure (rgbd_image.cpp)
171 << allocate (point_selection.cpp)
127 << selectPointsFromImage (point_selection.cpp)
552 << buildAccelerationStructure (rgbd_image.cpp)
407 << calculateDerivatives (rgbd_image.cpp)
414 << calculateIntensityDerivatives (rgbd_image.cpp)
378 << hasIntensity (rgbd_image.cpp)
444 << calculateDerivativeX (rgbd_image.cpp)
248 << calculateDerivativeYSseFloat (rgbd_image_sse.cpp)
433 << calculateDepthDerivatives (rgbd_image.cpp)
392 << hasDepth (rgbd_image.cpp)
444 << calculateDerivativeX (rgbd_image.cpp)
483 << calculateDerivativeY (rgbd_image.cpp)
76 << getMaximumNumberOfPoints (point_selection.cpp)
177 << level (rgbd_image.cpp)
49 << OptimizedSelfAdjointMatrix6x6f (math_sse.cpp)
402 << computeResidualsSse (dense_tracking_impl.cpp)
138 << computeResidualsSse (dense_tracking_impl.cpp)
	looping over all points (depthStdDevZ)
81 << IsFirstIterationOnLevel (dense_tracking_config.cpp)
607 << computeScaleSse (dense_tracking_impl.cpp)
415 << computeCompleteDataLogLikelihood (dense_tracking_impl.cpp)
37 << initialize (least_squares.cpp)
54 << setZero (math_sse.cpp)
	Jacobian rank update loop...
80 << finish (least_squares.cpp)
199 << toEigen (math_sse.cpp)
105 << IterationsExceeded (dense_tracking_config.cpp)
402 << computeResidualsSse (dense_tracking_impl.cpp)
138 << computeResidualsSse (dense_tracking_impl.cpp)
	looping over all points (depthStdDevZ)
81 << IsFirstIterationOnLevel (dense_tracking_config.cpp)
677 << computeWeightsSse (dense_tracking_impl.cpp)
658 << computeWeight (dense_tracking_impl.cpp)
607 << computeScaleSse (dense_tracking_impl.cpp)
581 << computeScalePart (dense_tracking_impl.cpp)
415 << computeCompleteDataLogLikelihood (dense_tracking_impl.cpp)
	Termination Criteria: LogLikelihood Decreased
105 << IterationsExceeded (dense_tracking_config.cpp)
177 << level (rgbd_image.cpp)
346 << camera (rgbd_image.cpp)
227 << intrinsics (rgbd_image.cpp)
99 << select (point_selection.cpp)
154 << compute (rgbd_image.cpp)
160 << build (rgbd_image.cpp)
177 << level (rgbd_image.cpp)
515 << buildPointCloud (rgbd_image.cpp)
392 << hasDepth (rgbd_image.cpp)
258 << buildPointCloud (rgbd_image.cpp)
251 << hasSameSize (rgbd_image.cpp)
552 << buildAccelerationStructure (rgbd_image.cpp)
171 << allocate (point_selection.cpp)
127 << selectPointsFromImage (point_selection.cpp)
552 << buildAccelerationStructure (rgbd_image.cpp)
407 << calculateDerivatives (rgbd_image.cpp)
414 << calculateIntensityDerivatives (rgbd_image.cpp)
378 << hasIntensity (rgbd_image.cpp)
444 << calculateDerivativeX (rgbd_image.cpp)
248 << calculateDerivativeYSseFloat (rgbd_image_sse.cpp)
433 << calculateDepthDerivatives (rgbd_image.cpp)
392 << hasDepth (rgbd_image.cpp)
444 << calculateDerivativeX (rgbd_image.cpp)
483 << calculateDerivativeY (rgbd_image.cpp)
76 << getMaximumNumberOfPoints (point_selection.cpp)
177 << level (rgbd_image.cpp)
49 << OptimizedSelfAdjointMatrix6x6f (math_sse.cpp)
402 << computeResidualsSse (dense_tracking_impl.cpp)
138 << computeResidualsSse (dense_tracking_impl.cpp)
	looping over all points (depthStdDevZ)
81 << IsFirstIterationOnLevel (dense_tracking_config.cpp)
607 << computeScaleSse (dense_tracking_impl.cpp)
581 << computeScalePart (dense_tracking_impl.cpp)
415 << computeCompleteDataLogLikelihood (dense_tracking_impl.cpp)
37 << initialize (least_squares.cpp)
54 << setZero (math_sse.cpp)
	Jacobian rank update loop...
80 << finish (least_squares.cpp)
199 << toEigen (math_sse.cpp)
105 << IterationsExceeded (dense_tracking_config.cpp)
402 << computeResidualsSse (dense_tracking_impl.cpp)
138 << computeResidualsSse (dense_tracking_impl.cpp)
	looping over all points (depthStdDevZ)
81 << IsFirstIterationOnLevel (dense_tracking_config.cpp)
677 << computeWeightsSse (dense_tracking_impl.cpp)
658 << computeWeight (dense_tracking_impl.cpp)
658 << computeWeight (dense_tracking_impl.cpp)
607 << computeScaleSse (dense_tracking_impl.cpp)
415 << computeCompleteDataLogLikelihood (dense_tracking_impl.cpp)
37 << initialize (least_squares.cpp)
54 << setZero (math_sse.cpp)
	Jacobian rank update loop...
80 << finish (least_squares.cpp)
199 << toEigen (math_sse.cpp)
	Termination Criteria: Increment Too Small
105 << IterationsExceeded (dense_tracking_config.cpp)

Match Transformation: 
           1 -0.000103398 -0.000152941  0.000140107
  0.00010341            1  7.53351e-05 -0.000101776
 0.000152933 -7.53509e-05            1  -7.7112e-05
           0            0            0            1
534 << trajectory (ros_camera_trajectory_visualizer.cpp)
464 << trajectory (ros_camera_trajectory_visualizer.cpp)
382 << add (ros_camera_trajectory_visualizer.cpp)
420 << updateMarkerColor (ros_camera_trajectory_visualizer.cpp)
Trajectory Visualizer :: updating marker color...
528 << camera (ros_camera_trajectory_visualizer.cpp)
451 << camera (ros_camera_trajectory_visualizer.cpp)
177 << level (rgbd_image.cpp)
98 << update (ros_camera_trajectory_visualizer.cpp)
190 << hasColorChanged (ros_camera_trajectory_visualizer.cpp)
66 << BuildJob (async_point_cloud_builder.cpp)
74 << show (ros_camera_trajectory_visualizer.cpp)
171 << updateVisualization (ros_camera_trajectory_visualizer.cpp)
79 << add (point_cloud_aggregator.cpp)
341 << ~RgbdImage (rgbd_image.cpp)
325 << publishTransform (camera_dense_tracking.cpp)
340 << publishPose (camera_dense_tracking.cpp)
214 << handleImages (camera_dense_tracking.cpp)
91 << hasChanged (camera_dense_tracking.cpp)
295 << create (rgbd_image.cpp)

Number of cameras: 4
143 << RgbdImagePyramid (rgbd_image.cpp)
317 << level (rgbd_image.cpp)
303 << build (rgbd_image.cpp)
233 << create (rgbd_image.cpp)
336 << RgbdImage (rgbd_image.cpp)
251 << hasSameSize (rgbd_image.cpp)
352 << initialize (rgbd_image.cpp)
378 << hasIntensity (rgbd_image.cpp)
378 << hasIntensity (rgbd_image.cpp)
392 << hasDepth (rgbd_image.cpp)
378 << hasIntensity (rgbd_image.cpp)
392 << hasDepth (rgbd_image.cpp)
399 << hasSameImageSize (rgbd_image.cpp)
149 << ~RgbdImagePyramid (rgbd_image.cpp)
341 << ~RgbdImage (rgbd_image.cpp)
341 << ~RgbdImage (rgbd_image.cpp)
341 << ~RgbdImage (rgbd_image.cpp)
341 << ~RgbdImage (rgbd_image.cpp)
105 << match (dense_tracking.cpp)
120 << Result (dense_tracking_config.cpp)
131 << match (dense_tracking.cpp)
49 << getNumLevels (dense_tracking_config.cpp)
154 << compute (rgbd_image.cpp)
160 << build (rgbd_image.cpp)
57 << setRgbdImagePyramid (point_selection.cpp)
139 << match (dense_tracking.cpp)
49 << getNumLevels (dense_tracking_config.cpp)
154 << compute (rgbd_image.cpp)
160 << build (rgbd_image.cpp)
317 << level (rgbd_image.cpp)
303 << build (rgbd_image.cpp)
245 << create (rgbd_image.cpp)
336 << RgbdImage (rgbd_image.cpp)
41 << pyrDownMeanSmooth (rgbd_image.cpp)
127 << pyrDownSubsample (rgbd_image.cpp)
352 << initialize (rgbd_image.cpp)
378 << hasIntensity (rgbd_image.cpp)
378 << hasIntensity (rgbd_image.cpp)
392 << hasDepth (rgbd_image.cpp)
378 << hasIntensity (rgbd_image.cpp)
392 << hasDepth (rgbd_image.cpp)
399 << hasSameImageSize (rgbd_image.cpp)
317 << level (rgbd_image.cpp)
303 << build (rgbd_image.cpp)
245 << create (rgbd_image.cpp)
336 << RgbdImage (rgbd_image.cpp)
41 << pyrDownMeanSmooth (rgbd_image.cpp)
127 << pyrDownSubsample (rgbd_image.cpp)
352 << initialize (rgbd_image.cpp)
378 << hasIntensity (rgbd_image.cpp)
378 << hasIntensity (rgbd_image.cpp)
392 << hasDepth (rgbd_image.cpp)
378 << hasIntensity (rgbd_image.cpp)
392 << hasDepth (rgbd_image.cpp)
399 << hasSameImageSize (rgbd_image.cpp)
317 << level (rgbd_image.cpp)
303 << build (rgbd_image.cpp)
245 << create (rgbd_image.cpp)
336 << RgbdImage (rgbd_image.cpp)
41 << pyrDownMeanSmooth (rgbd_image.cpp)
127 << pyrDownSubsample (rgbd_image.cpp)
352 << initialize (rgbd_image.cpp)
378 << hasIntensity (rgbd_image.cpp)
378 << hasIntensity (rgbd_image.cpp)
392 << hasDepth (rgbd_image.cpp)
378 << hasIntensity (rgbd_image.cpp)
392 << hasDepth (rgbd_image.cpp)
399 << hasSameImageSize (rgbd_image.cpp)
129 << setIdentity (dense_tracking_config.cpp)
76 << getMaximumNumberOfPoints (point_selection.cpp)
177 << level (rgbd_image.cpp)
76 << getMaximumNumberOfPoints (point_selection.cpp)
177 << level (rgbd_image.cpp)
76 << getMaximumNumberOfPoints (point_selection.cpp)
177 << level (rgbd_image.cpp)
177 << level (rgbd_image.cpp)
346 << camera (rgbd_image.cpp)
227 << intrinsics (rgbd_image.cpp)
99 << select (point_selection.cpp)
154 << compute (rgbd_image.cpp)
160 << build (rgbd_image.cpp)
177 << level (rgbd_image.cpp)
515 << buildPointCloud (rgbd_image.cpp)
392 << hasDepth (rgbd_image.cpp)
258 << buildPointCloud (rgbd_image.cpp)
251 << hasSameSize (rgbd_image.cpp)
552 << buildAccelerationStructure (rgbd_image.cpp)
171 << allocate (point_selection.cpp)
127 << selectPointsFromImage (point_selection.cpp)
552 << buildAccelerationStructure (rgbd_image.cpp)
407 << calculateDerivatives (rgbd_image.cpp)
414 << calculateIntensityDerivatives (rgbd_image.cpp)
378 << hasIntensity (rgbd_image.cpp)
444 << calculateDerivativeX (rgbd_image.cpp)
248 << calculateDerivativeYSseFloat (rgbd_image_sse.cpp)
433 << calculateDepthDerivatives (rgbd_image.cpp)
392 << hasDepth (rgbd_image.cpp)
444 << calculateDerivativeX (rgbd_image.cpp)
483 << calculateDerivativeY (rgbd_image.cpp)
76 << getMaximumNumberOfPoints (point_selection.cpp)
177 << level (rgbd_image.cpp)
49 << OptimizedSelfAdjointMatrix6x6f (math_sse.cpp)
402 << computeResidualsSse (dense_tracking_impl.cpp)
138 << computeResidualsSse (dense_tracking_impl.cpp)
	looping over all points (depthStdDevZ)
81 << IsFirstIterationOnLevel (dense_tracking_config.cpp)
607 << computeScaleSse (dense_tracking_impl.cpp)
581 << computeScalePart (dense_tracking_impl.cpp)
415 << computeCompleteDataLogLikelihood (dense_tracking_impl.cpp)
37 << initialize (least_squares.cpp)
54 << setZero (math_sse.cpp)
	Jacobian rank update loop...
80 << finish (least_squares.cpp)
199 << toEigen (math_sse.cpp)
105 << IterationsExceeded (dense_tracking_config.cpp)
402 << computeResidualsSse (dense_tracking_impl.cpp)
138 << computeResidualsSse (dense_tracking_impl.cpp)
	looping over all points (depthStdDevZ)
81 << IsFirstIterationOnLevel (dense_tracking_config.cpp)
677 << computeWeightsSse (dense_tracking_impl.cpp)
607 << computeScaleSse (dense_tracking_impl.cpp)
415 << computeCompleteDataLogLikelihood (dense_tracking_impl.cpp)
37 << initialize (least_squares.cpp)
54 << setZero (math_sse.cpp)
	Jacobian rank update loop...
80 << finish (least_squares.cpp)
199 << toEigen (math_sse.cpp)
	Termination Criteria: Increment Too Small
105 << IterationsExceeded (dense_tracking_config.cpp)
177 << level (rgbd_image.cpp)
346 << camera (rgbd_image.cpp)
227 << intrinsics (rgbd_image.cpp)
99 << select (point_selection.cpp)
154 << compute (rgbd_image.cpp)
160 << build (rgbd_image.cpp)
177 << level (rgbd_image.cpp)
515 << buildPointCloud (rgbd_image.cpp)
392 << hasDepth (rgbd_image.cpp)
258 << buildPointCloud (rgbd_image.cpp)
251 << hasSameSize (rgbd_image.cpp)
552 << buildAccelerationStructure (rgbd_image.cpp)
171 << allocate (point_selection.cpp)
127 << selectPointsFromImage (point_selection.cpp)
552 << buildAccelerationStructure (rgbd_image.cpp)
407 << calculateDerivatives (rgbd_image.cpp)
414 << calculateIntensityDerivatives (rgbd_image.cpp)
378 << hasIntensity (rgbd_image.cpp)
444 << calculateDerivativeX (rgbd_image.cpp)
248 << calculateDerivativeYSseFloat (rgbd_image_sse.cpp)
433 << calculateDepthDerivatives (rgbd_image.cpp)
392 << hasDepth (rgbd_image.cpp)
444 << calculateDerivativeX (rgbd_image.cpp)
483 << calculateDerivativeY (rgbd_image.cpp)
76 << getMaximumNumberOfPoints (point_selection.cpp)
177 << level (rgbd_image.cpp)
49 << OptimizedSelfAdjointMatrix6x6f (math_sse.cpp)
402 << computeResidualsSse (dense_tracking_impl.cpp)
138 << computeResidualsSse (dense_tracking_impl.cpp)
	looping over all points (depthStdDevZ)
81 << IsFirstIterationOnLevel (dense_tracking_config.cpp)
607 << computeScaleSse (dense_tracking_impl.cpp)
415 << computeCompleteDataLogLikelihood (dense_tracking_impl.cpp)
37 << initialize (least_squares.cpp)
54 << setZero (math_sse.cpp)
	Jacobian rank update loop...
80 << finish (least_squares.cpp)
199 << toEigen (math_sse.cpp)
105 << IterationsExceeded (dense_tracking_config.cpp)
402 << computeResidualsSse (dense_tracking_impl.cpp)
138 << computeResidualsSse (dense_tracking_impl.cpp)
	looping over all points (depthStdDevZ)
81 << IsFirstIterationOnLevel (dense_tracking_config.cpp)
677 << computeWeightsSse (dense_tracking_impl.cpp)
658 << computeWeight (dense_tracking_impl.cpp)
658 << computeWeight (dense_tracking_impl.cpp)
658 << computeWeight (dense_tracking_impl.cpp)
607 << computeScaleSse (dense_tracking_impl.cpp)
581 << computeScalePart (dense_tracking_impl.cpp)
415 << computeCompleteDataLogLikelihood (dense_tracking_impl.cpp)
37 << initialize (least_squares.cpp)
54 << setZero (math_sse.cpp)
	Jacobian rank update loop...
80 << finish (least_squares.cpp)
199 << toEigen (math_sse.cpp)
	Termination Criteria: Increment Too Small
105 << IterationsExceeded (dense_tracking_config.cpp)
177 << level (rgbd_image.cpp)
346 << camera (rgbd_image.cpp)
227 << intrinsics (rgbd_image.cpp)
99 << select (point_selection.cpp)
154 << compute (rgbd_image.cpp)
160 << build (rgbd_image.cpp)
177 << level (rgbd_image.cpp)
515 << buildPointCloud (rgbd_image.cpp)
392 << hasDepth (rgbd_image.cpp)
258 << buildPointCloud (rgbd_image.cpp)
251 << hasSameSize (rgbd_image.cpp)
552 << buildAccelerationStructure (rgbd_image.cpp)
171 << allocate (point_selection.cpp)
127 << selectPointsFromImage (point_selection.cpp)
552 << buildAccelerationStructure (rgbd_image.cpp)
407 << calculateDerivatives (rgbd_image.cpp)
414 << calculateIntensityDerivatives (rgbd_image.cpp)
378 << hasIntensity (rgbd_image.cpp)
444 << calculateDerivativeX (rgbd_image.cpp)
248 << calculateDerivativeYSseFloat (rgbd_image_sse.cpp)
433 << calculateDepthDerivatives (rgbd_image.cpp)
392 << hasDepth (rgbd_image.cpp)
444 << calculateDerivativeX (rgbd_image.cpp)
483 << calculateDerivativeY (rgbd_image.cpp)
76 << getMaximumNumberOfPoints (point_selection.cpp)
177 << level (rgbd_image.cpp)
49 << OptimizedSelfAdjointMatrix6x6f (math_sse.cpp)
402 << computeResidualsSse (dense_tracking_impl.cpp)
138 << computeResidualsSse (dense_tracking_impl.cpp)
	looping over all points (depthStdDevZ)
81 << IsFirstIterationOnLevel (dense_tracking_config.cpp)
607 << computeScaleSse (dense_tracking_impl.cpp)
415 << computeCompleteDataLogLikelihood (dense_tracking_impl.cpp)
37 << initialize (least_squares.cpp)
54 << setZero (math_sse.cpp)
	Jacobian rank update loop...
80 << finish (least_squares.cpp)
199 << toEigen (math_sse.cpp)
105 << IterationsExceeded (dense_tracking_config.cpp)
402 << computeResidualsSse (dense_tracking_impl.cpp)
138 << computeResidualsSse (dense_tracking_impl.cpp)
	looping over all points (depthStdDevZ)
81 << IsFirstIterationOnLevel (dense_tracking_config.cpp)
677 << computeWeightsSse (dense_tracking_impl.cpp)
658 << computeWeight (dense_tracking_impl.cpp)
607 << computeScaleSse (dense_tracking_impl.cpp)
581 << computeScalePart (dense_tracking_impl.cpp)
415 << computeCompleteDataLogLikelihood (dense_tracking_impl.cpp)
37 << initialize (least_squares.cpp)
54 << setZero (math_sse.cpp)
	Jacobian rank update loop...
80 << finish (least_squares.cpp)
199 << toEigen (math_sse.cpp)
105 << IterationsExceeded (dense_tracking_config.cpp)
402 << computeResidualsSse (dense_tracking_impl.cpp)
138 << computeResidualsSse (dense_tracking_impl.cpp)
	looping over all points (depthStdDevZ)
81 << IsFirstIterationOnLevel (dense_tracking_config.cpp)
677 << computeWeightsSse (dense_tracking_impl.cpp)
607 << computeScaleSse (dense_tracking_impl.cpp)
415 << computeCompleteDataLogLikelihood (dense_tracking_impl.cpp)
37 << initialize (least_squares.cpp)
54 << setZero (math_sse.cpp)
	Jacobian rank update loop...
80 << finish (least_squares.cpp)
199 << toEigen (math_sse.cpp)
	Termination Criteria: Increment Too Small
105 << IterationsExceeded (dense_tracking_config.cpp)

Match Transformation: 
           1 -0.000236619 -0.000312701  0.000315809
  0.00023664            1  6.55535e-05  -3.5083e-05
 0.000312686 -6.56275e-05            1 -6.85208e-05
           0            0            0            1
534 << trajectory (ros_camera_trajectory_visualizer.cpp)
464 << trajectory (ros_camera_trajectory_visualizer.cpp)
382 << add (ros_camera_trajectory_visualizer.cpp)
420 << updateMarkerColor (ros_camera_trajectory_visualizer.cpp)
Trajectory Visualizer :: updating marker color...
528 << camera (ros_camera_trajectory_visualizer.cpp)
451 << camera (ros_camera_trajectory_visualizer.cpp)
177 << level (rgbd_image.cpp)
98 << update (ros_camera_trajectory_visualizer.cpp)
190 << hasColorChanged (ros_camera_trajectory_visualizer.cpp)
66 << BuildJob (async_point_cloud_builder.cpp)
74 << show (ros_camera_trajectory_visualizer.cpp)
171 << updateVisualization (ros_camera_trajectory_visualizer.cpp)
79 << add (point_cloud_aggregator.cpp)
341 << ~RgbdImage (rgbd_image.cpp)
325 << publishTransform (camera_dense_tracking.cpp)
340 << publishPose (camera_dense_tracking.cpp)
214 << handleImages (camera_dense_tracking.cpp)
91 << hasChanged (camera_dense_tracking.cpp)
295 << create (rgbd_image.cpp)

Number of cameras: 5
143 << RgbdImagePyramid (rgbd_image.cpp)
317 << level (rgbd_image.cpp)
303 << build (rgbd_image.cpp)
233 << create (rgbd_image.cpp)
336 << RgbdImage (rgbd_image.cpp)
251 << hasSameSize (rgbd_image.cpp)
352 << initialize (rgbd_image.cpp)
378 << hasIntensity (rgbd_image.cpp)
378 << hasIntensity (rgbd_image.cpp)
392 << hasDepth (rgbd_image.cpp)
378 << hasIntensity (rgbd_image.cpp)
392 << hasDepth (rgbd_image.cpp)
399 << hasSameImageSize (rgbd_image.cpp)
149 << ~RgbdImagePyramid (rgbd_image.cpp)
341 << ~RgbdImage (rgbd_image.cpp)
341 << ~RgbdImage (rgbd_image.cpp)
341 << ~RgbdImage (rgbd_image.cpp)
341 << ~RgbdImage (rgbd_image.cpp)
105 << match (dense_tracking.cpp)
120 << Result (dense_tracking_config.cpp)
131 << match (dense_tracking.cpp)
49 << getNumLevels (dense_tracking_config.cpp)
154 << compute (rgbd_image.cpp)
160 << build (rgbd_image.cpp)
57 << setRgbdImagePyramid (point_selection.cpp)
139 << match (dense_tracking.cpp)
49 << getNumLevels (dense_tracking_config.cpp)
154 << compute (rgbd_image.cpp)
160 << build (rgbd_image.cpp)
317 << level (rgbd_image.cpp)
303 << build (rgbd_image.cpp)
245 << create (rgbd_image.cpp)
336 << RgbdImage (rgbd_image.cpp)
41 << pyrDownMeanSmooth (rgbd_image.cpp)
127 << pyrDownSubsample (rgbd_image.cpp)
352 << initialize (rgbd_image.cpp)
378 << hasIntensity (rgbd_image.cpp)
378 << hasIntensity (rgbd_image.cpp)
392 << hasDepth (rgbd_image.cpp)
378 << hasIntensity (rgbd_image.cpp)
392 << hasDepth (rgbd_image.cpp)
399 << hasSameImageSize (rgbd_image.cpp)
317 << level (rgbd_image.cpp)
303 << build (rgbd_image.cpp)
245 << create (rgbd_image.cpp)
336 << RgbdImage (rgbd_image.cpp)
41 << pyrDownMeanSmooth (rgbd_image.cpp)
127 << pyrDownSubsample (rgbd_image.cpp)
352 << initialize (rgbd_image.cpp)
378 << hasIntensity (rgbd_image.cpp)
378 << hasIntensity (rgbd_image.cpp)
392 << hasDepth (rgbd_image.cpp)
378 << hasIntensity (rgbd_image.cpp)
392 << hasDepth (rgbd_image.cpp)
399 << hasSameImageSize (rgbd_image.cpp)
317 << level (rgbd_image.cpp)
303 << build (rgbd_image.cpp)
245 << create (rgbd_image.cpp)
336 << RgbdImage (rgbd_image.cpp)
41 << pyrDownMeanSmooth (rgbd_image.cpp)
127 << pyrDownSubsample (rgbd_image.cpp)
352 << initialize (rgbd_image.cpp)
378 << hasIntensity (rgbd_image.cpp)
378 << hasIntensity (rgbd_image.cpp)
392 << hasDepth (rgbd_image.cpp)
378 << hasIntensity (rgbd_image.cpp)
392 << hasDepth (rgbd_image.cpp)
399 << hasSameImageSize (rgbd_image.cpp)
129 << setIdentity (dense_tracking_config.cpp)
76 << getMaximumNumberOfPoints (point_selection.cpp)
177 << level (rgbd_image.cpp)
76 << getMaximumNumberOfPoints (point_selection.cpp)
177 << level (rgbd_image.cpp)
76 << getMaximumNumberOfPoints (point_selection.cpp)
177 << level (rgbd_image.cpp)
177 << level (rgbd_image.cpp)
346 << camera (rgbd_image.cpp)
227 << intrinsics (rgbd_image.cpp)
99 << select (point_selection.cpp)
154 << compute (rgbd_image.cpp)
160 << build (rgbd_image.cpp)
177 << level (rgbd_image.cpp)
515 << buildPointCloud (rgbd_image.cpp)
392 << hasDepth (rgbd_image.cpp)
258 << buildPointCloud (rgbd_image.cpp)
251 << hasSameSize (rgbd_image.cpp)
552 << buildAccelerationStructure (rgbd_image.cpp)
171 << allocate (point_selection.cpp)
127 << selectPointsFromImage (point_selection.cpp)
552 << buildAccelerationStructure (rgbd_image.cpp)
407 << calculateDerivatives (rgbd_image.cpp)
414 << calculateIntensityDerivatives (rgbd_image.cpp)
378 << hasIntensity (rgbd_image.cpp)
444 << calculateDerivativeX (rgbd_image.cpp)
248 << calculateDerivativeYSseFloat (rgbd_image_sse.cpp)
433 << calculateDepthDerivatives (rgbd_image.cpp)
392 << hasDepth (rgbd_image.cpp)
444 << calculateDerivativeX (rgbd_image.cpp)
483 << calculateDerivativeY (rgbd_image.cpp)
76 << getMaximumNumberOfPoints (point_selection.cpp)
177 << level (rgbd_image.cpp)
49 << OptimizedSelfAdjointMatrix6x6f (math_sse.cpp)
402 << computeResidualsSse (dense_tracking_impl.cpp)
138 << computeResidualsSse (dense_tracking_impl.cpp)
	looping over all points (depthStdDevZ)
81 << IsFirstIterationOnLevel (dense_tracking_config.cpp)
607 << computeScaleSse (dense_tracking_impl.cpp)
415 << computeCompleteDataLogLikelihood (dense_tracking_impl.cpp)
37 << initialize (least_squares.cpp)
54 << setZero (math_sse.cpp)
	Jacobian rank update loop...
80 << finish (least_squares.cpp)
199 << toEigen (math_sse.cpp)
105 << IterationsExceeded (dense_tracking_config.cpp)
402 << computeResidualsSse (dense_tracking_impl.cpp)
138 << computeResidualsSse (dense_tracking_impl.cpp)
	looping over all points (depthStdDevZ)
81 << IsFirstIterationOnLevel (dense_tracking_config.cpp)
677 << computeWeightsSse (dense_tracking_impl.cpp)
607 << computeScaleSse (dense_tracking_impl.cpp)
415 << computeCompleteDataLogLikelihood (dense_tracking_impl.cpp)
	Termination Criteria: LogLikelihood Decreased
105 << IterationsExceeded (dense_tracking_config.cpp)
177 << level (rgbd_image.cpp)
346 << camera (rgbd_image.cpp)
227 << intrinsics (rgbd_image.cpp)
99 << select (point_selection.cpp)
154 << compute (rgbd_image.cpp)
160 << build (rgbd_image.cpp)
177 << level (rgbd_image.cpp)
515 << buildPointCloud (rgbd_image.cpp)
392 << hasDepth (rgbd_image.cpp)
258 << buildPointCloud (rgbd_image.cpp)
251 << hasSameSize (rgbd_image.cpp)
552 << buildAccelerationStructure (rgbd_image.cpp)
171 << allocate (point_selection.cpp)
127 << selectPointsFromImage (point_selection.cpp)
552 << buildAccelerationStructure (rgbd_image.cpp)
407 << calculateDerivatives (rgbd_image.cpp)
414 << calculateIntensityDerivatives (rgbd_image.cpp)
378 << hasIntensity (rgbd_image.cpp)
444 << calculateDerivativeX (rgbd_image.cpp)
248 << calculateDerivativeYSseFloat (rgbd_image_sse.cpp)
433 << calculateDepthDerivatives (rgbd_image.cpp)
392 << hasDepth (rgbd_image.cpp)
444 << calculateDerivativeX (rgbd_image.cpp)
483 << calculateDerivativeY (rgbd_image.cpp)
76 << getMaximumNumberOfPoints (point_selection.cpp)
177 << level (rgbd_image.cpp)
49 << OptimizedSelfAdjointMatrix6x6f (math_sse.cpp)
402 << computeResidualsSse (dense_tracking_impl.cpp)
138 << computeResidualsSse (dense_tracking_impl.cpp)
	looping over all points (depthStdDevZ)
81 << IsFirstIterationOnLevel (dense_tracking_config.cpp)
607 << computeScaleSse (dense_tracking_impl.cpp)
415 << computeCompleteDataLogLikelihood (dense_tracking_impl.cpp)
37 << initialize (least_squares.cpp)
54 << setZero (math_sse.cpp)
	Jacobian rank update loop...
80 << finish (least_squares.cpp)
199 << toEigen (math_sse.cpp)
105 << IterationsExceeded (dense_tracking_config.cpp)
402 << computeResidualsSse (dense_tracking_impl.cpp)
138 << computeResidualsSse (dense_tracking_impl.cpp)
	looping over all points (depthStdDevZ)
81 << IsFirstIterationOnLevel (dense_tracking_config.cpp)
677 << computeWeightsSse (dense_tracking_impl.cpp)
658 << computeWeight (dense_tracking_impl.cpp)
658 << computeWeight (dense_tracking_impl.cpp)
658 << computeWeight (dense_tracking_impl.cpp)
607 << computeScaleSse (dense_tracking_impl.cpp)
581 << computeScalePart (dense_tracking_impl.cpp)
415 << computeCompleteDataLogLikelihood (dense_tracking_impl.cpp)
37 << initialize (least_squares.cpp)
54 << setZero (math_sse.cpp)
	Jacobian rank update loop...
80 << finish (least_squares.cpp)
199 << toEigen (math_sse.cpp)
	Termination Criteria: Increment Too Small
105 << IterationsExceeded (dense_tracking_config.cpp)
177 << level (rgbd_image.cpp)
346 << camera (rgbd_image.cpp)
227 << intrinsics (rgbd_image.cpp)
99 << select (point_selection.cpp)
154 << compute (rgbd_image.cpp)
160 << build (rgbd_image.cpp)
177 << level (rgbd_image.cpp)
515 << buildPointCloud (rgbd_image.cpp)
392 << hasDepth (rgbd_image.cpp)
258 << buildPointCloud (rgbd_image.cpp)
251 << hasSameSize (rgbd_image.cpp)
552 << buildAccelerationStructure (rgbd_image.cpp)
171 << allocate (point_selection.cpp)
127 << selectPointsFromImage (point_selection.cpp)
552 << buildAccelerationStructure (rgbd_image.cpp)
407 << calculateDerivatives (rgbd_image.cpp)
414 << calculateIntensityDerivatives (rgbd_image.cpp)
378 << hasIntensity (rgbd_image.cpp)
444 << calculateDerivativeX (rgbd_image.cpp)
248 << calculateDerivativeYSseFloat (rgbd_image_sse.cpp)
433 << calculateDepthDerivatives (rgbd_image.cpp)
392 << hasDepth (rgbd_image.cpp)
444 << calculateDerivativeX (rgbd_image.cpp)
483 << calculateDerivativeY (rgbd_image.cpp)
76 << getMaximumNumberOfPoints (point_selection.cpp)
177 << level (rgbd_image.cpp)
49 << OptimizedSelfAdjointMatrix6x6f (math_sse.cpp)
402 << computeResidualsSse (dense_tracking_impl.cpp)
138 << computeResidualsSse (dense_tracking_impl.cpp)
	looping over all points (depthStdDevZ)
81 << IsFirstIterationOnLevel (dense_tracking_config.cpp)
607 << computeScaleSse (dense_tracking_impl.cpp)
581 << computeScalePart (dense_tracking_impl.cpp)
415 << computeCompleteDataLogLikelihood (dense_tracking_impl.cpp)
37 << initialize (least_squares.cpp)
54 << setZero (math_sse.cpp)
	Jacobian rank update loop...
80 << finish (least_squares.cpp)
199 << toEigen (math_sse.cpp)
105 << IterationsExceeded (dense_tracking_config.cpp)
402 << computeResidualsSse (dense_tracking_impl.cpp)
138 << computeResidualsSse (dense_tracking_impl.cpp)
	looping over all points (depthStdDevZ)
81 << IsFirstIterationOnLevel (dense_tracking_config.cpp)
677 << computeWeightsSse (dense_tracking_impl.cpp)
658 << computeWeight (dense_tracking_impl.cpp)
658 << computeWeight (dense_tracking_impl.cpp)
658 << computeWeight (dense_tracking_impl.cpp)
607 << computeScaleSse (dense_tracking_impl.cpp)
581 << computeScalePart (dense_tracking_impl.cpp)
415 << computeCompleteDataLogLikelihood (dense_tracking_impl.cpp)
37 << initialize (least_squares.cpp)
54 << setZero (math_sse.cpp)
	Jacobian rank update loop...
80 << finish (least_squares.cpp)
199 << toEigen (math_sse.cpp)
	Termination Criteria: Increment Too Small
105 << IterationsExceeded (dense_tracking_config.cpp)

Match Transformation: 
           1 -2.08675e-05 -3.23971e-05  4.65399e-05
 2.08681e-05            1  1.92404e-05 -1.62011e-05
 3.23967e-05  -1.9241e-05            1   3.9876e-05
           0            0            0            1
534 << trajectory (ros_camera_trajectory_visualizer.cpp)
464 << trajectory (ros_camera_trajectory_visualizer.cpp)
382 << add (ros_camera_trajectory_visualizer.cpp)
420 << updateMarkerColor (ros_camera_trajectory_visualizer.cpp)
Trajectory Visualizer :: updating marker color...
528 << camera (ros_camera_trajectory_visualizer.cpp)
451 << camera (ros_camera_trajectory_visualizer.cpp)
177 << level (rgbd_image.cpp)
98 << update (ros_camera_trajectory_visualizer.cpp)
190 << hasColorChanged (ros_camera_trajectory_visualizer.cpp)
66 << BuildJob (async_point_cloud_builder.cpp)
74 << show (ros_camera_trajectory_visualizer.cpp)
171 << updateVisualization (ros_camera_trajectory_visualizer.cpp)
79 << add (point_cloud_aggregator.cpp)
341 << ~RgbdImage (rgbd_image.cpp)
325 << publishTransform (camera_dense_tracking.cpp)
340 << publishPose (camera_dense_tracking.cpp)
214 << handleImages (camera_dense_tracking.cpp)
91 << hasChanged (camera_dense_tracking.cpp)
295 << create (rgbd_image.cpp)

Number of cameras: 6
143 << RgbdImagePyramid (rgbd_image.cpp)
317 << level (rgbd_image.cpp)
303 << build (rgbd_image.cpp)
233 << create (rgbd_image.cpp)
336 << RgbdImage (rgbd_image.cpp)
251 << hasSameSize (rgbd_image.cpp)
352 << initialize (rgbd_image.cpp)
378 << hasIntensity (rgbd_image.cpp)
378 << hasIntensity (rgbd_image.cpp)
392 << hasDepth (rgbd_image.cpp)
378 << hasIntensity (rgbd_image.cpp)
392 << hasDepth (rgbd_image.cpp)
399 << hasSameImageSize (rgbd_image.cpp)
149 << ~RgbdImagePyramid (rgbd_image.cpp)
341 << ~RgbdImage (rgbd_image.cpp)
341 << ~RgbdImage (rgbd_image.cpp)
341 << ~RgbdImage (rgbd_image.cpp)
341 << ~RgbdImage (rgbd_image.cpp)
105 << match (dense_tracking.cpp)
120 << Result (dense_tracking_config.cpp)
131 << match (dense_tracking.cpp)
49 << getNumLevels (dense_tracking_config.cpp)
154 << compute (rgbd_image.cpp)
160 << build (rgbd_image.cpp)
57 << setRgbdImagePyramid (point_selection.cpp)
139 << match (dense_tracking.cpp)
49 << getNumLevels (dense_tracking_config.cpp)
154 << compute (rgbd_image.cpp)
160 << build (rgbd_image.cpp)
317 << level (rgbd_image.cpp)
303 << build (rgbd_image.cpp)
245 << create (rgbd_image.cpp)
336 << RgbdImage (rgbd_image.cpp)
41 << pyrDownMeanSmooth (rgbd_image.cpp)
127 << pyrDownSubsample (rgbd_image.cpp)
352 << initialize (rgbd_image.cpp)
378 << hasIntensity (rgbd_image.cpp)
378 << hasIntensity (rgbd_image.cpp)
392 << hasDepth (rgbd_image.cpp)
378 << hasIntensity (rgbd_image.cpp)
392 << hasDepth (rgbd_image.cpp)
399 << hasSameImageSize (rgbd_image.cpp)
317 << level (rgbd_image.cpp)
303 << build (rgbd_image.cpp)
245 << create (rgbd_image.cpp)
336 << RgbdImage (rgbd_image.cpp)
41 << pyrDownMeanSmooth (rgbd_image.cpp)
127 << pyrDownSubsample (rgbd_image.cpp)
352 << initialize (rgbd_image.cpp)
378 << hasIntensity (rgbd_image.cpp)
378 << hasIntensity (rgbd_image.cpp)
392 << hasDepth (rgbd_image.cpp)
378 << hasIntensity (rgbd_image.cpp)
392 << hasDepth (rgbd_image.cpp)
399 << hasSameImageSize (rgbd_image.cpp)
317 << level (rgbd_image.cpp)
303 << build (rgbd_image.cpp)
245 << create (rgbd_image.cpp)
336 << RgbdImage (rgbd_image.cpp)
41 << pyrDownMeanSmooth (rgbd_image.cpp)
127 << pyrDownSubsample (rgbd_image.cpp)
352 << initialize (rgbd_image.cpp)
378 << hasIntensity (rgbd_image.cpp)
378 << hasIntensity (rgbd_image.cpp)
392 << hasDepth (rgbd_image.cpp)
378 << hasIntensity (rgbd_image.cpp)
392 << hasDepth (rgbd_image.cpp)
399 << hasSameImageSize (rgbd_image.cpp)
129 << setIdentity (dense_tracking_config.cpp)
76 << getMaximumNumberOfPoints (point_selection.cpp)
177 << level (rgbd_image.cpp)
76 << getMaximumNumberOfPoints (point_selection.cpp)
177 << level (rgbd_image.cpp)
76 << getMaximumNumberOfPoints (point_selection.cpp)
177 << level (rgbd_image.cpp)
177 << level (rgbd_image.cpp)
346 << camera (rgbd_image.cpp)
227 << intrinsics (rgbd_image.cpp)
99 << select (point_selection.cpp)
154 << compute (rgbd_image.cpp)
160 << build (rgbd_image.cpp)
177 << level (rgbd_image.cpp)
515 << buildPointCloud (rgbd_image.cpp)
392 << hasDepth (rgbd_image.cpp)
258 << buildPointCloud (rgbd_image.cpp)
251 << hasSameSize (rgbd_image.cpp)
552 << buildAccelerationStructure (rgbd_image.cpp)
171 << allocate (point_selection.cpp)
127 << selectPointsFromImage (point_selection.cpp)
552 << buildAccelerationStructure (rgbd_image.cpp)
407 << calculateDerivatives (rgbd_image.cpp)
414 << calculateIntensityDerivatives (rgbd_image.cpp)
378 << hasIntensity (rgbd_image.cpp)
444 << calculateDerivativeX (rgbd_image.cpp)
248 << calculateDerivativeYSseFloat (rgbd_image_sse.cpp)
433 << calculateDepthDerivatives (rgbd_image.cpp)
392 << hasDepth (rgbd_image.cpp)
444 << calculateDerivativeX (rgbd_image.cpp)
483 << calculateDerivativeY (rgbd_image.cpp)
76 << getMaximumNumberOfPoints (point_selection.cpp)
177 << level (rgbd_image.cpp)
49 << OptimizedSelfAdjointMatrix6x6f (math_sse.cpp)
402 << computeResidualsSse (dense_tracking_impl.cpp)
138 << computeResidualsSse (dense_tracking_impl.cpp)
	looping over all points (depthStdDevZ)
81 << IsFirstIterationOnLevel (dense_tracking_config.cpp)
607 << computeScaleSse (dense_tracking_impl.cpp)
581 << computeScalePart (dense_tracking_impl.cpp)
415 << computeCompleteDataLogLikelihood (dense_tracking_impl.cpp)
37 << initialize (least_squares.cpp)
54 << setZero (math_sse.cpp)
	Jacobian rank update loop...
80 << finish (least_squares.cpp)
199 << toEigen (math_sse.cpp)
	Termination Criteria: Increment Too Small
105 << IterationsExceeded (dense_tracking_config.cpp)
177 << level (rgbd_image.cpp)
346 << camera (rgbd_image.cpp)
227 << intrinsics (rgbd_image.cpp)
99 << select (point_selection.cpp)
154 << compute (rgbd_image.cpp)
160 << build (rgbd_image.cpp)
177 << level (rgbd_image.cpp)
515 << buildPointCloud (rgbd_image.cpp)
392 << hasDepth (rgbd_image.cpp)
258 << buildPointCloud (rgbd_image.cpp)
251 << hasSameSize (rgbd_image.cpp)
552 << buildAccelerationStructure (rgbd_image.cpp)
171 << allocate (point_selection.cpp)
127 << selectPointsFromImage (point_selection.cpp)
552 << buildAccelerationStructure (rgbd_image.cpp)
407 << calculateDerivatives (rgbd_image.cpp)
414 << calculateIntensityDerivatives (rgbd_image.cpp)
378 << hasIntensity (rgbd_image.cpp)
444 << calculateDerivativeX (rgbd_image.cpp)
248 << calculateDerivativeYSseFloat (rgbd_image_sse.cpp)
433 << calculateDepthDerivatives (rgbd_image.cpp)
392 << hasDepth (rgbd_image.cpp)
444 << calculateDerivativeX (rgbd_image.cpp)
483 << calculateDerivativeY (rgbd_image.cpp)
76 << getMaximumNumberOfPoints (point_selection.cpp)
177 << level (rgbd_image.cpp)
49 << OptimizedSelfAdjointMatrix6x6f (math_sse.cpp)
402 << computeResidualsSse (dense_tracking_impl.cpp)
138 << computeResidualsSse (dense_tracking_impl.cpp)
	looping over all points (depthStdDevZ)
81 << IsFirstIterationOnLevel (dense_tracking_config.cpp)
607 << computeScaleSse (dense_tracking_impl.cpp)
581 << computeScalePart (dense_tracking_impl.cpp)
415 << computeCompleteDataLogLikelihood (dense_tracking_impl.cpp)
37 << initialize (least_squares.cpp)
54 << setZero (math_sse.cpp)
	Jacobian rank update loop...
80 << finish (least_squares.cpp)
199 << toEigen (math_sse.cpp)
	Termination Criteria: Increment Too Small
105 << IterationsExceeded (dense_tracking_config.cpp)
177 << level (rgbd_image.cpp)
346 << camera (rgbd_image.cpp)
227 << intrinsics (rgbd_image.cpp)
99 << select (point_selection.cpp)
154 << compute (rgbd_image.cpp)
160 << build (rgbd_image.cpp)
177 << level (rgbd_image.cpp)
515 << buildPointCloud (rgbd_image.cpp)
392 << hasDepth (rgbd_image.cpp)
258 << buildPointCloud (rgbd_image.cpp)
251 << hasSameSize (rgbd_image.cpp)
552 << buildAccelerationStructure (rgbd_image.cpp)
171 << allocate (point_selection.cpp)
127 << selectPointsFromImage (point_selection.cpp)
552 << buildAccelerationStructure (rgbd_image.cpp)
407 << calculateDerivatives (rgbd_image.cpp)
414 << calculateIntensityDerivatives (rgbd_image.cpp)
378 << hasIntensity (rgbd_image.cpp)
444 << calculateDerivativeX (rgbd_image.cpp)
248 << calculateDerivativeYSseFloat (rgbd_image_sse.cpp)
433 << calculateDepthDerivatives (rgbd_image.cpp)
392 << hasDepth (rgbd_image.cpp)
444 << calculateDerivativeX (rgbd_image.cpp)
483 << calculateDerivativeY (rgbd_image.cpp)
76 << getMaximumNumberOfPoints (point_selection.cpp)
177 << level (rgbd_image.cpp)
49 << OptimizedSelfAdjointMatrix6x6f (math_sse.cpp)
402 << computeResidualsSse (dense_tracking_impl.cpp)
138 << computeResidualsSse (dense_tracking_impl.cpp)
	looping over all points (depthStdDevZ)
81 << IsFirstIterationOnLevel (dense_tracking_config.cpp)
607 << computeScaleSse (dense_tracking_impl.cpp)
581 << computeScalePart (dense_tracking_impl.cpp)
415 << computeCompleteDataLogLikelihood (dense_tracking_impl.cpp)
37 << initialize (least_squares.cpp)
54 << setZero (math_sse.cpp)
	Jacobian rank update loop...
80 << finish (least_squares.cpp)
199 << toEigen (math_sse.cpp)
	Termination Criteria: Increment Too Small
105 << IterationsExceeded (dense_tracking_config.cpp)

Match Transformation: 
1 0 0 0
0 1 0 0
0 0 1 0
0 0 0 1
534 << trajectory (ros_camera_trajectory_visualizer.cpp)
464 << trajectory (ros_camera_trajectory_visualizer.cpp)
382 << add (ros_camera_trajectory_visualizer.cpp)
420 << updateMarkerColor (ros_camera_trajectory_visualizer.cpp)
Trajectory Visualizer :: updating marker color...
528 << camera (ros_camera_trajectory_visualizer.cpp)
451 << camera (ros_camera_trajectory_visualizer.cpp)
177 << level (rgbd_image.cpp)
98 << update (ros_camera_trajectory_visualizer.cpp)
190 << hasColorChanged (ros_camera_trajectory_visualizer.cpp)
66 << BuildJob (async_point_cloud_builder.cpp)
74 << show (ros_camera_trajectory_visualizer.cpp)
171 << updateVisualization (ros_camera_trajectory_visualizer.cpp)
79 << add (point_cloud_aggregator.cpp)
341 << ~RgbdImage (rgbd_image.cpp)
325 << publishTransform (camera_dense_tracking.cpp)
340 << publishPose (camera_dense_tracking.cpp)
214 << handleImages (camera_dense_tracking.cpp)
91 << hasChanged (camera_dense_tracking.cpp)
295 << create (rgbd_image.cpp)

Number of cameras: 7
143 << RgbdImagePyramid (rgbd_image.cpp)
317 << level (rgbd_image.cpp)
303 << build (rgbd_image.cpp)
233 << create (rgbd_image.cpp)
336 << RgbdImage (rgbd_image.cpp)
251 << hasSameSize (rgbd_image.cpp)
352 << initialize (rgbd_image.cpp)
378 << hasIntensity (rgbd_image.cpp)
378 << hasIntensity (rgbd_image.cpp)
392 << hasDepth (rgbd_image.cpp)
378 << hasIntensity (rgbd_image.cpp)
392 << hasDepth (rgbd_image.cpp)
399 << hasSameImageSize (rgbd_image.cpp)
149 << ~RgbdImagePyramid (rgbd_image.cpp)
341 << ~RgbdImage (rgbd_image.cpp)
341 << ~RgbdImage (rgbd_image.cpp)
341 << ~RgbdImage (rgbd_image.cpp)
341 << ~RgbdImage (rgbd_image.cpp)
105 << match (dense_tracking.cpp)
120 << Result (dense_tracking_config.cpp)
131 << match (dense_tracking.cpp)
49 << getNumLevels (dense_tracking_config.cpp)
154 << compute (rgbd_image.cpp)
160 << build (rgbd_image.cpp)
57 << setRgbdImagePyramid (point_selection.cpp)
139 << match (dense_tracking.cpp)
49 << getNumLevels (dense_tracking_config.cpp)
154 << compute (rgbd_image.cpp)
160 << build (rgbd_image.cpp)
317 << level (rgbd_image.cpp)
303 << build (rgbd_image.cpp)
245 << create (rgbd_image.cpp)
336 << RgbdImage (rgbd_image.cpp)
41 << pyrDownMeanSmooth (rgbd_image.cpp)
127 << pyrDownSubsample (rgbd_image.cpp)
352 << initialize (rgbd_image.cpp)
378 << hasIntensity (rgbd_image.cpp)
378 << hasIntensity (rgbd_image.cpp)
392 << hasDepth (rgbd_image.cpp)
378 << hasIntensity (rgbd_image.cpp)
392 << hasDepth (rgbd_image.cpp)
399 << hasSameImageSize (rgbd_image.cpp)
317 << level (rgbd_image.cpp)
303 << build (rgbd_image.cpp)
245 << create (rgbd_image.cpp)
336 << RgbdImage (rgbd_image.cpp)
41 << pyrDownMeanSmooth (rgbd_image.cpp)
127 << pyrDownSubsample (rgbd_image.cpp)
352 << initialize (rgbd_image.cpp)
378 << hasIntensity (rgbd_image.cpp)
378 << hasIntensity (rgbd_image.cpp)
392 << hasDepth (rgbd_image.cpp)
378 << hasIntensity (rgbd_image.cpp)
392 << hasDepth (rgbd_image.cpp)
399 << hasSameImageSize (rgbd_image.cpp)
317 << level (rgbd_image.cpp)
303 << build (rgbd_image.cpp)
245 << create (rgbd_image.cpp)
336 << RgbdImage (rgbd_image.cpp)
41 << pyrDownMeanSmooth (rgbd_image.cpp)
127 << pyrDownSubsample (rgbd_image.cpp)
352 << initialize (rgbd_image.cpp)
378 << hasIntensity (rgbd_image.cpp)
378 << hasIntensity (rgbd_image.cpp)
392 << hasDepth (rgbd_image.cpp)
378 << hasIntensity (rgbd_image.cpp)
392 << hasDepth (rgbd_image.cpp)
399 << hasSameImageSize (rgbd_image.cpp)
129 << setIdentity (dense_tracking_config.cpp)
76 << getMaximumNumberOfPoints (point_selection.cpp)
177 << level (rgbd_image.cpp)
76 << getMaximumNumberOfPoints (point_selection.cpp)
177 << level (rgbd_image.cpp)
76 << getMaximumNumberOfPoints (point_selection.cpp)
177 << level (rgbd_image.cpp)
177 << level (rgbd_image.cpp)
346 << camera (rgbd_image.cpp)
227 << intrinsics (rgbd_image.cpp)
99 << select (point_selection.cpp)
154 << compute (rgbd_image.cpp)
160 << build (rgbd_image.cpp)
177 << level (rgbd_image.cpp)
515 << buildPointCloud (rgbd_image.cpp)
392 << hasDepth (rgbd_image.cpp)
258 << buildPointCloud (rgbd_image.cpp)
251 << hasSameSize (rgbd_image.cpp)
552 << buildAccelerationStructure (rgbd_image.cpp)
171 << allocate (point_selection.cpp)
127 << selectPointsFromImage (point_selection.cpp)
552 << buildAccelerationStructure (rgbd_image.cpp)
407 << calculateDerivatives (rgbd_image.cpp)
414 << calculateIntensityDerivatives (rgbd_image.cpp)
378 << hasIntensity (rgbd_image.cpp)
444 << calculateDerivativeX (rgbd_image.cpp)
248 << calculateDerivativeYSseFloat (rgbd_image_sse.cpp)
433 << calculateDepthDerivatives (rgbd_image.cpp)
392 << hasDepth (rgbd_image.cpp)
444 << calculateDerivativeX (rgbd_image.cpp)
483 << calculateDerivativeY (rgbd_image.cpp)
76 << getMaximumNumberOfPoints (point_selection.cpp)
177 << level (rgbd_image.cpp)
49 << OptimizedSelfAdjointMatrix6x6f (math_sse.cpp)
402 << computeResidualsSse (dense_tracking_impl.cpp)
138 << computeResidualsSse (dense_tracking_impl.cpp)
	looping over all points (depthStdDevZ)
81 << IsFirstIterationOnLevel (dense_tracking_config.cpp)
607 << computeScaleSse (dense_tracking_impl.cpp)
581 << computeScalePart (dense_tracking_impl.cpp)
415 << computeCompleteDataLogLikelihood (dense_tracking_impl.cpp)
37 << initialize (least_squares.cpp)
54 << setZero (math_sse.cpp)
	Jacobian rank update loop...
80 << finish (least_squares.cpp)
199 << toEigen (math_sse.cpp)
	Termination Criteria: Increment Too Small
105 << IterationsExceeded (dense_tracking_config.cpp)
177 << level (rgbd_image.cpp)
346 << camera (rgbd_image.cpp)
227 << intrinsics (rgbd_image.cpp)
99 << select (point_selection.cpp)
154 << compute (rgbd_image.cpp)
160 << build (rgbd_image.cpp)
177 << level (rgbd_image.cpp)
515 << buildPointCloud (rgbd_image.cpp)
392 << hasDepth (rgbd_image.cpp)
258 << buildPointCloud (rgbd_image.cpp)
251 << hasSameSize (rgbd_image.cpp)
552 << buildAccelerationStructure (rgbd_image.cpp)
171 << allocate (point_selection.cpp)
127 << selectPointsFromImage (point_selection.cpp)
552 << buildAccelerationStructure (rgbd_image.cpp)
407 << calculateDerivatives (rgbd_image.cpp)
414 << calculateIntensityDerivatives (rgbd_image.cpp)
378 << hasIntensity (rgbd_image.cpp)
444 << calculateDerivativeX (rgbd_image.cpp)
248 << calculateDerivativeYSseFloat (rgbd_image_sse.cpp)
433 << calculateDepthDerivatives (rgbd_image.cpp)
392 << hasDepth (rgbd_image.cpp)
444 << calculateDerivativeX (rgbd_image.cpp)
483 << calculateDerivativeY (rgbd_image.cpp)
76 << getMaximumNumberOfPoints (point_selection.cpp)
177 << level (rgbd_image.cpp)
49 << OptimizedSelfAdjointMatrix6x6f (math_sse.cpp)
402 << computeResidualsSse (dense_tracking_impl.cpp)
138 << computeResidualsSse (dense_tracking_impl.cpp)
	looping over all points (depthStdDevZ)
81 << IsFirstIterationOnLevel (dense_tracking_config.cpp)
607 << computeScaleSse (dense_tracking_impl.cpp)
581 << computeScalePart (dense_tracking_impl.cpp)
415 << computeCompleteDataLogLikelihood (dense_tracking_impl.cpp)
37 << initialize (least_squares.cpp)
54 << setZero (math_sse.cpp)
	Jacobian rank update loop...
80 << finish (least_squares.cpp)
199 << toEigen (math_sse.cpp)
	Termination Criteria: Increment Too Small
105 << IterationsExceeded (dense_tracking_config.cpp)
177 << level (rgbd_image.cpp)
346 << camera (rgbd_image.cpp)
227 << intrinsics (rgbd_image.cpp)
99 << select (point_selection.cpp)
154 << compute (rgbd_image.cpp)
160 << build (rgbd_image.cpp)
177 << level (rgbd_image.cpp)
515 << buildPointCloud (rgbd_image.cpp)
392 << hasDepth (rgbd_image.cpp)
258 << buildPointCloud (rgbd_image.cpp)
251 << hasSameSize (rgbd_image.cpp)
552 << buildAccelerationStructure (rgbd_image.cpp)
171 << allocate (point_selection.cpp)
127 << selectPointsFromImage (point_selection.cpp)
552 << buildAccelerationStructure (rgbd_image.cpp)
407 << calculateDerivatives (rgbd_image.cpp)
414 << calculateIntensityDerivatives (rgbd_image.cpp)
378 << hasIntensity (rgbd_image.cpp)
444 << calculateDerivativeX (rgbd_image.cpp)
248 << calculateDerivativeYSseFloat (rgbd_image_sse.cpp)
433 << calculateDepthDerivatives (rgbd_image.cpp)
392 << hasDepth (rgbd_image.cpp)
444 << calculateDerivativeX (rgbd_image.cpp)
483 << calculateDerivativeY (rgbd_image.cpp)
76 << getMaximumNumberOfPoints (point_selection.cpp)
177 << level (rgbd_image.cpp)
49 << OptimizedSelfAdjointMatrix6x6f (math_sse.cpp)
402 << computeResidualsSse (dense_tracking_impl.cpp)
138 << computeResidualsSse (dense_tracking_impl.cpp)
	looping over all points (depthStdDevZ)
81 << IsFirstIterationOnLevel (dense_tracking_config.cpp)
607 << computeScaleSse (dense_tracking_impl.cpp)
581 << computeScalePart (dense_tracking_impl.cpp)
415 << computeCompleteDataLogLikelihood (dense_tracking_impl.cpp)
37 << initialize (least_squares.cpp)
54 << setZero (math_sse.cpp)
	Jacobian rank update loop...
80 << finish (least_squares.cpp)
199 << toEigen (math_sse.cpp)
	Termination Criteria: Increment Too Small
105 << IterationsExceeded (dense_tracking_config.cpp)

Match Transformation: 
1 0 0 0
0 1 0 0
0 0 1 0
0 0 0 1
534 << trajectory (ros_camera_trajectory_visualizer.cpp)
464 << trajectory (ros_camera_trajectory_visualizer.cpp)
382 << add (ros_camera_trajectory_visualizer.cpp)
420 << updateMarkerColor (ros_camera_trajectory_visualizer.cpp)
Trajectory Visualizer :: updating marker color...
528 << camera (ros_camera_trajectory_visualizer.cpp)
451 << camera (ros_camera_trajectory_visualizer.cpp)
177 << level (rgbd_image.cpp)
98 << update (ros_camera_trajectory_visualizer.cpp)
190 << hasColorChanged (ros_camera_trajectory_visualizer.cpp)
66 << BuildJob (async_point_cloud_builder.cpp)
74 << show (ros_camera_trajectory_visualizer.cpp)
171 << updateVisualization (ros_camera_trajectory_visualizer.cpp)
79 << add (point_cloud_aggregator.cpp)
341 << ~RgbdImage (rgbd_image.cpp)
325 << publishTransform (camera_dense_tracking.cpp)
340 << publishPose (camera_dense_tracking.cpp)
214 << handleImages (camera_dense_tracking.cpp)
91 << hasChanged (camera_dense_tracking.cpp)
295 << create (rgbd_image.cpp)

Number of cameras: 8
143 << RgbdImagePyramid (rgbd_image.cpp)
317 << level (rgbd_image.cpp)
303 << build (rgbd_image.cpp)
233 << create (rgbd_image.cpp)
336 << RgbdImage (rgbd_image.cpp)
251 << hasSameSize (rgbd_image.cpp)
352 << initialize (rgbd_image.cpp)
378 << hasIntensity (rgbd_image.cpp)
378 << hasIntensity (rgbd_image.cpp)
392 << hasDepth (rgbd_image.cpp)
378 << hasIntensity (rgbd_image.cpp)
392 << hasDepth (rgbd_image.cpp)
399 << hasSameImageSize (rgbd_image.cpp)
149 << ~RgbdImagePyramid (rgbd_image.cpp)
341 << ~RgbdImage (rgbd_image.cpp)
341 << ~RgbdImage (rgbd_image.cpp)
341 << ~RgbdImage (rgbd_image.cpp)
341 << ~RgbdImage (rgbd_image.cpp)
105 << match (dense_tracking.cpp)
120 << Result (dense_tracking_config.cpp)
131 << match (dense_tracking.cpp)
49 << getNumLevels (dense_tracking_config.cpp)
154 << compute (rgbd_image.cpp)
160 << build (rgbd_image.cpp)
57 << setRgbdImagePyramid (point_selection.cpp)
139 << match (dense_tracking.cpp)
49 << getNumLevels (dense_tracking_config.cpp)
154 << compute (rgbd_image.cpp)
160 << build (rgbd_image.cpp)
317 << level (rgbd_image.cpp)
303 << build (rgbd_image.cpp)
245 << create (rgbd_image.cpp)
336 << RgbdImage (rgbd_image.cpp)
41 << pyrDownMeanSmooth (rgbd_image.cpp)
127 << pyrDownSubsample (rgbd_image.cpp)
352 << initialize (rgbd_image.cpp)
378 << hasIntensity (rgbd_image.cpp)
378 << hasIntensity (rgbd_image.cpp)
392 << hasDepth (rgbd_image.cpp)
378 << hasIntensity (rgbd_image.cpp)
392 << hasDepth (rgbd_image.cpp)
399 << hasSameImageSize (rgbd_image.cpp)
317 << level (rgbd_image.cpp)
303 << build (rgbd_image.cpp)
245 << create (rgbd_image.cpp)
336 << RgbdImage (rgbd_image.cpp)
41 << pyrDownMeanSmooth (rgbd_image.cpp)
127 << pyrDownSubsample (rgbd_image.cpp)
352 << initialize (rgbd_image.cpp)
378 << hasIntensity (rgbd_image.cpp)
378 << hasIntensity (rgbd_image.cpp)
392 << hasDepth (rgbd_image.cpp)
378 << hasIntensity (rgbd_image.cpp)
392 << hasDepth (rgbd_image.cpp)
399 << hasSameImageSize (rgbd_image.cpp)
317 << level (rgbd_image.cpp)
303 << build (rgbd_image.cpp)
245 << create (rgbd_image.cpp)
336 << RgbdImage (rgbd_image.cpp)
41 << pyrDownMeanSmooth (rgbd_image.cpp)
127 << pyrDownSubsample (rgbd_image.cpp)
352 << initialize (rgbd_image.cpp)
378 << hasIntensity (rgbd_image.cpp)
378 << hasIntensity (rgbd_image.cpp)
392 << hasDepth (rgbd_image.cpp)
378 << hasIntensity (rgbd_image.cpp)
392 << hasDepth (rgbd_image.cpp)
399 << hasSameImageSize (rgbd_image.cpp)
129 << setIdentity (dense_tracking_config.cpp)
76 << getMaximumNumberOfPoints (point_selection.cpp)
177 << level (rgbd_image.cpp)
76 << getMaximumNumberOfPoints (point_selection.cpp)
177 << level (rgbd_image.cpp)
76 << getMaximumNumberOfPoints (point_selection.cpp)
177 << level (rgbd_image.cpp)
177 << level (rgbd_image.cpp)
346 << camera (rgbd_image.cpp)
227 << intrinsics (rgbd_image.cpp)
99 << select (point_selection.cpp)
154 << compute (rgbd_image.cpp)
160 << build (rgbd_image.cpp)
177 << level (rgbd_image.cpp)
515 << buildPointCloud (rgbd_image.cpp)
392 << hasDepth (rgbd_image.cpp)
258 << buildPointCloud (rgbd_image.cpp)
251 << hasSameSize (rgbd_image.cpp)
552 << buildAccelerationStructure (rgbd_image.cpp)
171 << allocate (point_selection.cpp)
127 << selectPointsFromImage (point_selection.cpp)
552 << buildAccelerationStructure (rgbd_image.cpp)
407 << calculateDerivatives (rgbd_image.cpp)
414 << calculateIntensityDerivatives (rgbd_image.cpp)
378 << hasIntensity (rgbd_image.cpp)
444 << calculateDerivativeX (rgbd_image.cpp)
248 << calculateDerivativeYSseFloat (rgbd_image_sse.cpp)
433 << calculateDepthDerivatives (rgbd_image.cpp)
392 << hasDepth (rgbd_image.cpp)
444 << calculateDerivativeX (rgbd_image.cpp)
483 << calculateDerivativeY (rgbd_image.cpp)
76 << getMaximumNumberOfPoints (point_selection.cpp)
177 << level (rgbd_image.cpp)
49 << OptimizedSelfAdjointMatrix6x6f (math_sse.cpp)
402 << computeResidualsSse (dense_tracking_impl.cpp)
138 << computeResidualsSse (dense_tracking_impl.cpp)
	looping over all points (depthStdDevZ)
81 << IsFirstIterationOnLevel (dense_tracking_config.cpp)
607 << computeScaleSse (dense_tracking_impl.cpp)
581 << computeScalePart (dense_tracking_impl.cpp)
415 << computeCompleteDataLogLikelihood (dense_tracking_impl.cpp)
37 << initialize (least_squares.cpp)
54 << setZero (math_sse.cpp)
	Jacobian rank update loop...
80 << finish (least_squares.cpp)
199 << toEigen (math_sse.cpp)
	Termination Criteria: Increment Too Small
105 << IterationsExceeded (dense_tracking_config.cpp)
177 << level (rgbd_image.cpp)
346 << camera (rgbd_image.cpp)
227 << intrinsics (rgbd_image.cpp)
99 << select (point_selection.cpp)
154 << compute (rgbd_image.cpp)
160 << build (rgbd_image.cpp)
177 << level (rgbd_image.cpp)
515 << buildPointCloud (rgbd_image.cpp)
392 << hasDepth (rgbd_image.cpp)
258 << buildPointCloud (rgbd_image.cpp)
251 << hasSameSize (rgbd_image.cpp)
552 << buildAccelerationStructure (rgbd_image.cpp)
171 << allocate (point_selection.cpp)
127 << selectPointsFromImage (point_selection.cpp)
552 << buildAccelerationStructure (rgbd_image.cpp)
407 << calculateDerivatives (rgbd_image.cpp)
414 << calculateIntensityDerivatives (rgbd_image.cpp)
378 << hasIntensity (rgbd_image.cpp)
444 << calculateDerivativeX (rgbd_image.cpp)
248 << calculateDerivativeYSseFloat (rgbd_image_sse.cpp)
433 << calculateDepthDerivatives (rgbd_image.cpp)
392 << hasDepth (rgbd_image.cpp)
444 << calculateDerivativeX (rgbd_image.cpp)
483 << calculateDerivativeY (rgbd_image.cpp)
76 << getMaximumNumberOfPoints (point_selection.cpp)
177 << level (rgbd_image.cpp)
49 << OptimizedSelfAdjointMatrix6x6f (math_sse.cpp)
402 << computeResidualsSse (dense_tracking_impl.cpp)
138 << computeResidualsSse (dense_tracking_impl.cpp)
	looping over all points (depthStdDevZ)
81 << IsFirstIterationOnLevel (dense_tracking_config.cpp)
607 << computeScaleSse (dense_tracking_impl.cpp)
581 << computeScalePart (dense_tracking_impl.cpp)
415 << computeCompleteDataLogLikelihood (dense_tracking_impl.cpp)
37 << initialize (least_squares.cpp)
54 << setZero (math_sse.cpp)
	Jacobian rank update loop...
80 << finish (least_squares.cpp)
199 << toEigen (math_sse.cpp)
	Termination Criteria: Increment Too Small
105 << IterationsExceeded (dense_tracking_config.cpp)
177 << level (rgbd_image.cpp)
346 << camera (rgbd_image.cpp)
227 << intrinsics (rgbd_image.cpp)
99 << select (point_selection.cpp)
154 << compute (rgbd_image.cpp)
160 << build (rgbd_image.cpp)
177 << level (rgbd_image.cpp)
515 << buildPointCloud (rgbd_image.cpp)
392 << hasDepth (rgbd_image.cpp)
258 << buildPointCloud (rgbd_image.cpp)
251 << hasSameSize (rgbd_image.cpp)
552 << buildAccelerationStructure (rgbd_image.cpp)
171 << allocate (point_selection.cpp)
127 << selectPointsFromImage (point_selection.cpp)
552 << buildAccelerationStructure (rgbd_image.cpp)
407 << calculateDerivatives (rgbd_image.cpp)
414 << calculateIntensityDerivatives (rgbd_image.cpp)
378 << hasIntensity (rgbd_image.cpp)
444 << calculateDerivativeX (rgbd_image.cpp)
248 << calculateDerivativeYSseFloat (rgbd_image_sse.cpp)
433 << calculateDepthDerivatives (rgbd_image.cpp)
392 << hasDepth (rgbd_image.cpp)
444 << calculateDerivativeX (rgbd_image.cpp)
483 << calculateDerivativeY (rgbd_image.cpp)
76 << getMaximumNumberOfPoints (point_selection.cpp)
177 << level (rgbd_image.cpp)
49 << OptimizedSelfAdjointMatrix6x6f (math_sse.cpp)
402 << computeResidualsSse (dense_tracking_impl.cpp)
138 << computeResidualsSse (dense_tracking_impl.cpp)
	looping over all points (depthStdDevZ)
81 << IsFirstIterationOnLevel (dense_tracking_config.cpp)
607 << computeScaleSse (dense_tracking_impl.cpp)
581 << computeScalePart (dense_tracking_impl.cpp)
415 << computeCompleteDataLogLikelihood (dense_tracking_impl.cpp)
37 << initialize (least_squares.cpp)
54 << setZero (math_sse.cpp)
	Jacobian rank update loop...
80 << finish (least_squares.cpp)
199 << toEigen (math_sse.cpp)
105 << IterationsExceeded (dense_tracking_config.cpp)
402 << computeResidualsSse (dense_tracking_impl.cpp)
138 << computeResidualsSse (dense_tracking_impl.cpp)
	looping over all points (depthStdDevZ)
81 << IsFirstIterationOnLevel (dense_tracking_config.cpp)
677 << computeWeightsSse (dense_tracking_impl.cpp)
658 << computeWeight (dense_tracking_impl.cpp)
658 << computeWeight (dense_tracking_impl.cpp)
658 << computeWeight (dense_tracking_impl.cpp)
607 << computeScaleSse (dense_tracking_impl.cpp)
581 << computeScalePart (dense_tracking_impl.cpp)
415 << computeCompleteDataLogLikelihood (dense_tracking_impl.cpp)
37 << initialize (least_squares.cpp)
54 << setZero (math_sse.cpp)
	Jacobian rank update loop...
80 << finish (least_squares.cpp)
199 << toEigen (math_sse.cpp)
	Termination Criteria: Increment Too Small
105 << IterationsExceeded (dense_tracking_config.cpp)

Match Transformation: 
           1 -5.68251e-05 -9.33642e-05   0.00011006
 5.68318e-05            1  7.10011e-05 -5.39553e-05
 9.33602e-05 -7.10064e-05            1 -2.89936e-05
           0            0            0            1
534 << trajectory (ros_camera_trajectory_visualizer.cpp)
464 << trajectory (ros_camera_trajectory_visualizer.cpp)
382 << add (ros_camera_trajectory_visualizer.cpp)
420 << updateMarkerColor (ros_camera_trajectory_visualizer.cpp)
Trajectory Visualizer :: updating marker color...
528 << camera (ros_camera_trajectory_visualizer.cpp)
451 << camera (ros_camera_trajectory_visualizer.cpp)
177 << level (rgbd_image.cpp)
98 << update (ros_camera_trajectory_visualizer.cpp)
190 << hasColorChanged (ros_camera_trajectory_visualizer.cpp)
66 << BuildJob (async_point_cloud_builder.cpp)
74 << show (ros_camera_trajectory_visualizer.cpp)
171 << updateVisualization (ros_camera_trajectory_visualizer.cpp)
79 << add (point_cloud_aggregator.cpp)
341 << ~RgbdImage (rgbd_image.cpp)
325 << publishTransform (camera_dense_tracking.cpp)
340 << publishPose (camera_dense_tracking.cpp)
85 << ~CameraDenseTracker (camera_dense_tracking.cpp)
522 << ~RosCameraTrajectoryVisualizer (ros_camera_trajectory_visualizer.cpp)
446 << ~RosCameraTrajectoryVisualizerImpl (ros_camera_trajectory_visualizer.cpp)
375 << ~RosTrajectoryVisualizer (ros_camera_trajectory_visualizer.cpp)
67 << ~RosCameraVisualizer (ros_camera_trajectory_visualizer.cpp)
86 << remove (point_cloud_aggregator.cpp)
341 << ~RgbdImage (rgbd_image.cpp)
67 << ~RosCameraVisualizer (ros_camera_trajectory_visualizer.cpp)
86 << remove (point_cloud_aggregator.cpp)
341 << ~RgbdImage (rgbd_image.cpp)
67 << ~PointCloudAggregator (point_cloud_aggregator.cpp)
46 << ~PointCloudAggregatorImpl (point_cloud_aggregator.cpp)
149 << ~RgbdImagePyramid (rgbd_image.cpp)
341 << ~RgbdImage (rgbd_image.cpp)
341 << ~RgbdImage (rgbd_image.cpp)
341 << ~RgbdImage (rgbd_image.cpp)
341 << ~RgbdImage (rgbd_image.cpp)
149 << ~RgbdImagePyramid (rgbd_image.cpp)
341 << ~RgbdImage (rgbd_image.cpp)
341 << ~RgbdImage (rgbd_image.cpp)
341 << ~RgbdImage (rgbd_image.cpp)
341 << ~RgbdImage (rgbd_image.cpp)
289 << ~RgbdCameraPyramid (rgbd_image.cpp)
210 << ~RgbdCamera (rgbd_image.cpp)
210 << ~RgbdCamera (rgbd_image.cpp)
210 << ~RgbdCamera (rgbd_image.cpp)
210 << ~RgbdCamera (rgbd_image.cpp)
44 << ~CameraBase (camera_base.cpp)
67 << stopSynchronizedImageStream (camera_base.cpp)
