
Node initialized, initializing dense tracker...
32 << main (camera_tracker_node.cpp)
39 << CameraBase (camera_base.cpp)
49 << getDefaultConfig (dense_tracking.cpp)
44 << Config (dense_tracking_config.cpp)
78 << NoopCameraTrajectoryVisualizer (camera_trajectory_visualizer.cpp)
56 << CameraDenseTracker (camera_dense_tracking.cpp)
120 << handleConfig (camera_dense_tracking.cpp)
Levels: 4294967295
Run dense tracking: 1
Use dense tracking estimate: 1
Tracker: 0
56 << startSynchronizedImageStream (camera_base.cpp)

TRACKER CONFIGURATIONS: 406 << str (weight_calculation.cpp)
272 << str (weight_calculation.cpp)

First Level = 3
Last Level = 1
Max Iterations per Level = 50
Precision = 0.0001
Mu = 0
Use Initial Estimate = true
Use Weighting = false
Scale Estimator = TDistribution
Scale Estimator Param = 5
Influence Function = TDistribution
Influence Function Param = 5
Intensity Derivative Threshold = 0
Depth Derivative Threshold = 0
104 << reset (camera_trajectory_visualizer.cpp)
83 << ~NoopCameraTrajectoryVisualizer (camera_trajectory_visualizer.cpp)
78 << NoopCameraTrajectoryVisualizer (camera_trajectory_visualizer.cpp)

TRANSFORM: camera_link -> camera_rgb_optical_frame
2.22045e-16 2.22045e-16           1           0
         -1           0 2.22045e-16      -0.045
          0          -1 2.22045e-16           0
          0           0           0           1


Dense tracker initialized, starting multi-threaded spinner
214 << handleImages (camera_dense_tracking.cpp)
91 << hasChanged (camera_dense_tracking.cpp)
[33m[ WARN] [1524596960.752550550]: RGB image size has changed, resetting tracker![0m
98 << reset (camera_dense_tracking.cpp)
282 << RgbdCameraPyramid (rgbd_image.cpp)
65 << IntrinsicMatrix (intrinsic_matrix.cpp)
	loop over fx, fy, ox, oy...
193 << RgbdCamera (rgbd_image.cpp)
49 << getNumLevels (dense_tracking_config.cpp)
303 << build (rgbd_image.cpp)
227 << intrinsics (rgbd_image.cpp)
65 << IntrinsicMatrix (intrinsic_matrix.cpp)
	loop over fx, fy, ox, oy...
107 << scale (intrinsic_matrix.cpp)
221 << height (rgbd_image.cpp)
215 << width (rgbd_image.cpp)
65 << IntrinsicMatrix (intrinsic_matrix.cpp)
	loop over fx, fy, ox, oy...
193 << RgbdCamera (rgbd_image.cpp)
227 << intrinsics (rgbd_image.cpp)
65 << IntrinsicMatrix (intrinsic_matrix.cpp)
	loop over fx, fy, ox, oy...
107 << scale (intrinsic_matrix.cpp)
221 << height (rgbd_image.cpp)
215 << width (rgbd_image.cpp)
65 << IntrinsicMatrix (intrinsic_matrix.cpp)
	loop over fx, fy, ox, oy...
193 << RgbdCamera (rgbd_image.cpp)
227 << intrinsics (rgbd_image.cpp)
65 << IntrinsicMatrix (intrinsic_matrix.cpp)
	loop over fx, fy, ox, oy...
107 << scale (intrinsic_matrix.cpp)
221 << height (rgbd_image.cpp)
215 << width (rgbd_image.cpp)
65 << IntrinsicMatrix (intrinsic_matrix.cpp)
	loop over fx, fy, ox, oy...
193 << RgbdCamera (rgbd_image.cpp)
44 << Config (dense_tracking_config.cpp)
70 << IterationContext (dense_tracking_config.cpp)
460 << WeightCalculation (weight_calculation.cpp)
scale set to: 1
34 << PointSelection (point_selection.cpp)
63 << DenseTracker (dense_tracking.cpp)
79 << configure (dense_tracking.cpp)
61 << IsSane (dense_tracking_config.cpp)
is sane: 1
428 << get (weight_calculation.cpp)
356 << TDistributionInfluenceFunction (weight_calculation.cpp)
369 << configure (weight_calculation.cpp)
normalizer: 0.833333
325 << TukeyInfluenceFunction (weight_calculation.cpp)
348 << configure (weight_calculation.cpp)
379 << HuberInfluenceFunction (weight_calculation.cpp)
400 << configure (weight_calculation.cpp)
Unit
293 << get (weight_calculation.cpp)
41 << TDistributionScaleEstimator (weight_calculation.cpp)
47 << configure (weight_calculation.cpp)
dof: 5
182 << OptimizedTDistributionScaleEstimator (weight_calculation.cpp)
228 << MADScaleEstimator (weight_calculation.cpp)
256 << NormalDistributionScaleEstimator (weight_calculation.cpp)
Unit
104 << reset (camera_trajectory_visualizer.cpp)
295 << create (rgbd_image.cpp)

Number of cameras: 1
143 << RgbdImagePyramid (rgbd_image.cpp)
317 << level (rgbd_image.cpp)
303 << build (rgbd_image.cpp)
233 << create (rgbd_image.cpp)
336 << RgbdImage (rgbd_image.cpp)
251 << hasSameSize (rgbd_image.cpp)
352 << initialize (rgbd_image.cpp)
378 << hasIntensity (rgbd_image.cpp)
378 << hasIntensity (rgbd_image.cpp)
392 << hasDepth (rgbd_image.cpp)
378 << hasIntensity (rgbd_image.cpp)
392 << hasDepth (rgbd_image.cpp)
399 << hasSameImageSize (rgbd_image.cpp)
88 << camera (camera_trajectory_visualizer.cpp)
33 << NoopCameraVisualizer (camera_trajectory_visualizer.cpp)
177 << level (rgbd_image.cpp)
51 << update (camera_trajectory_visualizer.cpp)
42 << show (camera_trajectory_visualizer.cpp)
214 << handleImages (camera_dense_tracking.cpp)
91 << hasChanged (camera_dense_tracking.cpp)
295 << create (rgbd_image.cpp)

Number of cameras: 2
143 << RgbdImagePyramid (rgbd_image.cpp)
317 << level (rgbd_image.cpp)
303 << build (rgbd_image.cpp)
233 << create (rgbd_image.cpp)
336 << RgbdImage (rgbd_image.cpp)
251 << hasSameSize (rgbd_image.cpp)
352 << initialize (rgbd_image.cpp)
378 << hasIntensity (rgbd_image.cpp)
378 << hasIntensity (rgbd_image.cpp)
392 << hasDepth (rgbd_image.cpp)
378 << hasIntensity (rgbd_image.cpp)
392 << hasDepth (rgbd_image.cpp)
399 << hasSameImageSize (rgbd_image.cpp)
105 << match (dense_tracking.cpp)
120 << Result (dense_tracking_config.cpp)
131 << match (dense_tracking.cpp)
49 << getNumLevels (dense_tracking_config.cpp)
154 << compute (rgbd_image.cpp)
160 << build (rgbd_image.cpp)
317 << level (rgbd_image.cpp)
303 << build (rgbd_image.cpp)
245 << create (rgbd_image.cpp)
336 << RgbdImage (rgbd_image.cpp)
41 << pyrDownMeanSmooth (rgbd_image.cpp)
127 << pyrDownSubsample (rgbd_image.cpp)
352 << initialize (rgbd_image.cpp)
378 << hasIntensity (rgbd_image.cpp)
378 << hasIntensity (rgbd_image.cpp)
392 << hasDepth (rgbd_image.cpp)
378 << hasIntensity (rgbd_image.cpp)
392 << hasDepth (rgbd_image.cpp)
399 << hasSameImageSize (rgbd_image.cpp)
317 << level (rgbd_image.cpp)
303 << build (rgbd_image.cpp)
245 << create (rgbd_image.cpp)
336 << RgbdImage (rgbd_image.cpp)
41 << pyrDownMeanSmooth (rgbd_image.cpp)
127 << pyrDownSubsample (rgbd_image.cpp)
352 << initialize (rgbd_image.cpp)
378 << hasIntensity (rgbd_image.cpp)
378 << hasIntensity (rgbd_image.cpp)
392 << hasDepth (rgbd_image.cpp)
378 << hasIntensity (rgbd_image.cpp)
392 << hasDepth (rgbd_image.cpp)
399 << hasSameImageSize (rgbd_image.cpp)
317 << level (rgbd_image.cpp)
303 << build (rgbd_image.cpp)
245 << create (rgbd_image.cpp)
336 << RgbdImage (rgbd_image.cpp)
41 << pyrDownMeanSmooth (rgbd_image.cpp)
127 << pyrDownSubsample (rgbd_image.cpp)
352 << initialize (rgbd_image.cpp)
378 << hasIntensity (rgbd_image.cpp)
378 << hasIntensity (rgbd_image.cpp)
392 << hasDepth (rgbd_image.cpp)
378 << hasIntensity (rgbd_image.cpp)
392 << hasDepth (rgbd_image.cpp)
399 << hasSameImageSize (rgbd_image.cpp)
57 << setRgbdImagePyramid (point_selection.cpp)
139 << match (dense_tracking.cpp)
49 << getNumLevels (dense_tracking_config.cpp)
154 << compute (rgbd_image.cpp)
160 << build (rgbd_image.cpp)
317 << level (rgbd_image.cpp)
303 << build (rgbd_image.cpp)
245 << create (rgbd_image.cpp)
336 << RgbdImage (rgbd_image.cpp)
41 << pyrDownMeanSmooth (rgbd_image.cpp)
127 << pyrDownSubsample (rgbd_image.cpp)
352 << initialize (rgbd_image.cpp)
378 << hasIntensity (rgbd_image.cpp)
378 << hasIntensity (rgbd_image.cpp)
392 << hasDepth (rgbd_image.cpp)
378 << hasIntensity (rgbd_image.cpp)
392 << hasDepth (rgbd_image.cpp)
399 << hasSameImageSize (rgbd_image.cpp)
317 << level (rgbd_image.cpp)
303 << build (rgbd_image.cpp)
245 << create (rgbd_image.cpp)
336 << RgbdImage (rgbd_image.cpp)
41 << pyrDownMeanSmooth (rgbd_image.cpp)
127 << pyrDownSubsample (rgbd_image.cpp)
352 << initialize (rgbd_image.cpp)
378 << hasIntensity (rgbd_image.cpp)
378 << hasIntensity (rgbd_image.cpp)
392 << hasDepth (rgbd_image.cpp)
378 << hasIntensity (rgbd_image.cpp)
392 << hasDepth (rgbd_image.cpp)
399 << hasSameImageSize (rgbd_image.cpp)
317 << level (rgbd_image.cpp)
303 << build (rgbd_image.cpp)
245 << create (rgbd_image.cpp)
336 << RgbdImage (rgbd_image.cpp)
41 << pyrDownMeanSmooth (rgbd_image.cpp)
127 << pyrDownSubsample (rgbd_image.cpp)
352 << initialize (rgbd_image.cpp)
378 << hasIntensity (rgbd_image.cpp)
378 << hasIntensity (rgbd_image.cpp)
392 << hasDepth (rgbd_image.cpp)
378 << hasIntensity (rgbd_image.cpp)
392 << hasDepth (rgbd_image.cpp)
399 << hasSameImageSize (rgbd_image.cpp)
129 << setIdentity (dense_tracking_config.cpp)
76 << getMaximumNumberOfPoints (point_selection.cpp)
177 << level (rgbd_image.cpp)
76 << getMaximumNumberOfPoints (point_selection.cpp)
177 << level (rgbd_image.cpp)
76 << getMaximumNumberOfPoints (point_selection.cpp)
177 << level (rgbd_image.cpp)
76 << getMaximumNumberOfPoints (point_selection.cpp)
177 << level (rgbd_image.cpp)
76 << getMaximumNumberOfPoints (point_selection.cpp)
177 << level (rgbd_image.cpp)
76 << getMaximumNumberOfPoints (point_selection.cpp)
177 << level (rgbd_image.cpp)
177 << level (rgbd_image.cpp)
346 << camera (rgbd_image.cpp)
227 << intrinsics (rgbd_image.cpp)
99 << select (point_selection.cpp)
154 << compute (rgbd_image.cpp)
160 << build (rgbd_image.cpp)
166 << Storage (point_selection.cpp)
177 << level (rgbd_image.cpp)
515 << buildPointCloud (rgbd_image.cpp)
392 << hasDepth (rgbd_image.cpp)
258 << buildPointCloud (rgbd_image.cpp)
251 << hasSameSize (rgbd_image.cpp)
552 << buildAccelerationStructure (rgbd_image.cpp)
407 << calculateDerivatives (rgbd_image.cpp)
414 << calculateIntensityDerivatives (rgbd_image.cpp)
378 << hasIntensity (rgbd_image.cpp)
444 << calculateDerivativeX (rgbd_image.cpp)
248 << calculateDerivativeYSseFloat (rgbd_image_sse.cpp)
433 << calculateDepthDerivatives (rgbd_image.cpp)
392 << hasDepth (rgbd_image.cpp)
444 << calculateDerivativeX (rgbd_image.cpp)
483 << calculateDerivativeY (rgbd_image.cpp)
171 << allocate (point_selection.cpp)
127 << selectPointsFromImage (point_selection.cpp)
552 << buildAccelerationStructure (rgbd_image.cpp)
407 << calculateDerivatives (rgbd_image.cpp)
414 << calculateIntensityDerivatives (rgbd_image.cpp)
378 << hasIntensity (rgbd_image.cpp)
444 << calculateDerivativeX (rgbd_image.cpp)
248 << calculateDerivativeYSseFloat (rgbd_image_sse.cpp)
433 << calculateDepthDerivatives (rgbd_image.cpp)
392 << hasDepth (rgbd_image.cpp)
444 << calculateDerivativeX (rgbd_image.cpp)
483 << calculateDerivativeY (rgbd_image.cpp)
76 << getMaximumNumberOfPoints (point_selection.cpp)
177 << level (rgbd_image.cpp)
49 << OptimizedSelfAdjointMatrix6x6f (math_sse.cpp)
402 << computeResidualsSse (dense_tracking_impl.cpp)
138 << computeResidualsSse (dense_tracking_impl.cpp)
	looping over all points (depthStdDevZ)
81 << IsFirstIterationOnLevel (dense_tracking_config.cpp)
607 << computeScaleSse (dense_tracking_impl.cpp)
415 << computeCompleteDataLogLikelihood (dense_tracking_impl.cpp)
37 << initialize (least_squares.cpp)
54 << setZero (math_sse.cpp)
	Jacobian rank update loop...
80 << finish (least_squares.cpp)
199 << toEigen (math_sse.cpp)
105 << IterationsExceeded (dense_tracking_config.cpp)
402 << computeResidualsSse (dense_tracking_impl.cpp)
138 << computeResidualsSse (dense_tracking_impl.cpp)
	looping over all points (depthStdDevZ)
81 << IsFirstIterationOnLevel (dense_tracking_config.cpp)
677 << computeWeightsSse (dense_tracking_impl.cpp)
658 << computeWeight (dense_tracking_impl.cpp)
607 << computeScaleSse (dense_tracking_impl.cpp)
581 << computeScalePart (dense_tracking_impl.cpp)
415 << computeCompleteDataLogLikelihood (dense_tracking_impl.cpp)
37 << initialize (least_squares.cpp)
54 << setZero (math_sse.cpp)
	Jacobian rank update loop...
80 << finish (least_squares.cpp)
199 << toEigen (math_sse.cpp)
	Termination Criteria: Increment Too Small
105 << IterationsExceeded (dense_tracking_config.cpp)
177 << level (rgbd_image.cpp)
346 << camera (rgbd_image.cpp)
227 << intrinsics (rgbd_image.cpp)
99 << select (point_selection.cpp)
154 << compute (rgbd_image.cpp)
160 << build (rgbd_image.cpp)
177 << level (rgbd_image.cpp)
515 << buildPointCloud (rgbd_image.cpp)
392 << hasDepth (rgbd_image.cpp)
258 << buildPointCloud (rgbd_image.cpp)
251 << hasSameSize (rgbd_image.cpp)
552 << buildAccelerationStructure (rgbd_image.cpp)
407 << calculateDerivatives (rgbd_image.cpp)
414 << calculateIntensityDerivatives (rgbd_image.cpp)
378 << hasIntensity (rgbd_image.cpp)
444 << calculateDerivativeX (rgbd_image.cpp)
248 << calculateDerivativeYSseFloat (rgbd_image_sse.cpp)
433 << calculateDepthDerivatives (rgbd_image.cpp)
392 << hasDepth (rgbd_image.cpp)
444 << calculateDerivativeX (rgbd_image.cpp)
483 << calculateDerivativeY (rgbd_image.cpp)
171 << allocate (point_selection.cpp)
127 << selectPointsFromImage (point_selection.cpp)
552 << buildAccelerationStructure (rgbd_image.cpp)
407 << calculateDerivatives (rgbd_image.cpp)
414 << calculateIntensityDerivatives (rgbd_image.cpp)
378 << hasIntensity (rgbd_image.cpp)
444 << calculateDerivativeX (rgbd_image.cpp)
248 << calculateDerivativeYSseFloat (rgbd_image_sse.cpp)
433 << calculateDepthDerivatives (rgbd_image.cpp)
392 << hasDepth (rgbd_image.cpp)
444 << calculateDerivativeX (rgbd_image.cpp)
483 << calculateDerivativeY (rgbd_image.cpp)
76 << getMaximumNumberOfPoints (point_selection.cpp)
177 << level (rgbd_image.cpp)
49 << OptimizedSelfAdjointMatrix6x6f (math_sse.cpp)
402 << computeResidualsSse (dense_tracking_impl.cpp)
138 << computeResidualsSse (dense_tracking_impl.cpp)
	looping over all points (depthStdDevZ)
81 << IsFirstIterationOnLevel (dense_tracking_config.cpp)
607 << computeScaleSse (dense_tracking_impl.cpp)
581 << computeScalePart (dense_tracking_impl.cpp)
415 << computeCompleteDataLogLikelihood (dense_tracking_impl.cpp)
37 << initialize (least_squares.cpp)
54 << setZero (math_sse.cpp)
	Jacobian rank update loop...
80 << finish (least_squares.cpp)
199 << toEigen (math_sse.cpp)
105 << IterationsExceeded (dense_tracking_config.cpp)
402 << computeResidualsSse (dense_tracking_impl.cpp)
138 << computeResidualsSse (dense_tracking_impl.cpp)
	looping over all points (depthStdDevZ)
81 << IsFirstIterationOnLevel (dense_tracking_config.cpp)
677 << computeWeightsSse (dense_tracking_impl.cpp)
658 << computeWeight (dense_tracking_impl.cpp)
658 << computeWeight (dense_tracking_impl.cpp)
658 << computeWeight (dense_tracking_impl.cpp)
607 << computeScaleSse (dense_tracking_impl.cpp)
581 << computeScalePart (dense_tracking_impl.cpp)
415 << computeCompleteDataLogLikelihood (dense_tracking_impl.cpp)
37 << initialize (least_squares.cpp)
54 << setZero (math_sse.cpp)
	Jacobian rank update loop...
80 << finish (least_squares.cpp)
199 << toEigen (math_sse.cpp)
	Termination Criteria: Increment Too Small
105 << IterationsExceeded (dense_tracking_config.cpp)
177 << level (rgbd_image.cpp)
346 << camera (rgbd_image.cpp)
227 << intrinsics (rgbd_image.cpp)
99 << select (point_selection.cpp)
154 << compute (rgbd_image.cpp)
160 << build (rgbd_image.cpp)
177 << level (rgbd_image.cpp)
515 << buildPointCloud (rgbd_image.cpp)
392 << hasDepth (rgbd_image.cpp)
258 << buildPointCloud (rgbd_image.cpp)
251 << hasSameSize (rgbd_image.cpp)
552 << buildAccelerationStructure (rgbd_image.cpp)
407 << calculateDerivatives (rgbd_image.cpp)
414 << calculateIntensityDerivatives (rgbd_image.cpp)
378 << hasIntensity (rgbd_image.cpp)
444 << calculateDerivativeX (rgbd_image.cpp)
248 << calculateDerivativeYSseFloat (rgbd_image_sse.cpp)
433 << calculateDepthDerivatives (rgbd_image.cpp)
392 << hasDepth (rgbd_image.cpp)
444 << calculateDerivativeX (rgbd_image.cpp)
483 << calculateDerivativeY (rgbd_image.cpp)
171 << allocate (point_selection.cpp)
127 << selectPointsFromImage (point_selection.cpp)
552 << buildAccelerationStructure (rgbd_image.cpp)
407 << calculateDerivatives (rgbd_image.cpp)
414 << calculateIntensityDerivatives (rgbd_image.cpp)
378 << hasIntensity (rgbd_image.cpp)
444 << calculateDerivativeX (rgbd_image.cpp)
248 << calculateDerivativeYSseFloat (rgbd_image_sse.cpp)
433 << calculateDepthDerivatives (rgbd_image.cpp)
392 << hasDepth (rgbd_image.cpp)
444 << calculateDerivativeX (rgbd_image.cpp)
483 << calculateDerivativeY (rgbd_image.cpp)
76 << getMaximumNumberOfPoints (point_selection.cpp)
177 << level (rgbd_image.cpp)
49 << OptimizedSelfAdjointMatrix6x6f (math_sse.cpp)
402 << computeResidualsSse (dense_tracking_impl.cpp)
138 << computeResidualsSse (dense_tracking_impl.cpp)
	looping over all points (depthStdDevZ)
81 << IsFirstIterationOnLevel (dense_tracking_config.cpp)
607 << computeScaleSse (dense_tracking_impl.cpp)
581 << computeScalePart (dense_tracking_impl.cpp)
415 << computeCompleteDataLogLikelihood (dense_tracking_impl.cpp)
37 << initialize (least_squares.cpp)
54 << setZero (math_sse.cpp)
	Jacobian rank update loop...
80 << finish (least_squares.cpp)
199 << toEigen (math_sse.cpp)
105 << IterationsExceeded (dense_tracking_config.cpp)
402 << computeResidualsSse (dense_tracking_impl.cpp)
138 << computeResidualsSse (dense_tracking_impl.cpp)
	looping over all points (depthStdDevZ)
81 << IsFirstIterationOnLevel (dense_tracking_config.cpp)
677 << computeWeightsSse (dense_tracking_impl.cpp)
658 << computeWeight (dense_tracking_impl.cpp)
658 << computeWeight (dense_tracking_impl.cpp)
607 << computeScaleSse (dense_tracking_impl.cpp)
415 << computeCompleteDataLogLikelihood (dense_tracking_impl.cpp)
37 << initialize (least_squares.cpp)
54 << setZero (math_sse.cpp)
	Jacobian rank update loop...
80 << finish (least_squares.cpp)
199 << toEigen (math_sse.cpp)
105 << IterationsExceeded (dense_tracking_config.cpp)
402 << computeResidualsSse (dense_tracking_impl.cpp)
138 << computeResidualsSse (dense_tracking_impl.cpp)
	looping over all points (depthStdDevZ)
81 << IsFirstIterationOnLevel (dense_tracking_config.cpp)
677 << computeWeightsSse (dense_tracking_impl.cpp)
607 << computeScaleSse (dense_tracking_impl.cpp)
415 << computeCompleteDataLogLikelihood (dense_tracking_impl.cpp)
37 << initialize (least_squares.cpp)
54 << setZero (math_sse.cpp)
	Jacobian rank update loop...
80 << finish (least_squares.cpp)
199 << toEigen (math_sse.cpp)
	Termination Criteria: Increment Too Small
105 << IterationsExceeded (dense_tracking_config.cpp)

Match Transformation: 
           1 -0.000249218 -0.000337309  0.000306408
 0.000249227            1  2.68643e-05 -3.39657e-05
 0.000337302 -2.69483e-05            1 -0.000180591
           0            0            0            1
96 << trajectory (camera_trajectory_visualizer.cpp)
61 << NoopTrajectoryVisualizer (camera_trajectory_visualizer.cpp)
71 << add (camera_trajectory_visualizer.cpp)
88 << camera (camera_trajectory_visualizer.cpp)
177 << level (rgbd_image.cpp)
51 << update (camera_trajectory_visualizer.cpp)
42 << show (camera_trajectory_visualizer.cpp)
325 << publishTransform (camera_dense_tracking.cpp)
340 << publishPose (camera_dense_tracking.cpp)
214 << handleImages (camera_dense_tracking.cpp)
91 << hasChanged (camera_dense_tracking.cpp)
295 << create (rgbd_image.cpp)

Number of cameras: 3
143 << RgbdImagePyramid (rgbd_image.cpp)
317 << level (rgbd_image.cpp)
303 << build (rgbd_image.cpp)
233 << create (rgbd_image.cpp)
336 << RgbdImage (rgbd_image.cpp)
251 << hasSameSize (rgbd_image.cpp)
352 << initialize (rgbd_image.cpp)
378 << hasIntensity (rgbd_image.cpp)
378 << hasIntensity (rgbd_image.cpp)
392 << hasDepth (rgbd_image.cpp)
378 << hasIntensity (rgbd_image.cpp)
392 << hasDepth (rgbd_image.cpp)
399 << hasSameImageSize (rgbd_image.cpp)
149 << ~RgbdImagePyramid (rgbd_image.cpp)
341 << ~RgbdImage (rgbd_image.cpp)
341 << ~RgbdImage (rgbd_image.cpp)
341 << ~RgbdImage (rgbd_image.cpp)
341 << ~RgbdImage (rgbd_image.cpp)
105 << match (dense_tracking.cpp)
120 << Result (dense_tracking_config.cpp)
131 << match (dense_tracking.cpp)
49 << getNumLevels (dense_tracking_config.cpp)
154 << compute (rgbd_image.cpp)
160 << build (rgbd_image.cpp)
57 << setRgbdImagePyramid (point_selection.cpp)
139 << match (dense_tracking.cpp)
49 << getNumLevels (dense_tracking_config.cpp)
154 << compute (rgbd_image.cpp)
160 << build (rgbd_image.cpp)
317 << level (rgbd_image.cpp)
303 << build (rgbd_image.cpp)
245 << create (rgbd_image.cpp)
336 << RgbdImage (rgbd_image.cpp)
41 << pyrDownMeanSmooth (rgbd_image.cpp)
127 << pyrDownSubsample (rgbd_image.cpp)
352 << initialize (rgbd_image.cpp)
378 << hasIntensity (rgbd_image.cpp)
378 << hasIntensity (rgbd_image.cpp)
392 << hasDepth (rgbd_image.cpp)
378 << hasIntensity (rgbd_image.cpp)
392 << hasDepth (rgbd_image.cpp)
399 << hasSameImageSize (rgbd_image.cpp)
317 << level (rgbd_image.cpp)
303 << build (rgbd_image.cpp)
245 << create (rgbd_image.cpp)
336 << RgbdImage (rgbd_image.cpp)
41 << pyrDownMeanSmooth (rgbd_image.cpp)
127 << pyrDownSubsample (rgbd_image.cpp)
352 << initialize (rgbd_image.cpp)
378 << hasIntensity (rgbd_image.cpp)
378 << hasIntensity (rgbd_image.cpp)
392 << hasDepth (rgbd_image.cpp)
378 << hasIntensity (rgbd_image.cpp)
392 << hasDepth (rgbd_image.cpp)
399 << hasSameImageSize (rgbd_image.cpp)
317 << level (rgbd_image.cpp)
303 << build (rgbd_image.cpp)
245 << create (rgbd_image.cpp)
336 << RgbdImage (rgbd_image.cpp)
41 << pyrDownMeanSmooth (rgbd_image.cpp)
127 << pyrDownSubsample (rgbd_image.cpp)
352 << initialize (rgbd_image.cpp)
378 << hasIntensity (rgbd_image.cpp)
378 << hasIntensity (rgbd_image.cpp)
392 << hasDepth (rgbd_image.cpp)
378 << hasIntensity (rgbd_image.cpp)
392 << hasDepth (rgbd_image.cpp)
399 << hasSameImageSize (rgbd_image.cpp)
129 << setIdentity (dense_tracking_config.cpp)
76 << getMaximumNumberOfPoints (point_selection.cpp)
177 << level (rgbd_image.cpp)
76 << getMaximumNumberOfPoints (point_selection.cpp)
177 << level (rgbd_image.cpp)
76 << getMaximumNumberOfPoints (point_selection.cpp)
177 << level (rgbd_image.cpp)
177 << level (rgbd_image.cpp)
346 << camera (rgbd_image.cpp)
227 << intrinsics (rgbd_image.cpp)
99 << select (point_selection.cpp)
154 << compute (rgbd_image.cpp)
160 << build (rgbd_image.cpp)
177 << level (rgbd_image.cpp)
515 << buildPointCloud (rgbd_image.cpp)
392 << hasDepth (rgbd_image.cpp)
258 << buildPointCloud (rgbd_image.cpp)
251 << hasSameSize (rgbd_image.cpp)
552 << buildAccelerationStructure (rgbd_image.cpp)
171 << allocate (point_selection.cpp)
127 << selectPointsFromImage (point_selection.cpp)
552 << buildAccelerationStructure (rgbd_image.cpp)
407 << calculateDerivatives (rgbd_image.cpp)
414 << calculateIntensityDerivatives (rgbd_image.cpp)
378 << hasIntensity (rgbd_image.cpp)
444 << calculateDerivativeX (rgbd_image.cpp)
248 << calculateDerivativeYSseFloat (rgbd_image_sse.cpp)
433 << calculateDepthDerivatives (rgbd_image.cpp)
392 << hasDepth (rgbd_image.cpp)
444 << calculateDerivativeX (rgbd_image.cpp)
483 << calculateDerivativeY (rgbd_image.cpp)
76 << getMaximumNumberOfPoints (point_selection.cpp)
177 << level (rgbd_image.cpp)
49 << OptimizedSelfAdjointMatrix6x6f (math_sse.cpp)
402 << computeResidualsSse (dense_tracking_impl.cpp)
138 << computeResidualsSse (dense_tracking_impl.cpp)
	looping over all points (depthStdDevZ)
81 << IsFirstIterationOnLevel (dense_tracking_config.cpp)
607 << computeScaleSse (dense_tracking_impl.cpp)
581 << computeScalePart (dense_tracking_impl.cpp)
415 << computeCompleteDataLogLikelihood (dense_tracking_impl.cpp)
37 << initialize (least_squares.cpp)
54 << setZero (math_sse.cpp)
	Jacobian rank update loop...
80 << finish (least_squares.cpp)
199 << toEigen (math_sse.cpp)
105 << IterationsExceeded (dense_tracking_config.cpp)
402 << computeResidualsSse (dense_tracking_impl.cpp)
138 << computeResidualsSse (dense_tracking_impl.cpp)
	looping over all points (depthStdDevZ)
81 << IsFirstIterationOnLevel (dense_tracking_config.cpp)
677 << computeWeightsSse (dense_tracking_impl.cpp)
658 << computeWeight (dense_tracking_impl.cpp)
658 << computeWeight (dense_tracking_impl.cpp)
658 << computeWeight (dense_tracking_impl.cpp)
607 << computeScaleSse (dense_tracking_impl.cpp)
581 << computeScalePart (dense_tracking_impl.cpp)
415 << computeCompleteDataLogLikelihood (dense_tracking_impl.cpp)
37 << initialize (least_squares.cpp)
54 << setZero (math_sse.cpp)
	Jacobian rank update loop...
80 << finish (least_squares.cpp)
199 << toEigen (math_sse.cpp)
	Termination Criteria: Increment Too Small
105 << IterationsExceeded (dense_tracking_config.cpp)
177 << level (rgbd_image.cpp)
346 << camera (rgbd_image.cpp)
227 << intrinsics (rgbd_image.cpp)
99 << select (point_selection.cpp)
154 << compute (rgbd_image.cpp)
160 << build (rgbd_image.cpp)
177 << level (rgbd_image.cpp)
515 << buildPointCloud (rgbd_image.cpp)
392 << hasDepth (rgbd_image.cpp)
258 << buildPointCloud (rgbd_image.cpp)
251 << hasSameSize (rgbd_image.cpp)
552 << buildAccelerationStructure (rgbd_image.cpp)
171 << allocate (point_selection.cpp)
127 << selectPointsFromImage (point_selection.cpp)
552 << buildAccelerationStructure (rgbd_image.cpp)
407 << calculateDerivatives (rgbd_image.cpp)
414 << calculateIntensityDerivatives (rgbd_image.cpp)
378 << hasIntensity (rgbd_image.cpp)
444 << calculateDerivativeX (rgbd_image.cpp)
248 << calculateDerivativeYSseFloat (rgbd_image_sse.cpp)
433 << calculateDepthDerivatives (rgbd_image.cpp)
392 << hasDepth (rgbd_image.cpp)
444 << calculateDerivativeX (rgbd_image.cpp)
483 << calculateDerivativeY (rgbd_image.cpp)
76 << getMaximumNumberOfPoints (point_selection.cpp)
177 << level (rgbd_image.cpp)
49 << OptimizedSelfAdjointMatrix6x6f (math_sse.cpp)
402 << computeResidualsSse (dense_tracking_impl.cpp)
138 << computeResidualsSse (dense_tracking_impl.cpp)
	looping over all points (depthStdDevZ)
81 << IsFirstIterationOnLevel (dense_tracking_config.cpp)
607 << computeScaleSse (dense_tracking_impl.cpp)
581 << computeScalePart (dense_tracking_impl.cpp)
415 << computeCompleteDataLogLikelihood (dense_tracking_impl.cpp)
37 << initialize (least_squares.cpp)
54 << setZero (math_sse.cpp)
	Jacobian rank update loop...
80 << finish (least_squares.cpp)
199 << toEigen (math_sse.cpp)
105 << IterationsExceeded (dense_tracking_config.cpp)
402 << computeResidualsSse (dense_tracking_impl.cpp)
138 << computeResidualsSse (dense_tracking_impl.cpp)
	looping over all points (depthStdDevZ)
81 << IsFirstIterationOnLevel (dense_tracking_config.cpp)
677 << computeWeightsSse (dense_tracking_impl.cpp)
658 << computeWeight (dense_tracking_impl.cpp)
658 << computeWeight (dense_tracking_impl.cpp)
607 << computeScaleSse (dense_tracking_impl.cpp)
415 << computeCompleteDataLogLikelihood (dense_tracking_impl.cpp)
37 << initialize (least_squares.cpp)
54 << setZero (math_sse.cpp)
	Jacobian rank update loop...
80 << finish (least_squares.cpp)
199 << toEigen (math_sse.cpp)
	Termination Criteria: Increment Too Small
105 << IterationsExceeded (dense_tracking_config.cpp)
177 << level (rgbd_image.cpp)
346 << camera (rgbd_image.cpp)
227 << intrinsics (rgbd_image.cpp)
99 << select (point_selection.cpp)
154 << compute (rgbd_image.cpp)
160 << build (rgbd_image.cpp)
177 << level (rgbd_image.cpp)
515 << buildPointCloud (rgbd_image.cpp)
392 << hasDepth (rgbd_image.cpp)
258 << buildPointCloud (rgbd_image.cpp)
251 << hasSameSize (rgbd_image.cpp)
552 << buildAccelerationStructure (rgbd_image.cpp)
171 << allocate (point_selection.cpp)
127 << selectPointsFromImage (point_selection.cpp)
552 << buildAccelerationStructure (rgbd_image.cpp)
407 << calculateDerivatives (rgbd_image.cpp)
414 << calculateIntensityDerivatives (rgbd_image.cpp)
378 << hasIntensity (rgbd_image.cpp)
444 << calculateDerivativeX (rgbd_image.cpp)
248 << calculateDerivativeYSseFloat (rgbd_image_sse.cpp)
433 << calculateDepthDerivatives (rgbd_image.cpp)
392 << hasDepth (rgbd_image.cpp)
444 << calculateDerivativeX (rgbd_image.cpp)
483 << calculateDerivativeY (rgbd_image.cpp)
76 << getMaximumNumberOfPoints (point_selection.cpp)
177 << level (rgbd_image.cpp)
49 << OptimizedSelfAdjointMatrix6x6f (math_sse.cpp)
402 << computeResidualsSse (dense_tracking_impl.cpp)
138 << computeResidualsSse (dense_tracking_impl.cpp)
	looping over all points (depthStdDevZ)
81 << IsFirstIterationOnLevel (dense_tracking_config.cpp)
607 << computeScaleSse (dense_tracking_impl.cpp)
581 << computeScalePart (dense_tracking_impl.cpp)
415 << computeCompleteDataLogLikelihood (dense_tracking_impl.cpp)
37 << initialize (least_squares.cpp)
54 << setZero (math_sse.cpp)
	Jacobian rank update loop...
80 << finish (least_squares.cpp)
199 << toEigen (math_sse.cpp)
105 << IterationsExceeded (dense_tracking_config.cpp)
402 << computeResidualsSse (dense_tracking_impl.cpp)
138 << computeResidualsSse (dense_tracking_impl.cpp)
	looping over all points (depthStdDevZ)
81 << IsFirstIterationOnLevel (dense_tracking_config.cpp)
677 << computeWeightsSse (dense_tracking_impl.cpp)
658 << computeWeight (dense_tracking_impl.cpp)
607 << computeScaleSse (dense_tracking_impl.cpp)
581 << computeScalePart (dense_tracking_impl.cpp)
415 << computeCompleteDataLogLikelihood (dense_tracking_impl.cpp)
37 << initialize (least_squares.cpp)
54 << setZero (math_sse.cpp)
	Jacobian rank update loop...
80 << finish (least_squares.cpp)
199 << toEigen (math_sse.cpp)
	Termination Criteria: Increment Too Small
105 << IterationsExceeded (dense_tracking_config.cpp)

Match Transformation: 
           1 -0.000143428 -0.000169123  0.000152067
 0.000143427            1 -2.77085e-06  1.59876e-05
 0.000169124  2.74659e-06            1 -6.34004e-05
           0            0            0            1
96 << trajectory (camera_trajectory_visualizer.cpp)
71 << add (camera_trajectory_visualizer.cpp)
88 << camera (camera_trajectory_visualizer.cpp)
177 << level (rgbd_image.cpp)
51 << update (camera_trajectory_visualizer.cpp)
42 << show (camera_trajectory_visualizer.cpp)
325 << publishTransform (camera_dense_tracking.cpp)
340 << publishPose (camera_dense_tracking.cpp)
214 << handleImages (camera_dense_tracking.cpp)
91 << hasChanged (camera_dense_tracking.cpp)
295 << create (rgbd_image.cpp)

Number of cameras: 4
143 << RgbdImagePyramid (rgbd_image.cpp)
317 << level (rgbd_image.cpp)
303 << build (rgbd_image.cpp)
233 << create (rgbd_image.cpp)
336 << RgbdImage (rgbd_image.cpp)
251 << hasSameSize (rgbd_image.cpp)
352 << initialize (rgbd_image.cpp)
378 << hasIntensity (rgbd_image.cpp)
378 << hasIntensity (rgbd_image.cpp)
392 << hasDepth (rgbd_image.cpp)
378 << hasIntensity (rgbd_image.cpp)
392 << hasDepth (rgbd_image.cpp)
399 << hasSameImageSize (rgbd_image.cpp)
149 << ~RgbdImagePyramid (rgbd_image.cpp)
341 << ~RgbdImage (rgbd_image.cpp)
341 << ~RgbdImage (rgbd_image.cpp)
341 << ~RgbdImage (rgbd_image.cpp)
341 << ~RgbdImage (rgbd_image.cpp)
105 << match (dense_tracking.cpp)
120 << Result (dense_tracking_config.cpp)
131 << match (dense_tracking.cpp)
49 << getNumLevels (dense_tracking_config.cpp)
154 << compute (rgbd_image.cpp)
160 << build (rgbd_image.cpp)
57 << setRgbdImagePyramid (point_selection.cpp)
139 << match (dense_tracking.cpp)
49 << getNumLevels (dense_tracking_config.cpp)
154 << compute (rgbd_image.cpp)
160 << build (rgbd_image.cpp)
317 << level (rgbd_image.cpp)
303 << build (rgbd_image.cpp)
245 << create (rgbd_image.cpp)
336 << RgbdImage (rgbd_image.cpp)
41 << pyrDownMeanSmooth (rgbd_image.cpp)
127 << pyrDownSubsample (rgbd_image.cpp)
352 << initialize (rgbd_image.cpp)
378 << hasIntensity (rgbd_image.cpp)
378 << hasIntensity (rgbd_image.cpp)
392 << hasDepth (rgbd_image.cpp)
378 << hasIntensity (rgbd_image.cpp)
392 << hasDepth (rgbd_image.cpp)
399 << hasSameImageSize (rgbd_image.cpp)
317 << level (rgbd_image.cpp)
303 << build (rgbd_image.cpp)
245 << create (rgbd_image.cpp)
336 << RgbdImage (rgbd_image.cpp)
41 << pyrDownMeanSmooth (rgbd_image.cpp)
127 << pyrDownSubsample (rgbd_image.cpp)
352 << initialize (rgbd_image.cpp)
378 << hasIntensity (rgbd_image.cpp)
378 << hasIntensity (rgbd_image.cpp)
392 << hasDepth (rgbd_image.cpp)
378 << hasIntensity (rgbd_image.cpp)
392 << hasDepth (rgbd_image.cpp)
399 << hasSameImageSize (rgbd_image.cpp)
317 << level (rgbd_image.cpp)
303 << build (rgbd_image.cpp)
245 << create (rgbd_image.cpp)
336 << RgbdImage (rgbd_image.cpp)
41 << pyrDownMeanSmooth (rgbd_image.cpp)
127 << pyrDownSubsample (rgbd_image.cpp)
352 << initialize (rgbd_image.cpp)
378 << hasIntensity (rgbd_image.cpp)
378 << hasIntensity (rgbd_image.cpp)
392 << hasDepth (rgbd_image.cpp)
378 << hasIntensity (rgbd_image.cpp)
392 << hasDepth (rgbd_image.cpp)
399 << hasSameImageSize (rgbd_image.cpp)
129 << setIdentity (dense_tracking_config.cpp)
76 << getMaximumNumberOfPoints (point_selection.cpp)
177 << level (rgbd_image.cpp)
76 << getMaximumNumberOfPoints (point_selection.cpp)
177 << level (rgbd_image.cpp)
76 << getMaximumNumberOfPoints (point_selection.cpp)
177 << level (rgbd_image.cpp)
177 << level (rgbd_image.cpp)
346 << camera (rgbd_image.cpp)
227 << intrinsics (rgbd_image.cpp)
99 << select (point_selection.cpp)
154 << compute (rgbd_image.cpp)
160 << build (rgbd_image.cpp)
177 << level (rgbd_image.cpp)
515 << buildPointCloud (rgbd_image.cpp)
392 << hasDepth (rgbd_image.cpp)
258 << buildPointCloud (rgbd_image.cpp)
251 << hasSameSize (rgbd_image.cpp)
552 << buildAccelerationStructure (rgbd_image.cpp)
171 << allocate (point_selection.cpp)
127 << selectPointsFromImage (point_selection.cpp)
552 << buildAccelerationStructure (rgbd_image.cpp)
407 << calculateDerivatives (rgbd_image.cpp)
414 << calculateIntensityDerivatives (rgbd_image.cpp)
378 << hasIntensity (rgbd_image.cpp)
444 << calculateDerivativeX (rgbd_image.cpp)
248 << calculateDerivativeYSseFloat (rgbd_image_sse.cpp)
433 << calculateDepthDerivatives (rgbd_image.cpp)
392 << hasDepth (rgbd_image.cpp)
444 << calculateDerivativeX (rgbd_image.cpp)
483 << calculateDerivativeY (rgbd_image.cpp)
76 << getMaximumNumberOfPoints (point_selection.cpp)
177 << level (rgbd_image.cpp)
49 << OptimizedSelfAdjointMatrix6x6f (math_sse.cpp)
402 << computeResidualsSse (dense_tracking_impl.cpp)
138 << computeResidualsSse (dense_tracking_impl.cpp)
	looping over all points (depthStdDevZ)
81 << IsFirstIterationOnLevel (dense_tracking_config.cpp)
607 << computeScaleSse (dense_tracking_impl.cpp)
581 << computeScalePart (dense_tracking_impl.cpp)
415 << computeCompleteDataLogLikelihood (dense_tracking_impl.cpp)
37 << initialize (least_squares.cpp)
54 << setZero (math_sse.cpp)
	Jacobian rank update loop...
80 << finish (least_squares.cpp)
199 << toEigen (math_sse.cpp)
105 << IterationsExceeded (dense_tracking_config.cpp)
402 << computeResidualsSse (dense_tracking_impl.cpp)
138 << computeResidualsSse (dense_tracking_impl.cpp)
	looping over all points (depthStdDevZ)
81 << IsFirstIterationOnLevel (dense_tracking_config.cpp)
677 << computeWeightsSse (dense_tracking_impl.cpp)
658 << computeWeight (dense_tracking_impl.cpp)
658 << computeWeight (dense_tracking_impl.cpp)
607 << computeScaleSse (dense_tracking_impl.cpp)
415 << computeCompleteDataLogLikelihood (dense_tracking_impl.cpp)
	Termination Criteria: LogLikelihood Decreased
105 << IterationsExceeded (dense_tracking_config.cpp)
177 << level (rgbd_image.cpp)
346 << camera (rgbd_image.cpp)
227 << intrinsics (rgbd_image.cpp)
99 << select (point_selection.cpp)
154 << compute (rgbd_image.cpp)
160 << build (rgbd_image.cpp)
177 << level (rgbd_image.cpp)
515 << buildPointCloud (rgbd_image.cpp)
392 << hasDepth (rgbd_image.cpp)
258 << buildPointCloud (rgbd_image.cpp)
251 << hasSameSize (rgbd_image.cpp)
552 << buildAccelerationStructure (rgbd_image.cpp)
171 << allocate (point_selection.cpp)
127 << selectPointsFromImage (point_selection.cpp)
552 << buildAccelerationStructure (rgbd_image.cpp)
407 << calculateDerivatives (rgbd_image.cpp)
414 << calculateIntensityDerivatives (rgbd_image.cpp)
378 << hasIntensity (rgbd_image.cpp)
444 << calculateDerivativeX (rgbd_image.cpp)
248 << calculateDerivativeYSseFloat (rgbd_image_sse.cpp)
433 << calculateDepthDerivatives (rgbd_image.cpp)
392 << hasDepth (rgbd_image.cpp)
444 << calculateDerivativeX (rgbd_image.cpp)
483 << calculateDerivativeY (rgbd_image.cpp)
76 << getMaximumNumberOfPoints (point_selection.cpp)
177 << level (rgbd_image.cpp)
49 << OptimizedSelfAdjointMatrix6x6f (math_sse.cpp)
402 << computeResidualsSse (dense_tracking_impl.cpp)
138 << computeResidualsSse (dense_tracking_impl.cpp)
	looping over all points (depthStdDevZ)
81 << IsFirstIterationOnLevel (dense_tracking_config.cpp)
607 << computeScaleSse (dense_tracking_impl.cpp)
581 << computeScalePart (dense_tracking_impl.cpp)
415 << computeCompleteDataLogLikelihood (dense_tracking_impl.cpp)
37 << initialize (least_squares.cpp)
54 << setZero (math_sse.cpp)
	Jacobian rank update loop...
80 << finish (least_squares.cpp)
199 << toEigen (math_sse.cpp)
105 << IterationsExceeded (dense_tracking_config.cpp)
402 << computeResidualsSse (dense_tracking_impl.cpp)
138 << computeResidualsSse (dense_tracking_impl.cpp)
	looping over all points (depthStdDevZ)
81 << IsFirstIterationOnLevel (dense_tracking_config.cpp)
677 << computeWeightsSse (dense_tracking_impl.cpp)
607 << computeScaleSse (dense_tracking_impl.cpp)
415 << computeCompleteDataLogLikelihood (dense_tracking_impl.cpp)
37 << initialize (least_squares.cpp)
54 << setZero (math_sse.cpp)
	Jacobian rank update loop...
80 << finish (least_squares.cpp)
199 << toEigen (math_sse.cpp)
105 << IterationsExceeded (dense_tracking_config.cpp)
402 << computeResidualsSse (dense_tracking_impl.cpp)
138 << computeResidualsSse (dense_tracking_impl.cpp)
	looping over all points (depthStdDevZ)
81 << IsFirstIterationOnLevel (dense_tracking_config.cpp)
677 << computeWeightsSse (dense_tracking_impl.cpp)
658 << computeWeight (dense_tracking_impl.cpp)
658 << computeWeight (dense_tracking_impl.cpp)
658 << computeWeight (dense_tracking_impl.cpp)
607 << computeScaleSse (dense_tracking_impl.cpp)
581 << computeScalePart (dense_tracking_impl.cpp)
415 << computeCompleteDataLogLikelihood (dense_tracking_impl.cpp)
37 << initialize (least_squares.cpp)
54 << setZero (math_sse.cpp)
	Jacobian rank update loop...
80 << finish (least_squares.cpp)
199 << toEigen (math_sse.cpp)
	Termination Criteria: Increment Too Small
105 << IterationsExceeded (dense_tracking_config.cpp)
177 << level (rgbd_image.cpp)
346 << camera (rgbd_image.cpp)
227 << intrinsics (rgbd_image.cpp)
99 << select (point_selection.cpp)
154 << compute (rgbd_image.cpp)
160 << build (rgbd_image.cpp)
177 << level (rgbd_image.cpp)
515 << buildPointCloud (rgbd_image.cpp)
392 << hasDepth (rgbd_image.cpp)
258 << buildPointCloud (rgbd_image.cpp)
251 << hasSameSize (rgbd_image.cpp)
552 << buildAccelerationStructure (rgbd_image.cpp)
171 << allocate (point_selection.cpp)
127 << selectPointsFromImage (point_selection.cpp)
552 << buildAccelerationStructure (rgbd_image.cpp)
407 << calculateDerivatives (rgbd_image.cpp)
414 << calculateIntensityDerivatives (rgbd_image.cpp)
378 << hasIntensity (rgbd_image.cpp)
444 << calculateDerivativeX (rgbd_image.cpp)
248 << calculateDerivativeYSseFloat (rgbd_image_sse.cpp)
433 << calculateDepthDerivatives (rgbd_image.cpp)
392 << hasDepth (rgbd_image.cpp)
444 << calculateDerivativeX (rgbd_image.cpp)
483 << calculateDerivativeY (rgbd_image.cpp)
76 << getMaximumNumberOfPoints (point_selection.cpp)
177 << level (rgbd_image.cpp)
49 << OptimizedSelfAdjointMatrix6x6f (math_sse.cpp)
402 << computeResidualsSse (dense_tracking_impl.cpp)
138 << computeResidualsSse (dense_tracking_impl.cpp)
	looping over all points (depthStdDevZ)
81 << IsFirstIterationOnLevel (dense_tracking_config.cpp)
607 << computeScaleSse (dense_tracking_impl.cpp)
415 << computeCompleteDataLogLikelihood (dense_tracking_impl.cpp)
37 << initialize (least_squares.cpp)
54 << setZero (math_sse.cpp)
	Jacobian rank update loop...
80 << finish (least_squares.cpp)
199 << toEigen (math_sse.cpp)
	Termination Criteria: Increment Too Small
105 << IterationsExceeded (dense_tracking_config.cpp)

Match Transformation: 
           1 -0.000330942 -0.000386199  0.000333506
 0.000331028            1  0.000221857  -0.00024413
 0.000386125 -0.000221985            1 -0.000276323
           0            0            0            1
96 << trajectory (camera_trajectory_visualizer.cpp)
71 << add (camera_trajectory_visualizer.cpp)
88 << camera (camera_trajectory_visualizer.cpp)
177 << level (rgbd_image.cpp)
51 << update (camera_trajectory_visualizer.cpp)
42 << show (camera_trajectory_visualizer.cpp)
325 << publishTransform (camera_dense_tracking.cpp)
340 << publishPose (camera_dense_tracking.cpp)
214 << handleImages (camera_dense_tracking.cpp)
91 << hasChanged (camera_dense_tracking.cpp)
295 << create (rgbd_image.cpp)

Number of cameras: 5
143 << RgbdImagePyramid (rgbd_image.cpp)
317 << level (rgbd_image.cpp)
303 << build (rgbd_image.cpp)
233 << create (rgbd_image.cpp)
336 << RgbdImage (rgbd_image.cpp)
251 << hasSameSize (rgbd_image.cpp)
352 << initialize (rgbd_image.cpp)
378 << hasIntensity (rgbd_image.cpp)
378 << hasIntensity (rgbd_image.cpp)
392 << hasDepth (rgbd_image.cpp)
378 << hasIntensity (rgbd_image.cpp)
392 << hasDepth (rgbd_image.cpp)
399 << hasSameImageSize (rgbd_image.cpp)
149 << ~RgbdImagePyramid (rgbd_image.cpp)
341 << ~RgbdImage (rgbd_image.cpp)
341 << ~RgbdImage (rgbd_image.cpp)
341 << ~RgbdImage (rgbd_image.cpp)
341 << ~RgbdImage (rgbd_image.cpp)
105 << match (dense_tracking.cpp)
120 << Result (dense_tracking_config.cpp)
131 << match (dense_tracking.cpp)
49 << getNumLevels (dense_tracking_config.cpp)
154 << compute (rgbd_image.cpp)
160 << build (rgbd_image.cpp)
57 << setRgbdImagePyramid (point_selection.cpp)
139 << match (dense_tracking.cpp)
49 << getNumLevels (dense_tracking_config.cpp)
154 << compute (rgbd_image.cpp)
160 << build (rgbd_image.cpp)
317 << level (rgbd_image.cpp)
303 << build (rgbd_image.cpp)
245 << create (rgbd_image.cpp)
336 << RgbdImage (rgbd_image.cpp)
41 << pyrDownMeanSmooth (rgbd_image.cpp)
127 << pyrDownSubsample (rgbd_image.cpp)
352 << initialize (rgbd_image.cpp)
378 << hasIntensity (rgbd_image.cpp)
378 << hasIntensity (rgbd_image.cpp)
392 << hasDepth (rgbd_image.cpp)
378 << hasIntensity (rgbd_image.cpp)
392 << hasDepth (rgbd_image.cpp)
399 << hasSameImageSize (rgbd_image.cpp)
317 << level (rgbd_image.cpp)
303 << build (rgbd_image.cpp)
245 << create (rgbd_image.cpp)
336 << RgbdImage (rgbd_image.cpp)
41 << pyrDownMeanSmooth (rgbd_image.cpp)
127 << pyrDownSubsample (rgbd_image.cpp)
352 << initialize (rgbd_image.cpp)
378 << hasIntensity (rgbd_image.cpp)
378 << hasIntensity (rgbd_image.cpp)
392 << hasDepth (rgbd_image.cpp)
378 << hasIntensity (rgbd_image.cpp)
392 << hasDepth (rgbd_image.cpp)
399 << hasSameImageSize (rgbd_image.cpp)
317 << level (rgbd_image.cpp)
303 << build (rgbd_image.cpp)
245 << create (rgbd_image.cpp)
336 << RgbdImage (rgbd_image.cpp)
41 << pyrDownMeanSmooth (rgbd_image.cpp)
127 << pyrDownSubsample (rgbd_image.cpp)
352 << initialize (rgbd_image.cpp)
378 << hasIntensity (rgbd_image.cpp)
378 << hasIntensity (rgbd_image.cpp)
392 << hasDepth (rgbd_image.cpp)
378 << hasIntensity (rgbd_image.cpp)
392 << hasDepth (rgbd_image.cpp)
399 << hasSameImageSize (rgbd_image.cpp)
129 << setIdentity (dense_tracking_config.cpp)
76 << getMaximumNumberOfPoints (point_selection.cpp)
177 << level (rgbd_image.cpp)
76 << getMaximumNumberOfPoints (point_selection.cpp)
177 << level (rgbd_image.cpp)
76 << getMaximumNumberOfPoints (point_selection.cpp)
177 << level (rgbd_image.cpp)
177 << level (rgbd_image.cpp)
346 << camera (rgbd_image.cpp)
227 << intrinsics (rgbd_image.cpp)
99 << select (point_selection.cpp)
154 << compute (rgbd_image.cpp)
160 << build (rgbd_image.cpp)
177 << level (rgbd_image.cpp)
515 << buildPointCloud (rgbd_image.cpp)
392 << hasDepth (rgbd_image.cpp)
258 << buildPointCloud (rgbd_image.cpp)
251 << hasSameSize (rgbd_image.cpp)
552 << buildAccelerationStructure (rgbd_image.cpp)
171 << allocate (point_selection.cpp)
127 << selectPointsFromImage (point_selection.cpp)
552 << buildAccelerationStructure (rgbd_image.cpp)
407 << calculateDerivatives (rgbd_image.cpp)
414 << calculateIntensityDerivatives (rgbd_image.cpp)
378 << hasIntensity (rgbd_image.cpp)
444 << calculateDerivativeX (rgbd_image.cpp)
248 << calculateDerivativeYSseFloat (rgbd_image_sse.cpp)
433 << calculateDepthDerivatives (rgbd_image.cpp)
392 << hasDepth (rgbd_image.cpp)
444 << calculateDerivativeX (rgbd_image.cpp)
483 << calculateDerivativeY (rgbd_image.cpp)
76 << getMaximumNumberOfPoints (point_selection.cpp)
177 << level (rgbd_image.cpp)
49 << OptimizedSelfAdjointMatrix6x6f (math_sse.cpp)
402 << computeResidualsSse (dense_tracking_impl.cpp)
138 << computeResidualsSse (dense_tracking_impl.cpp)
	looping over all points (depthStdDevZ)
81 << IsFirstIterationOnLevel (dense_tracking_config.cpp)
607 << computeScaleSse (dense_tracking_impl.cpp)
581 << computeScalePart (dense_tracking_impl.cpp)
415 << computeCompleteDataLogLikelihood (dense_tracking_impl.cpp)
37 << initialize (least_squares.cpp)
54 << setZero (math_sse.cpp)
	Jacobian rank update loop...
80 << finish (least_squares.cpp)
199 << toEigen (math_sse.cpp)
	Termination Criteria: Increment Too Small
105 << IterationsExceeded (dense_tracking_config.cpp)
177 << level (rgbd_image.cpp)
346 << camera (rgbd_image.cpp)
227 << intrinsics (rgbd_image.cpp)
99 << select (point_selection.cpp)
154 << compute (rgbd_image.cpp)
160 << build (rgbd_image.cpp)
177 << level (rgbd_image.cpp)
515 << buildPointCloud (rgbd_image.cpp)
392 << hasDepth (rgbd_image.cpp)
258 << buildPointCloud (rgbd_image.cpp)
251 << hasSameSize (rgbd_image.cpp)
552 << buildAccelerationStructure (rgbd_image.cpp)
171 << allocate (point_selection.cpp)
127 << selectPointsFromImage (point_selection.cpp)
552 << buildAccelerationStructure (rgbd_image.cpp)
407 << calculateDerivatives (rgbd_image.cpp)
414 << calculateIntensityDerivatives (rgbd_image.cpp)
378 << hasIntensity (rgbd_image.cpp)
444 << calculateDerivativeX (rgbd_image.cpp)
248 << calculateDerivativeYSseFloat (rgbd_image_sse.cpp)
433 << calculateDepthDerivatives (rgbd_image.cpp)
392 << hasDepth (rgbd_image.cpp)
444 << calculateDerivativeX (rgbd_image.cpp)
483 << calculateDerivativeY (rgbd_image.cpp)
76 << getMaximumNumberOfPoints (point_selection.cpp)
177 << level (rgbd_image.cpp)
49 << OptimizedSelfAdjointMatrix6x6f (math_sse.cpp)
402 << computeResidualsSse (dense_tracking_impl.cpp)
138 << computeResidualsSse (dense_tracking_impl.cpp)
	looping over all points (depthStdDevZ)
81 << IsFirstIterationOnLevel (dense_tracking_config.cpp)
607 << computeScaleSse (dense_tracking_impl.cpp)
581 << computeScalePart (dense_tracking_impl.cpp)
415 << computeCompleteDataLogLikelihood (dense_tracking_impl.cpp)
37 << initialize (least_squares.cpp)
54 << setZero (math_sse.cpp)
	Jacobian rank update loop...
80 << finish (least_squares.cpp)
199 << toEigen (math_sse.cpp)
	Termination Criteria: Increment Too Small
105 << IterationsExceeded (dense_tracking_config.cpp)
177 << level (rgbd_image.cpp)
346 << camera (rgbd_image.cpp)
227 << intrinsics (rgbd_image.cpp)
99 << select (point_selection.cpp)
154 << compute (rgbd_image.cpp)
160 << build (rgbd_image.cpp)
177 << level (rgbd_image.cpp)
515 << buildPointCloud (rgbd_image.cpp)
392 << hasDepth (rgbd_image.cpp)
258 << buildPointCloud (rgbd_image.cpp)
251 << hasSameSize (rgbd_image.cpp)
552 << buildAccelerationStructure (rgbd_image.cpp)
171 << allocate (point_selection.cpp)
127 << selectPointsFromImage (point_selection.cpp)
552 << buildAccelerationStructure (rgbd_image.cpp)
407 << calculateDerivatives (rgbd_image.cpp)
414 << calculateIntensityDerivatives (rgbd_image.cpp)
378 << hasIntensity (rgbd_image.cpp)
444 << calculateDerivativeX (rgbd_image.cpp)
248 << calculateDerivativeYSseFloat (rgbd_image_sse.cpp)
433 << calculateDepthDerivatives (rgbd_image.cpp)
392 << hasDepth (rgbd_image.cpp)
444 << calculateDerivativeX (rgbd_image.cpp)
483 << calculateDerivativeY (rgbd_image.cpp)
76 << getMaximumNumberOfPoints (point_selection.cpp)
177 << level (rgbd_image.cpp)
49 << OptimizedSelfAdjointMatrix6x6f (math_sse.cpp)
402 << computeResidualsSse (dense_tracking_impl.cpp)
138 << computeResidualsSse (dense_tracking_impl.cpp)
	looping over all points (depthStdDevZ)
81 << IsFirstIterationOnLevel (dense_tracking_config.cpp)
607 << computeScaleSse (dense_tracking_impl.cpp)
415 << computeCompleteDataLogLikelihood (dense_tracking_impl.cpp)
37 << initialize (least_squares.cpp)
54 << setZero (math_sse.cpp)
	Jacobian rank update loop...
80 << finish (least_squares.cpp)
199 << toEigen (math_sse.cpp)
	Termination Criteria: Increment Too Small
105 << IterationsExceeded (dense_tracking_config.cpp)

Match Transformation: 
1 0 0 0
0 1 0 0
0 0 1 0
0 0 0 1
96 << trajectory (camera_trajectory_visualizer.cpp)
71 << add (camera_trajectory_visualizer.cpp)
88 << camera (camera_trajectory_visualizer.cpp)
177 << level (rgbd_image.cpp)
51 << update (camera_trajectory_visualizer.cpp)
42 << show (camera_trajectory_visualizer.cpp)
325 << publishTransform (camera_dense_tracking.cpp)
340 << publishPose (camera_dense_tracking.cpp)
214 << handleImages (camera_dense_tracking.cpp)
91 << hasChanged (camera_dense_tracking.cpp)
295 << create (rgbd_image.cpp)

Number of cameras: 6
143 << RgbdImagePyramid (rgbd_image.cpp)
317 << level (rgbd_image.cpp)
303 << build (rgbd_image.cpp)
233 << create (rgbd_image.cpp)
336 << RgbdImage (rgbd_image.cpp)
251 << hasSameSize (rgbd_image.cpp)
352 << initialize (rgbd_image.cpp)
378 << hasIntensity (rgbd_image.cpp)
378 << hasIntensity (rgbd_image.cpp)
392 << hasDepth (rgbd_image.cpp)
378 << hasIntensity (rgbd_image.cpp)
392 << hasDepth (rgbd_image.cpp)
399 << hasSameImageSize (rgbd_image.cpp)
149 << ~RgbdImagePyramid (rgbd_image.cpp)
341 << ~RgbdImage (rgbd_image.cpp)
341 << ~RgbdImage (rgbd_image.cpp)
341 << ~RgbdImage (rgbd_image.cpp)
341 << ~RgbdImage (rgbd_image.cpp)
105 << match (dense_tracking.cpp)
120 << Result (dense_tracking_config.cpp)
131 << match (dense_tracking.cpp)
49 << getNumLevels (dense_tracking_config.cpp)
154 << compute (rgbd_image.cpp)
160 << build (rgbd_image.cpp)
57 << setRgbdImagePyramid (point_selection.cpp)
139 << match (dense_tracking.cpp)
49 << getNumLevels (dense_tracking_config.cpp)
154 << compute (rgbd_image.cpp)
160 << build (rgbd_image.cpp)
317 << level (rgbd_image.cpp)
303 << build (rgbd_image.cpp)
245 << create (rgbd_image.cpp)
336 << RgbdImage (rgbd_image.cpp)
41 << pyrDownMeanSmooth (rgbd_image.cpp)
127 << pyrDownSubsample (rgbd_image.cpp)
352 << initialize (rgbd_image.cpp)
378 << hasIntensity (rgbd_image.cpp)
378 << hasIntensity (rgbd_image.cpp)
392 << hasDepth (rgbd_image.cpp)
378 << hasIntensity (rgbd_image.cpp)
392 << hasDepth (rgbd_image.cpp)
399 << hasSameImageSize (rgbd_image.cpp)
317 << level (rgbd_image.cpp)
303 << build (rgbd_image.cpp)
245 << create (rgbd_image.cpp)
336 << RgbdImage (rgbd_image.cpp)
41 << pyrDownMeanSmooth (rgbd_image.cpp)
127 << pyrDownSubsample (rgbd_image.cpp)
352 << initialize (rgbd_image.cpp)
378 << hasIntensity (rgbd_image.cpp)
378 << hasIntensity (rgbd_image.cpp)
392 << hasDepth (rgbd_image.cpp)
378 << hasIntensity (rgbd_image.cpp)
392 << hasDepth (rgbd_image.cpp)
399 << hasSameImageSize (rgbd_image.cpp)
317 << level (rgbd_image.cpp)
303 << build (rgbd_image.cpp)
245 << create (rgbd_image.cpp)
336 << RgbdImage (rgbd_image.cpp)
41 << pyrDownMeanSmooth (rgbd_image.cpp)
127 << pyrDownSubsample (rgbd_image.cpp)
352 << initialize (rgbd_image.cpp)
378 << hasIntensity (rgbd_image.cpp)
378 << hasIntensity (rgbd_image.cpp)
392 << hasDepth (rgbd_image.cpp)
378 << hasIntensity (rgbd_image.cpp)
392 << hasDepth (rgbd_image.cpp)
399 << hasSameImageSize (rgbd_image.cpp)
129 << setIdentity (dense_tracking_config.cpp)
76 << getMaximumNumberOfPoints (point_selection.cpp)
177 << level (rgbd_image.cpp)
76 << getMaximumNumberOfPoints (point_selection.cpp)
177 << level (rgbd_image.cpp)
76 << getMaximumNumberOfPoints (point_selection.cpp)
177 << level (rgbd_image.cpp)
177 << level (rgbd_image.cpp)
346 << camera (rgbd_image.cpp)
227 << intrinsics (rgbd_image.cpp)
99 << select (point_selection.cpp)
154 << compute (rgbd_image.cpp)
160 << build (rgbd_image.cpp)
177 << level (rgbd_image.cpp)
515 << buildPointCloud (rgbd_image.cpp)
392 << hasDepth (rgbd_image.cpp)
258 << buildPointCloud (rgbd_image.cpp)
251 << hasSameSize (rgbd_image.cpp)
552 << buildAccelerationStructure (rgbd_image.cpp)
171 << allocate (point_selection.cpp)
127 << selectPointsFromImage (point_selection.cpp)
552 << buildAccelerationStructure (rgbd_image.cpp)
407 << calculateDerivatives (rgbd_image.cpp)
414 << calculateIntensityDerivatives (rgbd_image.cpp)
378 << hasIntensity (rgbd_image.cpp)
444 << calculateDerivativeX (rgbd_image.cpp)
248 << calculateDerivativeYSseFloat (rgbd_image_sse.cpp)
433 << calculateDepthDerivatives (rgbd_image.cpp)
392 << hasDepth (rgbd_image.cpp)
444 << calculateDerivativeX (rgbd_image.cpp)
483 << calculateDerivativeY (rgbd_image.cpp)
76 << getMaximumNumberOfPoints (point_selection.cpp)
177 << level (rgbd_image.cpp)
49 << OptimizedSelfAdjointMatrix6x6f (math_sse.cpp)
402 << computeResidualsSse (dense_tracking_impl.cpp)
138 << computeResidualsSse (dense_tracking_impl.cpp)
	looping over all points (depthStdDevZ)
81 << IsFirstIterationOnLevel (dense_tracking_config.cpp)
607 << computeScaleSse (dense_tracking_impl.cpp)
415 << computeCompleteDataLogLikelihood (dense_tracking_impl.cpp)
37 << initialize (least_squares.cpp)
54 << setZero (math_sse.cpp)
	Jacobian rank update loop...
80 << finish (least_squares.cpp)
199 << toEigen (math_sse.cpp)
105 << IterationsExceeded (dense_tracking_config.cpp)
402 << computeResidualsSse (dense_tracking_impl.cpp)
138 << computeResidualsSse (dense_tracking_impl.cpp)
	looping over all points (depthStdDevZ)
81 << IsFirstIterationOnLevel (dense_tracking_config.cpp)
677 << computeWeightsSse (dense_tracking_impl.cpp)
658 << computeWeight (dense_tracking_impl.cpp)
658 << computeWeight (dense_tracking_impl.cpp)
607 << computeScaleSse (dense_tracking_impl.cpp)
415 << computeCompleteDataLogLikelihood (dense_tracking_impl.cpp)
	Termination Criteria: LogLikelihood Decreased
105 << IterationsExceeded (dense_tracking_config.cpp)
177 << level (rgbd_image.cpp)
346 << camera (rgbd_image.cpp)
227 << intrinsics (rgbd_image.cpp)
99 << select (point_selection.cpp)
154 << compute (rgbd_image.cpp)
160 << build (rgbd_image.cpp)
177 << level (rgbd_image.cpp)
515 << buildPointCloud (rgbd_image.cpp)
392 << hasDepth (rgbd_image.cpp)
258 << buildPointCloud (rgbd_image.cpp)
251 << hasSameSize (rgbd_image.cpp)
552 << buildAccelerationStructure (rgbd_image.cpp)
171 << allocate (point_selection.cpp)
127 << selectPointsFromImage (point_selection.cpp)
552 << buildAccelerationStructure (rgbd_image.cpp)
407 << calculateDerivatives (rgbd_image.cpp)
414 << calculateIntensityDerivatives (rgbd_image.cpp)
378 << hasIntensity (rgbd_image.cpp)
444 << calculateDerivativeX (rgbd_image.cpp)
248 << calculateDerivativeYSseFloat (rgbd_image_sse.cpp)
433 << calculateDepthDerivatives (rgbd_image.cpp)
392 << hasDepth (rgbd_image.cpp)
444 << calculateDerivativeX (rgbd_image.cpp)
483 << calculateDerivativeY (rgbd_image.cpp)
76 << getMaximumNumberOfPoints (point_selection.cpp)
177 << level (rgbd_image.cpp)
49 << OptimizedSelfAdjointMatrix6x6f (math_sse.cpp)
402 << computeResidualsSse (dense_tracking_impl.cpp)
138 << computeResidualsSse (dense_tracking_impl.cpp)
	looping over all points (depthStdDevZ)
81 << IsFirstIterationOnLevel (dense_tracking_config.cpp)
607 << computeScaleSse (dense_tracking_impl.cpp)
415 << computeCompleteDataLogLikelihood (dense_tracking_impl.cpp)
37 << initialize (least_squares.cpp)
54 << setZero (math_sse.cpp)
	Jacobian rank update loop...
80 << finish (least_squares.cpp)
199 << toEigen (math_sse.cpp)
105 << IterationsExceeded (dense_tracking_config.cpp)
402 << computeResidualsSse (dense_tracking_impl.cpp)
138 << computeResidualsSse (dense_tracking_impl.cpp)
	looping over all points (depthStdDevZ)
81 << IsFirstIterationOnLevel (dense_tracking_config.cpp)
677 << computeWeightsSse (dense_tracking_impl.cpp)
658 << computeWeight (dense_tracking_impl.cpp)
658 << computeWeight (dense_tracking_impl.cpp)
658 << computeWeight (dense_tracking_impl.cpp)
607 << computeScaleSse (dense_tracking_impl.cpp)
581 << computeScalePart (dense_tracking_impl.cpp)
415 << computeCompleteDataLogLikelihood (dense_tracking_impl.cpp)
37 << initialize (least_squares.cpp)
54 << setZero (math_sse.cpp)
	Jacobian rank update loop...
80 << finish (least_squares.cpp)
199 << toEigen (math_sse.cpp)
	Termination Criteria: Increment Too Small
105 << IterationsExceeded (dense_tracking_config.cpp)
177 << level (rgbd_image.cpp)
346 << camera (rgbd_image.cpp)
227 << intrinsics (rgbd_image.cpp)
99 << select (point_selection.cpp)
154 << compute (rgbd_image.cpp)
160 << build (rgbd_image.cpp)
177 << level (rgbd_image.cpp)
515 << buildPointCloud (rgbd_image.cpp)
392 << hasDepth (rgbd_image.cpp)
258 << buildPointCloud (rgbd_image.cpp)
251 << hasSameSize (rgbd_image.cpp)
552 << buildAccelerationStructure (rgbd_image.cpp)
171 << allocate (point_selection.cpp)
127 << selectPointsFromImage (point_selection.cpp)
552 << buildAccelerationStructure (rgbd_image.cpp)
407 << calculateDerivatives (rgbd_image.cpp)
414 << calculateIntensityDerivatives (rgbd_image.cpp)
378 << hasIntensity (rgbd_image.cpp)
444 << calculateDerivativeX (rgbd_image.cpp)
248 << calculateDerivativeYSseFloat (rgbd_image_sse.cpp)
433 << calculateDepthDerivatives (rgbd_image.cpp)
392 << hasDepth (rgbd_image.cpp)
444 << calculateDerivativeX (rgbd_image.cpp)
483 << calculateDerivativeY (rgbd_image.cpp)
76 << getMaximumNumberOfPoints (point_selection.cpp)
177 << level (rgbd_image.cpp)
49 << OptimizedSelfAdjointMatrix6x6f (math_sse.cpp)
402 << computeResidualsSse (dense_tracking_impl.cpp)
138 << computeResidualsSse (dense_tracking_impl.cpp)
	looping over all points (depthStdDevZ)
81 << IsFirstIterationOnLevel (dense_tracking_config.cpp)
607 << computeScaleSse (dense_tracking_impl.cpp)
581 << computeScalePart (dense_tracking_impl.cpp)
415 << computeCompleteDataLogLikelihood (dense_tracking_impl.cpp)
37 << initialize (least_squares.cpp)
54 << setZero (math_sse.cpp)
	Jacobian rank update loop...
80 << finish (least_squares.cpp)
199 << toEigen (math_sse.cpp)
105 << IterationsExceeded (dense_tracking_config.cpp)
402 << computeResidualsSse (dense_tracking_impl.cpp)
138 << computeResidualsSse (dense_tracking_impl.cpp)
	looping over all points (depthStdDevZ)
81 << IsFirstIterationOnLevel (dense_tracking_config.cpp)
677 << computeWeightsSse (dense_tracking_impl.cpp)
658 << computeWeight (dense_tracking_impl.cpp)
607 << computeScaleSse (dense_tracking_impl.cpp)
581 << computeScalePart (dense_tracking_impl.cpp)
415 << computeCompleteDataLogLikelihood (dense_tracking_impl.cpp)
37 << initialize (least_squares.cpp)
54 << setZero (math_sse.cpp)
	Jacobian rank update loop...
80 << finish (least_squares.cpp)
199 << toEigen (math_sse.cpp)
	Termination Criteria: Increment Too Small
105 << IterationsExceeded (dense_tracking_config.cpp)

Match Transformation: 
           1 -6.19379e-05 -6.32374e-05  6.73162e-05
 6.19379e-05            1  3.67577e-07 -1.37115e-05
 6.32374e-05 -3.71494e-07            1 -2.74645e-05
           0            0            0            1
96 << trajectory (camera_trajectory_visualizer.cpp)
71 << add (camera_trajectory_visualizer.cpp)
88 << camera (camera_trajectory_visualizer.cpp)
177 << level (rgbd_image.cpp)
51 << update (camera_trajectory_visualizer.cpp)
42 << show (camera_trajectory_visualizer.cpp)
325 << publishTransform (camera_dense_tracking.cpp)
340 << publishPose (camera_dense_tracking.cpp)
214 << handleImages (camera_dense_tracking.cpp)
91 << hasChanged (camera_dense_tracking.cpp)
295 << create (rgbd_image.cpp)

Number of cameras: 7
143 << RgbdImagePyramid (rgbd_image.cpp)
317 << level (rgbd_image.cpp)
303 << build (rgbd_image.cpp)
233 << create (rgbd_image.cpp)
336 << RgbdImage (rgbd_image.cpp)
251 << hasSameSize (rgbd_image.cpp)
352 << initialize (rgbd_image.cpp)
378 << hasIntensity (rgbd_image.cpp)
378 << hasIntensity (rgbd_image.cpp)
392 << hasDepth (rgbd_image.cpp)
378 << hasIntensity (rgbd_image.cpp)
392 << hasDepth (rgbd_image.cpp)
399 << hasSameImageSize (rgbd_image.cpp)
149 << ~RgbdImagePyramid (rgbd_image.cpp)
341 << ~RgbdImage (rgbd_image.cpp)
341 << ~RgbdImage (rgbd_image.cpp)
341 << ~RgbdImage (rgbd_image.cpp)
341 << ~RgbdImage (rgbd_image.cpp)
105 << match (dense_tracking.cpp)
120 << Result (dense_tracking_config.cpp)
131 << match (dense_tracking.cpp)
49 << getNumLevels (dense_tracking_config.cpp)
154 << compute (rgbd_image.cpp)
160 << build (rgbd_image.cpp)
57 << setRgbdImagePyramid (point_selection.cpp)
139 << match (dense_tracking.cpp)
49 << getNumLevels (dense_tracking_config.cpp)
154 << compute (rgbd_image.cpp)
160 << build (rgbd_image.cpp)
317 << level (rgbd_image.cpp)
303 << build (rgbd_image.cpp)
245 << create (rgbd_image.cpp)
336 << RgbdImage (rgbd_image.cpp)
41 << pyrDownMeanSmooth (rgbd_image.cpp)
127 << pyrDownSubsample (rgbd_image.cpp)
352 << initialize (rgbd_image.cpp)
378 << hasIntensity (rgbd_image.cpp)
378 << hasIntensity (rgbd_image.cpp)
392 << hasDepth (rgbd_image.cpp)
378 << hasIntensity (rgbd_image.cpp)
392 << hasDepth (rgbd_image.cpp)
399 << hasSameImageSize (rgbd_image.cpp)
317 << level (rgbd_image.cpp)
303 << build (rgbd_image.cpp)
245 << create (rgbd_image.cpp)
336 << RgbdImage (rgbd_image.cpp)
41 << pyrDownMeanSmooth (rgbd_image.cpp)
127 << pyrDownSubsample (rgbd_image.cpp)
352 << initialize (rgbd_image.cpp)
378 << hasIntensity (rgbd_image.cpp)
378 << hasIntensity (rgbd_image.cpp)
392 << hasDepth (rgbd_image.cpp)
378 << hasIntensity (rgbd_image.cpp)
392 << hasDepth (rgbd_image.cpp)
399 << hasSameImageSize (rgbd_image.cpp)
317 << level (rgbd_image.cpp)
303 << build (rgbd_image.cpp)
245 << create (rgbd_image.cpp)
336 << RgbdImage (rgbd_image.cpp)
41 << pyrDownMeanSmooth (rgbd_image.cpp)
127 << pyrDownSubsample (rgbd_image.cpp)
352 << initialize (rgbd_image.cpp)
378 << hasIntensity (rgbd_image.cpp)
378 << hasIntensity (rgbd_image.cpp)
392 << hasDepth (rgbd_image.cpp)
378 << hasIntensity (rgbd_image.cpp)
392 << hasDepth (rgbd_image.cpp)
399 << hasSameImageSize (rgbd_image.cpp)
129 << setIdentity (dense_tracking_config.cpp)
76 << getMaximumNumberOfPoints (point_selection.cpp)
177 << level (rgbd_image.cpp)
76 << getMaximumNumberOfPoints (point_selection.cpp)
177 << level (rgbd_image.cpp)
76 << getMaximumNumberOfPoints (point_selection.cpp)
177 << level (rgbd_image.cpp)
177 << level (rgbd_image.cpp)
346 << camera (rgbd_image.cpp)
227 << intrinsics (rgbd_image.cpp)
99 << select (point_selection.cpp)
154 << compute (rgbd_image.cpp)
160 << build (rgbd_image.cpp)
177 << level (rgbd_image.cpp)
515 << buildPointCloud (rgbd_image.cpp)
392 << hasDepth (rgbd_image.cpp)
258 << buildPointCloud (rgbd_image.cpp)
251 << hasSameSize (rgbd_image.cpp)
552 << buildAccelerationStructure (rgbd_image.cpp)
171 << allocate (point_selection.cpp)
127 << selectPointsFromImage (point_selection.cpp)
552 << buildAccelerationStructure (rgbd_image.cpp)
407 << calculateDerivatives (rgbd_image.cpp)
414 << calculateIntensityDerivatives (rgbd_image.cpp)
378 << hasIntensity (rgbd_image.cpp)
444 << calculateDerivativeX (rgbd_image.cpp)
248 << calculateDerivativeYSseFloat (rgbd_image_sse.cpp)
433 << calculateDepthDerivatives (rgbd_image.cpp)
392 << hasDepth (rgbd_image.cpp)
444 << calculateDerivativeX (rgbd_image.cpp)
483 << calculateDerivativeY (rgbd_image.cpp)
76 << getMaximumNumberOfPoints (point_selection.cpp)
177 << level (rgbd_image.cpp)
49 << OptimizedSelfAdjointMatrix6x6f (math_sse.cpp)
402 << computeResidualsSse (dense_tracking_impl.cpp)
138 << computeResidualsSse (dense_tracking_impl.cpp)
	looping over all points (depthStdDevZ)
81 << IsFirstIterationOnLevel (dense_tracking_config.cpp)
607 << computeScaleSse (dense_tracking_impl.cpp)
415 << computeCompleteDataLogLikelihood (dense_tracking_impl.cpp)
37 << initialize (least_squares.cpp)
54 << setZero (math_sse.cpp)
	Jacobian rank update loop...
80 << finish (least_squares.cpp)
199 << toEigen (math_sse.cpp)
105 << IterationsExceeded (dense_tracking_config.cpp)
402 << computeResidualsSse (dense_tracking_impl.cpp)
138 << computeResidualsSse (dense_tracking_impl.cpp)
	looping over all points (depthStdDevZ)
81 << IsFirstIterationOnLevel (dense_tracking_config.cpp)
677 << computeWeightsSse (dense_tracking_impl.cpp)
658 << computeWeight (dense_tracking_impl.cpp)
658 << computeWeight (dense_tracking_impl.cpp)
658 << computeWeight (dense_tracking_impl.cpp)
607 << computeScaleSse (dense_tracking_impl.cpp)
581 << computeScalePart (dense_tracking_impl.cpp)
415 << computeCompleteDataLogLikelihood (dense_tracking_impl.cpp)
	Termination Criteria: LogLikelihood Decreased
105 << IterationsExceeded (dense_tracking_config.cpp)
177 << level (rgbd_image.cpp)
346 << camera (rgbd_image.cpp)
227 << intrinsics (rgbd_image.cpp)
99 << select (point_selection.cpp)
154 << compute (rgbd_image.cpp)
160 << build (rgbd_image.cpp)
177 << level (rgbd_image.cpp)
515 << buildPointCloud (rgbd_image.cpp)
392 << hasDepth (rgbd_image.cpp)
258 << buildPointCloud (rgbd_image.cpp)
251 << hasSameSize (rgbd_image.cpp)
552 << buildAccelerationStructure (rgbd_image.cpp)
171 << allocate (point_selection.cpp)
127 << selectPointsFromImage (point_selection.cpp)
552 << buildAccelerationStructure (rgbd_image.cpp)
407 << calculateDerivatives (rgbd_image.cpp)
414 << calculateIntensityDerivatives (rgbd_image.cpp)
378 << hasIntensity (rgbd_image.cpp)
444 << calculateDerivativeX (rgbd_image.cpp)
248 << calculateDerivativeYSseFloat (rgbd_image_sse.cpp)
433 << calculateDepthDerivatives (rgbd_image.cpp)
392 << hasDepth (rgbd_image.cpp)
444 << calculateDerivativeX (rgbd_image.cpp)
483 << calculateDerivativeY (rgbd_image.cpp)
76 << getMaximumNumberOfPoints (point_selection.cpp)
177 << level (rgbd_image.cpp)
49 << OptimizedSelfAdjointMatrix6x6f (math_sse.cpp)
402 << computeResidualsSse (dense_tracking_impl.cpp)
138 << computeResidualsSse (dense_tracking_impl.cpp)
	looping over all points (depthStdDevZ)
81 << IsFirstIterationOnLevel (dense_tracking_config.cpp)
607 << computeScaleSse (dense_tracking_impl.cpp)
581 << computeScalePart (dense_tracking_impl.cpp)
415 << computeCompleteDataLogLikelihood (dense_tracking_impl.cpp)
37 << initialize (least_squares.cpp)
54 << setZero (math_sse.cpp)
	Jacobian rank update loop...
80 << finish (least_squares.cpp)
199 << toEigen (math_sse.cpp)
105 << IterationsExceeded (dense_tracking_config.cpp)
402 << computeResidualsSse (dense_tracking_impl.cpp)
138 << computeResidualsSse (dense_tracking_impl.cpp)
	looping over all points (depthStdDevZ)
81 << IsFirstIterationOnLevel (dense_tracking_config.cpp)
677 << computeWeightsSse (dense_tracking_impl.cpp)
658 << computeWeight (dense_tracking_impl.cpp)
658 << computeWeight (dense_tracking_impl.cpp)
607 << computeScaleSse (dense_tracking_impl.cpp)
415 << computeCompleteDataLogLikelihood (dense_tracking_impl.cpp)
	Termination Criteria: LogLikelihood Decreased
105 << IterationsExceeded (dense_tracking_config.cpp)
177 << level (rgbd_image.cpp)
346 << camera (rgbd_image.cpp)
227 << intrinsics (rgbd_image.cpp)
99 << select (point_selection.cpp)
154 << compute (rgbd_image.cpp)
160 << build (rgbd_image.cpp)
177 << level (rgbd_image.cpp)
515 << buildPointCloud (rgbd_image.cpp)
392 << hasDepth (rgbd_image.cpp)
258 << buildPointCloud (rgbd_image.cpp)
251 << hasSameSize (rgbd_image.cpp)
552 << buildAccelerationStructure (rgbd_image.cpp)
171 << allocate (point_selection.cpp)
127 << selectPointsFromImage (point_selection.cpp)
552 << buildAccelerationStructure (rgbd_image.cpp)
407 << calculateDerivatives (rgbd_image.cpp)
414 << calculateIntensityDerivatives (rgbd_image.cpp)
378 << hasIntensity (rgbd_image.cpp)
444 << calculateDerivativeX (rgbd_image.cpp)
248 << calculateDerivativeYSseFloat (rgbd_image_sse.cpp)
433 << calculateDepthDerivatives (rgbd_image.cpp)
392 << hasDepth (rgbd_image.cpp)
444 << calculateDerivativeX (rgbd_image.cpp)
483 << calculateDerivativeY (rgbd_image.cpp)
76 << getMaximumNumberOfPoints (point_selection.cpp)
177 << level (rgbd_image.cpp)
49 << OptimizedSelfAdjointMatrix6x6f (math_sse.cpp)
402 << computeResidualsSse (dense_tracking_impl.cpp)
138 << computeResidualsSse (dense_tracking_impl.cpp)
	looping over all points (depthStdDevZ)
81 << IsFirstIterationOnLevel (dense_tracking_config.cpp)
607 << computeScaleSse (dense_tracking_impl.cpp)
415 << computeCompleteDataLogLikelihood (dense_tracking_impl.cpp)
37 << initialize (least_squares.cpp)
54 << setZero (math_sse.cpp)
	Jacobian rank update loop...
80 << finish (least_squares.cpp)
199 << toEigen (math_sse.cpp)
	Termination Criteria: Increment Too Small
105 << IterationsExceeded (dense_tracking_config.cpp)

Match Transformation: 
           1 -0.000103107  -0.00011317  0.000108843
  0.00010313            1  0.000204474 -0.000208483
 0.000113149 -0.000204486            1 -6.83836e-06
           0            0            0            1
96 << trajectory (camera_trajectory_visualizer.cpp)
71 << add (camera_trajectory_visualizer.cpp)
88 << camera (camera_trajectory_visualizer.cpp)
177 << level (rgbd_image.cpp)
51 << update (camera_trajectory_visualizer.cpp)
42 << show (camera_trajectory_visualizer.cpp)
325 << publishTransform (camera_dense_tracking.cpp)
340 << publishPose (camera_dense_tracking.cpp)
214 << handleImages (camera_dense_tracking.cpp)
91 << hasChanged (camera_dense_tracking.cpp)
295 << create (rgbd_image.cpp)

Number of cameras: 8
143 << RgbdImagePyramid (rgbd_image.cpp)
317 << level (rgbd_image.cpp)
303 << build (rgbd_image.cpp)
233 << create (rgbd_image.cpp)
336 << RgbdImage (rgbd_image.cpp)
251 << hasSameSize (rgbd_image.cpp)
352 << initialize (rgbd_image.cpp)
378 << hasIntensity (rgbd_image.cpp)
378 << hasIntensity (rgbd_image.cpp)
392 << hasDepth (rgbd_image.cpp)
378 << hasIntensity (rgbd_image.cpp)
392 << hasDepth (rgbd_image.cpp)
399 << hasSameImageSize (rgbd_image.cpp)
149 << ~RgbdImagePyramid (rgbd_image.cpp)
341 << ~RgbdImage (rgbd_image.cpp)
341 << ~RgbdImage (rgbd_image.cpp)
341 << ~RgbdImage (rgbd_image.cpp)
341 << ~RgbdImage (rgbd_image.cpp)
105 << match (dense_tracking.cpp)
120 << Result (dense_tracking_config.cpp)
131 << match (dense_tracking.cpp)
49 << getNumLevels (dense_tracking_config.cpp)
154 << compute (rgbd_image.cpp)
160 << build (rgbd_image.cpp)
57 << setRgbdImagePyramid (point_selection.cpp)
139 << match (dense_tracking.cpp)
49 << getNumLevels (dense_tracking_config.cpp)
154 << compute (rgbd_image.cpp)
160 << build (rgbd_image.cpp)
317 << level (rgbd_image.cpp)
303 << build (rgbd_image.cpp)
245 << create (rgbd_image.cpp)
336 << RgbdImage (rgbd_image.cpp)
41 << pyrDownMeanSmooth (rgbd_image.cpp)
127 << pyrDownSubsample (rgbd_image.cpp)
352 << initialize (rgbd_image.cpp)
378 << hasIntensity (rgbd_image.cpp)
378 << hasIntensity (rgbd_image.cpp)
392 << hasDepth (rgbd_image.cpp)
378 << hasIntensity (rgbd_image.cpp)
392 << hasDepth (rgbd_image.cpp)
399 << hasSameImageSize (rgbd_image.cpp)
317 << level (rgbd_image.cpp)
303 << build (rgbd_image.cpp)
245 << create (rgbd_image.cpp)
336 << RgbdImage (rgbd_image.cpp)
41 << pyrDownMeanSmooth (rgbd_image.cpp)
127 << pyrDownSubsample (rgbd_image.cpp)
352 << initialize (rgbd_image.cpp)
378 << hasIntensity (rgbd_image.cpp)
378 << hasIntensity (rgbd_image.cpp)
392 << hasDepth (rgbd_image.cpp)
378 << hasIntensity (rgbd_image.cpp)
392 << hasDepth (rgbd_image.cpp)
399 << hasSameImageSize (rgbd_image.cpp)
317 << level (rgbd_image.cpp)
303 << build (rgbd_image.cpp)
245 << create (rgbd_image.cpp)
336 << RgbdImage (rgbd_image.cpp)
41 << pyrDownMeanSmooth (rgbd_image.cpp)
127 << pyrDownSubsample (rgbd_image.cpp)
352 << initialize (rgbd_image.cpp)
378 << hasIntensity (rgbd_image.cpp)
378 << hasIntensity (rgbd_image.cpp)
392 << hasDepth (rgbd_image.cpp)
378 << hasIntensity (rgbd_image.cpp)
392 << hasDepth (rgbd_image.cpp)
399 << hasSameImageSize (rgbd_image.cpp)
129 << setIdentity (dense_tracking_config.cpp)
76 << getMaximumNumberOfPoints (point_selection.cpp)
177 << level (rgbd_image.cpp)
76 << getMaximumNumberOfPoints (point_selection.cpp)
177 << level (rgbd_image.cpp)
76 << getMaximumNumberOfPoints (point_selection.cpp)
177 << level (rgbd_image.cpp)
177 << level (rgbd_image.cpp)
346 << camera (rgbd_image.cpp)
227 << intrinsics (rgbd_image.cpp)
99 << select (point_selection.cpp)
154 << compute (rgbd_image.cpp)
160 << build (rgbd_image.cpp)
177 << level (rgbd_image.cpp)
515 << buildPointCloud (rgbd_image.cpp)
392 << hasDepth (rgbd_image.cpp)
258 << buildPointCloud (rgbd_image.cpp)
251 << hasSameSize (rgbd_image.cpp)
552 << buildAccelerationStructure (rgbd_image.cpp)
171 << allocate (point_selection.cpp)
127 << selectPointsFromImage (point_selection.cpp)
552 << buildAccelerationStructure (rgbd_image.cpp)
407 << calculateDerivatives (rgbd_image.cpp)
414 << calculateIntensityDerivatives (rgbd_image.cpp)
378 << hasIntensity (rgbd_image.cpp)
444 << calculateDerivativeX (rgbd_image.cpp)
248 << calculateDerivativeYSseFloat (rgbd_image_sse.cpp)
433 << calculateDepthDerivatives (rgbd_image.cpp)
392 << hasDepth (rgbd_image.cpp)
444 << calculateDerivativeX (rgbd_image.cpp)
483 << calculateDerivativeY (rgbd_image.cpp)
76 << getMaximumNumberOfPoints (point_selection.cpp)
177 << level (rgbd_image.cpp)
49 << OptimizedSelfAdjointMatrix6x6f (math_sse.cpp)
402 << computeResidualsSse (dense_tracking_impl.cpp)
138 << computeResidualsSse (dense_tracking_impl.cpp)
	looping over all points (depthStdDevZ)
81 << IsFirstIterationOnLevel (dense_tracking_config.cpp)
607 << computeScaleSse (dense_tracking_impl.cpp)
581 << computeScalePart (dense_tracking_impl.cpp)
415 << computeCompleteDataLogLikelihood (dense_tracking_impl.cpp)
37 << initialize (least_squares.cpp)
54 << setZero (math_sse.cpp)
	Jacobian rank update loop...
80 << finish (least_squares.cpp)
199 << toEigen (math_sse.cpp)
	Termination Criteria: Increment Too Small
105 << IterationsExceeded (dense_tracking_config.cpp)
177 << level (rgbd_image.cpp)
346 << camera (rgbd_image.cpp)
227 << intrinsics (rgbd_image.cpp)
99 << select (point_selection.cpp)
154 << compute (rgbd_image.cpp)
160 << build (rgbd_image.cpp)
177 << level (rgbd_image.cpp)
515 << buildPointCloud (rgbd_image.cpp)
392 << hasDepth (rgbd_image.cpp)
258 << buildPointCloud (rgbd_image.cpp)
251 << hasSameSize (rgbd_image.cpp)
552 << buildAccelerationStructure (rgbd_image.cpp)
171 << allocate (point_selection.cpp)
127 << selectPointsFromImage (point_selection.cpp)
552 << buildAccelerationStructure (rgbd_image.cpp)
407 << calculateDerivatives (rgbd_image.cpp)
414 << calculateIntensityDerivatives (rgbd_image.cpp)
378 << hasIntensity (rgbd_image.cpp)
444 << calculateDerivativeX (rgbd_image.cpp)
248 << calculateDerivativeYSseFloat (rgbd_image_sse.cpp)
433 << calculateDepthDerivatives (rgbd_image.cpp)
392 << hasDepth (rgbd_image.cpp)
444 << calculateDerivativeX (rgbd_image.cpp)
483 << calculateDerivativeY (rgbd_image.cpp)
76 << getMaximumNumberOfPoints (point_selection.cpp)
177 << level (rgbd_image.cpp)
49 << OptimizedSelfAdjointMatrix6x6f (math_sse.cpp)
402 << computeResidualsSse (dense_tracking_impl.cpp)
138 << computeResidualsSse (dense_tracking_impl.cpp)
	looping over all points (depthStdDevZ)
81 << IsFirstIterationOnLevel (dense_tracking_config.cpp)
607 << computeScaleSse (dense_tracking_impl.cpp)
581 << computeScalePart (dense_tracking_impl.cpp)
415 << computeCompleteDataLogLikelihood (dense_tracking_impl.cpp)
37 << initialize (least_squares.cpp)
54 << setZero (math_sse.cpp)
	Jacobian rank update loop...
80 << finish (least_squares.cpp)
199 << toEigen (math_sse.cpp)
105 << IterationsExceeded (dense_tracking_config.cpp)
402 << computeResidualsSse (dense_tracking_impl.cpp)
138 << computeResidualsSse (dense_tracking_impl.cpp)
	looping over all points (depthStdDevZ)
81 << IsFirstIterationOnLevel (dense_tracking_config.cpp)
677 << computeWeightsSse (dense_tracking_impl.cpp)
658 << computeWeight (dense_tracking_impl.cpp)
658 << computeWeight (dense_tracking_impl.cpp)
607 << computeScaleSse (dense_tracking_impl.cpp)
415 << computeCompleteDataLogLikelihood (dense_tracking_impl.cpp)
37 << initialize (least_squares.cpp)
54 << setZero (math_sse.cpp)
	Jacobian rank update loop...
80 << finish (least_squares.cpp)
199 << toEigen (math_sse.cpp)
	Termination Criteria: Increment Too Small
105 << IterationsExceeded (dense_tracking_config.cpp)
177 << level (rgbd_image.cpp)
346 << camera (rgbd_image.cpp)
227 << intrinsics (rgbd_image.cpp)
99 << select (point_selection.cpp)
154 << compute (rgbd_image.cpp)
160 << build (rgbd_image.cpp)
177 << level (rgbd_image.cpp)
515 << buildPointCloud (rgbd_image.cpp)
392 << hasDepth (rgbd_image.cpp)
258 << buildPointCloud (rgbd_image.cpp)
251 << hasSameSize (rgbd_image.cpp)
552 << buildAccelerationStructure (rgbd_image.cpp)
171 << allocate (point_selection.cpp)
127 << selectPointsFromImage (point_selection.cpp)
552 << buildAccelerationStructure (rgbd_image.cpp)
407 << calculateDerivatives (rgbd_image.cpp)
414 << calculateIntensityDerivatives (rgbd_image.cpp)
378 << hasIntensity (rgbd_image.cpp)
444 << calculateDerivativeX (rgbd_image.cpp)
248 << calculateDerivativeYSseFloat (rgbd_image_sse.cpp)
433 << calculateDepthDerivatives (rgbd_image.cpp)
392 << hasDepth (rgbd_image.cpp)
444 << calculateDerivativeX (rgbd_image.cpp)
483 << calculateDerivativeY (rgbd_image.cpp)
76 << getMaximumNumberOfPoints (point_selection.cpp)
177 << level (rgbd_image.cpp)
49 << OptimizedSelfAdjointMatrix6x6f (math_sse.cpp)
402 << computeResidualsSse (dense_tracking_impl.cpp)
138 << computeResidualsSse (dense_tracking_impl.cpp)
	looping over all points (depthStdDevZ)
81 << IsFirstIterationOnLevel (dense_tracking_config.cpp)
607 << computeScaleSse (dense_tracking_impl.cpp)
581 << computeScalePart (dense_tracking_impl.cpp)
415 << computeCompleteDataLogLikelihood (dense_tracking_impl.cpp)
37 << initialize (least_squares.cpp)
54 << setZero (math_sse.cpp)
	Jacobian rank update loop...
80 << finish (least_squares.cpp)
199 << toEigen (math_sse.cpp)
105 << IterationsExceeded (dense_tracking_config.cpp)
402 << computeResidualsSse (dense_tracking_impl.cpp)
138 << computeResidualsSse (dense_tracking_impl.cpp)
	looping over all points (depthStdDevZ)
81 << IsFirstIterationOnLevel (dense_tracking_config.cpp)
677 << computeWeightsSse (dense_tracking_impl.cpp)
607 << computeScaleSse (dense_tracking_impl.cpp)
415 << computeCompleteDataLogLikelihood (dense_tracking_impl.cpp)
37 << initialize (least_squares.cpp)
54 << setZero (math_sse.cpp)
	Jacobian rank update loop...
80 << finish (least_squares.cpp)
199 << toEigen (math_sse.cpp)
	Termination Criteria: Increment Too Small
105 << IterationsExceeded (dense_tracking_config.cpp)

Match Transformation: 
           1  -1.8064e-05 -2.65705e-05  9.65303e-06
 1.80648e-05            1  2.79635e-05 -6.12001e-05
   2.657e-05  -2.7964e-05            1  4.75331e-06
           0            0            0            1
96 << trajectory (camera_trajectory_visualizer.cpp)
71 << add (camera_trajectory_visualizer.cpp)
88 << camera (camera_trajectory_visualizer.cpp)
177 << level (rgbd_image.cpp)
51 << update (camera_trajectory_visualizer.cpp)
42 << show (camera_trajectory_visualizer.cpp)
325 << publishTransform (camera_dense_tracking.cpp)
340 << publishPose (camera_dense_tracking.cpp)
214 << handleImages (camera_dense_tracking.cpp)
91 << hasChanged (camera_dense_tracking.cpp)
295 << create (rgbd_image.cpp)

Number of cameras: 9
143 << RgbdImagePyramid (rgbd_image.cpp)
317 << level (rgbd_image.cpp)
303 << build (rgbd_image.cpp)
233 << create (rgbd_image.cpp)
336 << RgbdImage (rgbd_image.cpp)
251 << hasSameSize (rgbd_image.cpp)
352 << initialize (rgbd_image.cpp)
378 << hasIntensity (rgbd_image.cpp)
378 << hasIntensity (rgbd_image.cpp)
392 << hasDepth (rgbd_image.cpp)
378 << hasIntensity (rgbd_image.cpp)
392 << hasDepth (rgbd_image.cpp)
399 << hasSameImageSize (rgbd_image.cpp)
149 << ~RgbdImagePyramid (rgbd_image.cpp)
341 << ~RgbdImage (rgbd_image.cpp)
341 << ~RgbdImage (rgbd_image.cpp)
341 << ~RgbdImage (rgbd_image.cpp)
341 << ~RgbdImage (rgbd_image.cpp)
105 << match (dense_tracking.cpp)
120 << Result (dense_tracking_config.cpp)
131 << match (dense_tracking.cpp)
49 << getNumLevels (dense_tracking_config.cpp)
154 << compute (rgbd_image.cpp)
160 << build (rgbd_image.cpp)
57 << setRgbdImagePyramid (point_selection.cpp)
139 << match (dense_tracking.cpp)
49 << getNumLevels (dense_tracking_config.cpp)
154 << compute (rgbd_image.cpp)
160 << build (rgbd_image.cpp)
317 << level (rgbd_image.cpp)
303 << build (rgbd_image.cpp)
245 << create (rgbd_image.cpp)
336 << RgbdImage (rgbd_image.cpp)
41 << pyrDownMeanSmooth (rgbd_image.cpp)
127 << pyrDownSubsample (rgbd_image.cpp)
352 << initialize (rgbd_image.cpp)
378 << hasIntensity (rgbd_image.cpp)
378 << hasIntensity (rgbd_image.cpp)
392 << hasDepth (rgbd_image.cpp)
378 << hasIntensity (rgbd_image.cpp)
392 << hasDepth (rgbd_image.cpp)
399 << hasSameImageSize (rgbd_image.cpp)
317 << level (rgbd_image.cpp)
303 << build (rgbd_image.cpp)
245 << create (rgbd_image.cpp)
336 << RgbdImage (rgbd_image.cpp)
41 << pyrDownMeanSmooth (rgbd_image.cpp)
127 << pyrDownSubsample (rgbd_image.cpp)
352 << initialize (rgbd_image.cpp)
378 << hasIntensity (rgbd_image.cpp)
378 << hasIntensity (rgbd_image.cpp)
392 << hasDepth (rgbd_image.cpp)
378 << hasIntensity (rgbd_image.cpp)
392 << hasDepth (rgbd_image.cpp)
399 << hasSameImageSize (rgbd_image.cpp)
317 << level (rgbd_image.cpp)
303 << build (rgbd_image.cpp)
245 << create (rgbd_image.cpp)
336 << RgbdImage (rgbd_image.cpp)
41 << pyrDownMeanSmooth (rgbd_image.cpp)
127 << pyrDownSubsample (rgbd_image.cpp)
352 << initialize (rgbd_image.cpp)
378 << hasIntensity (rgbd_image.cpp)
378 << hasIntensity (rgbd_image.cpp)
392 << hasDepth (rgbd_image.cpp)
378 << hasIntensity (rgbd_image.cpp)
392 << hasDepth (rgbd_image.cpp)
399 << hasSameImageSize (rgbd_image.cpp)
129 << setIdentity (dense_tracking_config.cpp)
76 << getMaximumNumberOfPoints (point_selection.cpp)
177 << level (rgbd_image.cpp)
76 << getMaximumNumberOfPoints (point_selection.cpp)
177 << level (rgbd_image.cpp)
76 << getMaximumNumberOfPoints (point_selection.cpp)
177 << level (rgbd_image.cpp)
177 << level (rgbd_image.cpp)
346 << camera (rgbd_image.cpp)
227 << intrinsics (rgbd_image.cpp)
99 << select (point_selection.cpp)
154 << compute (rgbd_image.cpp)
160 << build (rgbd_image.cpp)
177 << level (rgbd_image.cpp)
515 << buildPointCloud (rgbd_image.cpp)
392 << hasDepth (rgbd_image.cpp)
258 << buildPointCloud (rgbd_image.cpp)
251 << hasSameSize (rgbd_image.cpp)
552 << buildAccelerationStructure (rgbd_image.cpp)
171 << allocate (point_selection.cpp)
127 << selectPointsFromImage (point_selection.cpp)
552 << buildAccelerationStructure (rgbd_image.cpp)
407 << calculateDerivatives (rgbd_image.cpp)
414 << calculateIntensityDerivatives (rgbd_image.cpp)
378 << hasIntensity (rgbd_image.cpp)
444 << calculateDerivativeX (rgbd_image.cpp)
248 << calculateDerivativeYSseFloat (rgbd_image_sse.cpp)
433 << calculateDepthDerivatives (rgbd_image.cpp)
392 << hasDepth (rgbd_image.cpp)
444 << calculateDerivativeX (rgbd_image.cpp)
483 << calculateDerivativeY (rgbd_image.cpp)
76 << getMaximumNumberOfPoints (point_selection.cpp)
177 << level (rgbd_image.cpp)
49 << OptimizedSelfAdjointMatrix6x6f (math_sse.cpp)
402 << computeResidualsSse (dense_tracking_impl.cpp)
138 << computeResidualsSse (dense_tracking_impl.cpp)
	looping over all points (depthStdDevZ)
81 << IsFirstIterationOnLevel (dense_tracking_config.cpp)
607 << computeScaleSse (dense_tracking_impl.cpp)
415 << computeCompleteDataLogLikelihood (dense_tracking_impl.cpp)
37 << initialize (least_squares.cpp)
54 << setZero (math_sse.cpp)
	Jacobian rank update loop...
80 << finish (least_squares.cpp)
199 << toEigen (math_sse.cpp)
105 << IterationsExceeded (dense_tracking_config.cpp)
402 << computeResidualsSse (dense_tracking_impl.cpp)
138 << computeResidualsSse (dense_tracking_impl.cpp)
	looping over all points (depthStdDevZ)
81 << IsFirstIterationOnLevel (dense_tracking_config.cpp)
677 << computeWeightsSse (dense_tracking_impl.cpp)
658 << computeWeight (dense_tracking_impl.cpp)
658 << computeWeight (dense_tracking_impl.cpp)
607 << computeScaleSse (dense_tracking_impl.cpp)
415 << computeCompleteDataLogLikelihood (dense_tracking_impl.cpp)
	Termination Criteria: LogLikelihood Decreased
105 << IterationsExceeded (dense_tracking_config.cpp)
177 << level (rgbd_image.cpp)
346 << camera (rgbd_image.cpp)
227 << intrinsics (rgbd_image.cpp)
99 << select (point_selection.cpp)
154 << compute (rgbd_image.cpp)
160 << build (rgbd_image.cpp)
177 << level (rgbd_image.cpp)
515 << buildPointCloud (rgbd_image.cpp)
392 << hasDepth (rgbd_image.cpp)
258 << buildPointCloud (rgbd_image.cpp)
251 << hasSameSize (rgbd_image.cpp)
552 << buildAccelerationStructure (rgbd_image.cpp)
171 << allocate (point_selection.cpp)
127 << selectPointsFromImage (point_selection.cpp)
552 << buildAccelerationStructure (rgbd_image.cpp)
407 << calculateDerivatives (rgbd_image.cpp)
414 << calculateIntensityDerivatives (rgbd_image.cpp)
378 << hasIntensity (rgbd_image.cpp)
444 << calculateDerivativeX (rgbd_image.cpp)
248 << calculateDerivativeYSseFloat (rgbd_image_sse.cpp)
433 << calculateDepthDerivatives (rgbd_image.cpp)
392 << hasDepth (rgbd_image.cpp)
444 << calculateDerivativeX (rgbd_image.cpp)
483 << calculateDerivativeY (rgbd_image.cpp)
76 << getMaximumNumberOfPoints (point_selection.cpp)
177 << level (rgbd_image.cpp)
49 << OptimizedSelfAdjointMatrix6x6f (math_sse.cpp)
402 << computeResidualsSse (dense_tracking_impl.cpp)
138 << computeResidualsSse (dense_tracking_impl.cpp)
	looping over all points (depthStdDevZ)
81 << IsFirstIterationOnLevel (dense_tracking_config.cpp)
607 << computeScaleSse (dense_tracking_impl.cpp)
581 << computeScalePart (dense_tracking_impl.cpp)
415 << computeCompleteDataLogLikelihood (dense_tracking_impl.cpp)
37 << initialize (least_squares.cpp)
54 << setZero (math_sse.cpp)
	Jacobian rank update loop...
80 << finish (least_squares.cpp)
199 << toEigen (math_sse.cpp)
105 << IterationsExceeded (dense_tracking_config.cpp)
402 << computeResidualsSse (dense_tracking_impl.cpp)
138 << computeResidualsSse (dense_tracking_impl.cpp)
	looping over all points (depthStdDevZ)
81 << IsFirstIterationOnLevel (dense_tracking_config.cpp)
677 << computeWeightsSse (dense_tracking_impl.cpp)
658 << computeWeight (dense_tracking_impl.cpp)
607 << computeScaleSse (dense_tracking_impl.cpp)
581 << computeScalePart (dense_tracking_impl.cpp)
415 << computeCompleteDataLogLikelihood (dense_tracking_impl.cpp)
37 << initialize (least_squares.cpp)
54 << setZero (math_sse.cpp)
	Jacobian rank update loop...
80 << finish (least_squares.cpp)
199 << toEigen (math_sse.cpp)
	Termination Criteria: Increment Too Small
105 << IterationsExceeded (dense_tracking_config.cpp)
177 << level (rgbd_image.cpp)
346 << camera (rgbd_image.cpp)
227 << intrinsics (rgbd_image.cpp)
99 << select (point_selection.cpp)
154 << compute (rgbd_image.cpp)
160 << build (rgbd_image.cpp)
177 << level (rgbd_image.cpp)
515 << buildPointCloud (rgbd_image.cpp)
392 << hasDepth (rgbd_image.cpp)
258 << buildPointCloud (rgbd_image.cpp)
251 << hasSameSize (rgbd_image.cpp)
552 << buildAccelerationStructure (rgbd_image.cpp)
171 << allocate (point_selection.cpp)
127 << selectPointsFromImage (point_selection.cpp)
552 << buildAccelerationStructure (rgbd_image.cpp)
407 << calculateDerivatives (rgbd_image.cpp)
414 << calculateIntensityDerivatives (rgbd_image.cpp)
378 << hasIntensity (rgbd_image.cpp)
444 << calculateDerivativeX (rgbd_image.cpp)
248 << calculateDerivativeYSseFloat (rgbd_image_sse.cpp)
433 << calculateDepthDerivatives (rgbd_image.cpp)
392 << hasDepth (rgbd_image.cpp)
444 << calculateDerivativeX (rgbd_image.cpp)
483 << calculateDerivativeY (rgbd_image.cpp)
76 << getMaximumNumberOfPoints (point_selection.cpp)
177 << level (rgbd_image.cpp)
49 << OptimizedSelfAdjointMatrix6x6f (math_sse.cpp)
402 << computeResidualsSse (dense_tracking_impl.cpp)
138 << computeResidualsSse (dense_tracking_impl.cpp)
	looping over all points (depthStdDevZ)
81 << IsFirstIterationOnLevel (dense_tracking_config.cpp)
607 << computeScaleSse (dense_tracking_impl.cpp)
415 << computeCompleteDataLogLikelihood (dense_tracking_impl.cpp)
37 << initialize (least_squares.cpp)
54 << setZero (math_sse.cpp)
	Jacobian rank update loop...
80 << finish (least_squares.cpp)
199 << toEigen (math_sse.cpp)
	Termination Criteria: Increment Too Small
105 << IterationsExceeded (dense_tracking_config.cpp)

Match Transformation: 
           1 -0.000119243 -0.000130519  0.000118325
 0.000119271            1  0.000213916 -0.000208214
 0.000130494 -0.000213931            1 -0.000108504
           0            0            0            1
96 << trajectory (camera_trajectory_visualizer.cpp)
71 << add (camera_trajectory_visualizer.cpp)
88 << camera (camera_trajectory_visualizer.cpp)
177 << level (rgbd_image.cpp)
51 << update (camera_trajectory_visualizer.cpp)
42 << show (camera_trajectory_visualizer.cpp)
325 << publishTransform (camera_dense_tracking.cpp)
340 << publishPose (camera_dense_tracking.cpp)
214 << handleImages (camera_dense_tracking.cpp)
91 << hasChanged (camera_dense_tracking.cpp)
295 << create (rgbd_image.cpp)

Number of cameras: 10
143 << RgbdImagePyramid (rgbd_image.cpp)
317 << level (rgbd_image.cpp)
303 << build (rgbd_image.cpp)
233 << create (rgbd_image.cpp)
336 << RgbdImage (rgbd_image.cpp)
251 << hasSameSize (rgbd_image.cpp)
352 << initialize (rgbd_image.cpp)
378 << hasIntensity (rgbd_image.cpp)
378 << hasIntensity (rgbd_image.cpp)
392 << hasDepth (rgbd_image.cpp)
378 << hasIntensity (rgbd_image.cpp)
392 << hasDepth (rgbd_image.cpp)
399 << hasSameImageSize (rgbd_image.cpp)
149 << ~RgbdImagePyramid (rgbd_image.cpp)
341 << ~RgbdImage (rgbd_image.cpp)
341 << ~RgbdImage (rgbd_image.cpp)
341 << ~RgbdImage (rgbd_image.cpp)
341 << ~RgbdImage (rgbd_image.cpp)
105 << match (dense_tracking.cpp)
120 << Result (dense_tracking_config.cpp)
131 << match (dense_tracking.cpp)
49 << getNumLevels (dense_tracking_config.cpp)
154 << compute (rgbd_image.cpp)
160 << build (rgbd_image.cpp)
57 << setRgbdImagePyramid (point_selection.cpp)
139 << match (dense_tracking.cpp)
49 << getNumLevels (dense_tracking_config.cpp)
154 << compute (rgbd_image.cpp)
160 << build (rgbd_image.cpp)
317 << level (rgbd_image.cpp)
303 << build (rgbd_image.cpp)
245 << create (rgbd_image.cpp)
336 << RgbdImage (rgbd_image.cpp)
41 << pyrDownMeanSmooth (rgbd_image.cpp)
127 << pyrDownSubsample (rgbd_image.cpp)
352 << initialize (rgbd_image.cpp)
378 << hasIntensity (rgbd_image.cpp)
378 << hasIntensity (rgbd_image.cpp)
392 << hasDepth (rgbd_image.cpp)
378 << hasIntensity (rgbd_image.cpp)
392 << hasDepth (rgbd_image.cpp)
399 << hasSameImageSize (rgbd_image.cpp)
317 << level (rgbd_image.cpp)
303 << build (rgbd_image.cpp)
245 << create (rgbd_image.cpp)
336 << RgbdImage (rgbd_image.cpp)
41 << pyrDownMeanSmooth (rgbd_image.cpp)
127 << pyrDownSubsample (rgbd_image.cpp)
352 << initialize (rgbd_image.cpp)
378 << hasIntensity (rgbd_image.cpp)
378 << hasIntensity (rgbd_image.cpp)
392 << hasDepth (rgbd_image.cpp)
378 << hasIntensity (rgbd_image.cpp)
392 << hasDepth (rgbd_image.cpp)
399 << hasSameImageSize (rgbd_image.cpp)
317 << level (rgbd_image.cpp)
303 << build (rgbd_image.cpp)
245 << create (rgbd_image.cpp)
336 << RgbdImage (rgbd_image.cpp)
41 << pyrDownMeanSmooth (rgbd_image.cpp)
127 << pyrDownSubsample (rgbd_image.cpp)
352 << initialize (rgbd_image.cpp)
378 << hasIntensity (rgbd_image.cpp)
378 << hasIntensity (rgbd_image.cpp)
392 << hasDepth (rgbd_image.cpp)
378 << hasIntensity (rgbd_image.cpp)
392 << hasDepth (rgbd_image.cpp)
399 << hasSameImageSize (rgbd_image.cpp)
129 << setIdentity (dense_tracking_config.cpp)
76 << getMaximumNumberOfPoints (point_selection.cpp)
177 << level (rgbd_image.cpp)
76 << getMaximumNumberOfPoints (point_selection.cpp)
177 << level (rgbd_image.cpp)
76 << getMaximumNumberOfPoints (point_selection.cpp)
177 << level (rgbd_image.cpp)
177 << level (rgbd_image.cpp)
346 << camera (rgbd_image.cpp)
227 << intrinsics (rgbd_image.cpp)
99 << select (point_selection.cpp)
154 << compute (rgbd_image.cpp)
160 << build (rgbd_image.cpp)
177 << level (rgbd_image.cpp)
515 << buildPointCloud (rgbd_image.cpp)
392 << hasDepth (rgbd_image.cpp)
258 << buildPointCloud (rgbd_image.cpp)
251 << hasSameSize (rgbd_image.cpp)
552 << buildAccelerationStructure (rgbd_image.cpp)
171 << allocate (point_selection.cpp)
127 << selectPointsFromImage (point_selection.cpp)
552 << buildAccelerationStructure (rgbd_image.cpp)
407 << calculateDerivatives (rgbd_image.cpp)
414 << calculateIntensityDerivatives (rgbd_image.cpp)
378 << hasIntensity (rgbd_image.cpp)
444 << calculateDerivativeX (rgbd_image.cpp)
248 << calculateDerivativeYSseFloat (rgbd_image_sse.cpp)
433 << calculateDepthDerivatives (rgbd_image.cpp)
392 << hasDepth (rgbd_image.cpp)
444 << calculateDerivativeX (rgbd_image.cpp)
483 << calculateDerivativeY (rgbd_image.cpp)
76 << getMaximumNumberOfPoints (point_selection.cpp)
177 << level (rgbd_image.cpp)
49 << OptimizedSelfAdjointMatrix6x6f (math_sse.cpp)
402 << computeResidualsSse (dense_tracking_impl.cpp)
138 << computeResidualsSse (dense_tracking_impl.cpp)
	looping over all points (depthStdDevZ)
81 << IsFirstIterationOnLevel (dense_tracking_config.cpp)
607 << computeScaleSse (dense_tracking_impl.cpp)
581 << computeScalePart (dense_tracking_impl.cpp)
415 << computeCompleteDataLogLikelihood (dense_tracking_impl.cpp)
37 << initialize (least_squares.cpp)
54 << setZero (math_sse.cpp)
	Jacobian rank update loop...
80 << finish (least_squares.cpp)
199 << toEigen (math_sse.cpp)
105 << IterationsExceeded (dense_tracking_config.cpp)
402 << computeResidualsSse (dense_tracking_impl.cpp)
138 << computeResidualsSse (dense_tracking_impl.cpp)
	looping over all points (depthStdDevZ)
81 << IsFirstIterationOnLevel (dense_tracking_config.cpp)
677 << computeWeightsSse (dense_tracking_impl.cpp)
658 << computeWeight (dense_tracking_impl.cpp)
607 << computeScaleSse (dense_tracking_impl.cpp)
581 << computeScalePart (dense_tracking_impl.cpp)
415 << computeCompleteDataLogLikelihood (dense_tracking_impl.cpp)
37 << initialize (least_squares.cpp)
54 << setZero (math_sse.cpp)
	Jacobian rank update loop...
80 << finish (least_squares.cpp)
199 << toEigen (math_sse.cpp)
105 << IterationsExceeded (dense_tracking_config.cpp)
402 << computeResidualsSse (dense_tracking_impl.cpp)
138 << computeResidualsSse (dense_tracking_impl.cpp)
	looping over all points (depthStdDevZ)
81 << IsFirstIterationOnLevel (dense_tracking_config.cpp)
677 << computeWeightsSse (dense_tracking_impl.cpp)
658 << computeWeight (dense_tracking_impl.cpp)
658 << computeWeight (dense_tracking_impl.cpp)
658 << computeWeight (dense_tracking_impl.cpp)
607 << computeScaleSse (dense_tracking_impl.cpp)
581 << computeScalePart (dense_tracking_impl.cpp)
415 << computeCompleteDataLogLikelihood (dense_tracking_impl.cpp)
	Termination Criteria: LogLikelihood Decreased
105 << IterationsExceeded (dense_tracking_config.cpp)
177 << level (rgbd_image.cpp)
346 << camera (rgbd_image.cpp)
227 << intrinsics (rgbd_image.cpp)
99 << select (point_selection.cpp)
154 << compute (rgbd_image.cpp)
160 << build (rgbd_image.cpp)
177 << level (rgbd_image.cpp)
515 << buildPointCloud (rgbd_image.cpp)
392 << hasDepth (rgbd_image.cpp)
258 << buildPointCloud (rgbd_image.cpp)
251 << hasSameSize (rgbd_image.cpp)
552 << buildAccelerationStructure (rgbd_image.cpp)
171 << allocate (point_selection.cpp)
127 << selectPointsFromImage (point_selection.cpp)
552 << buildAccelerationStructure (rgbd_image.cpp)
407 << calculateDerivatives (rgbd_image.cpp)
414 << calculateIntensityDerivatives (rgbd_image.cpp)
378 << hasIntensity (rgbd_image.cpp)
444 << calculateDerivativeX (rgbd_image.cpp)
248 << calculateDerivativeYSseFloat (rgbd_image_sse.cpp)
433 << calculateDepthDerivatives (rgbd_image.cpp)
392 << hasDepth (rgbd_image.cpp)
444 << calculateDerivativeX (rgbd_image.cpp)
483 << calculateDerivativeY (rgbd_image.cpp)
76 << getMaximumNumberOfPoints (point_selection.cpp)
177 << level (rgbd_image.cpp)
49 << OptimizedSelfAdjointMatrix6x6f (math_sse.cpp)
402 << computeResidualsSse (dense_tracking_impl.cpp)
138 << computeResidualsSse (dense_tracking_impl.cpp)
	looping over all points (depthStdDevZ)
81 << IsFirstIterationOnLevel (dense_tracking_config.cpp)
607 << computeScaleSse (dense_tracking_impl.cpp)
415 << computeCompleteDataLogLikelihood (dense_tracking_impl.cpp)
37 << initialize (least_squares.cpp)
54 << setZero (math_sse.cpp)
	Jacobian rank update loop...
80 << finish (least_squares.cpp)
199 << toEigen (math_sse.cpp)
105 << IterationsExceeded (dense_tracking_config.cpp)
402 << computeResidualsSse (dense_tracking_impl.cpp)
138 << computeResidualsSse (dense_tracking_impl.cpp)
	looping over all points (depthStdDevZ)
81 << IsFirstIterationOnLevel (dense_tracking_config.cpp)
677 << computeWeightsSse (dense_tracking_impl.cpp)
658 << computeWeight (dense_tracking_impl.cpp)
658 << computeWeight (dense_tracking_impl.cpp)
658 << computeWeight (dense_tracking_impl.cpp)
607 << computeScaleSse (dense_tracking_impl.cpp)
581 << computeScalePart (dense_tracking_impl.cpp)
415 << computeCompleteDataLogLikelihood (dense_tracking_impl.cpp)
	Termination Criteria: LogLikelihood Decreased
105 << IterationsExceeded (dense_tracking_config.cpp)
177 << level (rgbd_image.cpp)
346 << camera (rgbd_image.cpp)
227 << intrinsics (rgbd_image.cpp)
99 << select (point_selection.cpp)
154 << compute (rgbd_image.cpp)
160 << build (rgbd_image.cpp)
177 << level (rgbd_image.cpp)
515 << buildPointCloud (rgbd_image.cpp)
392 << hasDepth (rgbd_image.cpp)
258 << buildPointCloud (rgbd_image.cpp)
251 << hasSameSize (rgbd_image.cpp)
552 << buildAccelerationStructure (rgbd_image.cpp)
171 << allocate (point_selection.cpp)
127 << selectPointsFromImage (point_selection.cpp)
552 << buildAccelerationStructure (rgbd_image.cpp)
407 << calculateDerivatives (rgbd_image.cpp)
414 << calculateIntensityDerivatives (rgbd_image.cpp)
378 << hasIntensity (rgbd_image.cpp)
444 << calculateDerivativeX (rgbd_image.cpp)
248 << calculateDerivativeYSseFloat (rgbd_image_sse.cpp)
433 << calculateDepthDerivatives (rgbd_image.cpp)
392 << hasDepth (rgbd_image.cpp)
444 << calculateDerivativeX (rgbd_image.cpp)
483 << calculateDerivativeY (rgbd_image.cpp)
76 << getMaximumNumberOfPoints (point_selection.cpp)
177 << level (rgbd_image.cpp)
49 << OptimizedSelfAdjointMatrix6x6f (math_sse.cpp)
402 << computeResidualsSse (dense_tracking_impl.cpp)
138 << computeResidualsSse (dense_tracking_impl.cpp)
	looping over all points (depthStdDevZ)
81 << IsFirstIterationOnLevel (dense_tracking_config.cpp)
607 << computeScaleSse (dense_tracking_impl.cpp)
415 << computeCompleteDataLogLikelihood (dense_tracking_impl.cpp)
37 << initialize (least_squares.cpp)
54 << setZero (math_sse.cpp)
	Jacobian rank update loop...
80 << finish (least_squares.cpp)
199 << toEigen (math_sse.cpp)
	Termination Criteria: Increment Too Small
105 << IterationsExceeded (dense_tracking_config.cpp)

Match Transformation: 
           1  -0.00028598 -0.000274424   0.00023051
 0.000285998            1  6.65747e-05 -0.000197716
 0.000274405 -6.66532e-05            1 -0.000276661
           0            0            0            1
96 << trajectory (camera_trajectory_visualizer.cpp)
71 << add (camera_trajectory_visualizer.cpp)
88 << camera (camera_trajectory_visualizer.cpp)
177 << level (rgbd_image.cpp)
51 << update (camera_trajectory_visualizer.cpp)
42 << show (camera_trajectory_visualizer.cpp)
325 << publishTransform (camera_dense_tracking.cpp)
340 << publishPose (camera_dense_tracking.cpp)
85 << ~CameraDenseTracker (camera_dense_tracking.cpp)
83 << ~NoopCameraTrajectoryVisualizer (camera_trajectory_visualizer.cpp)
149 << ~RgbdImagePyramid (rgbd_image.cpp)
341 << ~RgbdImage (rgbd_image.cpp)
341 << ~RgbdImage (rgbd_image.cpp)
341 << ~RgbdImage (rgbd_image.cpp)
341 << ~RgbdImage (rgbd_image.cpp)
149 << ~RgbdImagePyramid (rgbd_image.cpp)
341 << ~RgbdImage (rgbd_image.cpp)
341 << ~RgbdImage (rgbd_image.cpp)
341 << ~RgbdImage (rgbd_image.cpp)
341 << ~RgbdImage (rgbd_image.cpp)
289 << ~RgbdCameraPyramid (rgbd_image.cpp)
210 << ~RgbdCamera (rgbd_image.cpp)
210 << ~RgbdCamera (rgbd_image.cpp)
210 << ~RgbdCamera (rgbd_image.cpp)
210 << ~RgbdCamera (rgbd_image.cpp)
44 << ~CameraBase (camera_base.cpp)
67 << stopSynchronizedImageStream (camera_base.cpp)
66 << ~NoopTrajectoryVisualizer (camera_trajectory_visualizer.cpp)
37 << ~NoopCameraVisualizer (camera_trajectory_visualizer.cpp)
